Initialized native services in: C:\Users\nghar\.gradle\native
Initialized jansi services in: C:\Users\nghar\.gradle\native
The client will now receive all logging from the daemon (pid: 38736). The daemon log file: C:\Users\nghar\.gradle\daemon\8.14.3\daemon-38736.out.log
Starting 3rd build in daemon [uptime: 1 mins 22.579 secs, performance: 99%, GC rate: 0.00/s, heap usage: 0% of 2 GiB, non-heap usage: 26% of 512 MiB]
Using 16 worker leases.
Not watching F:\git-repos\heal-log\frontend\android since the file system is not supported
Watching the file system is configured to be enabled if available
File system watching is active
Starting Build
Starting process 'command 'node''. Working directory: F:\git-repos\heal-log\frontend\android Command: node --print require.resolve('@react-native/gradle-plugin/package.json', { paths: [require.resolve('react-native/package.json')] })
Successfully started process 'command 'node''
Starting process 'command 'node''. Working directory: F:\git-repos\heal-log\frontend\android Command: node --print require.resolve('expo-modules-autolinking/package.json', { paths: [require.resolve('expo/package.json')] })
Successfully started process 'command 'node''
Not watching F:\git-repos\heal-log\frontend\node_modules\@react-native\gradle-plugin since the file system is not supported
Resolved plugin [id: 'org.gradle.toolchains.foojay-resolver-convention', version: '0.5.0']
Not watching F:\git-repos\heal-log\frontend\node_modules\expo-modules-autolinking\android\expo-gradle-plugin since the file system is not supported

> Configure project :gradle-plugin
Evaluating project ':gradle-plugin' using build file 'F:\git-repos\heal-log\frontend\node_modules\@react-native\gradle-plugin\build.gradle.kts'.
Resolved plugin [id: 'org.jetbrains.kotlin.jvm', version: '2.1.20', apply: false]

> Configure project :gradle-plugin:react-native-gradle-plugin
Evaluating project ':gradle-plugin:react-native-gradle-plugin' using build file 'F:\git-repos\heal-log\frontend\node_modules\@react-native\gradle-plugin\react-native-gradle-plugin\build.gradle.kts'.
Resolved plugin [id: 'org.jetbrains.kotlin.jvm', version: '2.1.20']
Resolved plugin [id: 'java-gradle-plugin']
Build 7e90d4b5-6dba-4781-ae7b-3acc3373a7a9 is started
Using Kotlin Gradle Plugin gradle85 variant
kotlin scripting plugin: created the scripting discovery configuration: kotlinScriptDef
kotlin scripting plugin: created the scripting discovery configuration: testKotlinScriptDef

> Configure project :gradle-plugin:settings-plugin
Evaluating project ':gradle-plugin:settings-plugin' using build file 'F:\git-repos\heal-log\frontend\node_modules\@react-native\gradle-plugin\settings-plugin\build.gradle.kts'.
Resolved plugin [id: 'org.jetbrains.kotlin.jvm', version: '2.1.20']
Resolved plugin [id: 'java-gradle-plugin']
Using Kotlin Gradle Plugin gradle85 variant
kotlin scripting plugin: created the scripting discovery configuration: kotlinScriptDef
kotlin scripting plugin: created the scripting discovery configuration: testKotlinScriptDef

> Configure project :gradle-plugin:shared
Evaluating project ':gradle-plugin:shared' using build file 'F:\git-repos\heal-log\frontend\node_modules\@react-native\gradle-plugin\shared\build.gradle.kts'.
Resolved plugin [id: 'org.jetbrains.kotlin.jvm', version: '2.1.20']
Using Kotlin Gradle Plugin gradle85 variant
kotlin scripting plugin: created the scripting discovery configuration: kotlinScriptDef
kotlin scripting plugin: created the scripting discovery configuration: testKotlinScriptDef

> Configure project :gradle-plugin:shared-testutil
Evaluating project ':gradle-plugin:shared-testutil' using build file 'F:\git-repos\heal-log\frontend\node_modules\@react-native\gradle-plugin\shared-testutil\build.gradle.kts'.
Resolved plugin [id: 'org.jetbrains.kotlin.jvm', version: '2.1.20']
Using Kotlin Gradle Plugin gradle85 variant
kotlin scripting plugin: created the scripting discovery configuration: kotlinScriptDef
kotlin scripting plugin: created the scripting discovery configuration: testKotlinScriptDef
Resolved plugin [id: 'com.facebook.react.settings']

> Configure project :expo-gradle-plugin
Evaluating project ':expo-gradle-plugin' using build file 'F:\git-repos\heal-log\frontend\node_modules\expo-modules-autolinking\android\expo-gradle-plugin\build.gradle.kts'.
Resolved plugin [id: 'org.jetbrains.kotlin.jvm', version: '2.1.20', apply: false]
Resolved plugin [id: 'java-gradle-plugin']

> Configure project :expo-gradle-plugin:expo-autolinking-plugin
Evaluating project ':expo-gradle-plugin:expo-autolinking-plugin' using build file 'F:\git-repos\heal-log\frontend\node_modules\expo-modules-autolinking\android\expo-gradle-plugin\expo-autolinking-plugin\build.gradle.kts'.
Resolved plugin [id: 'org.jetbrains.kotlin.jvm']
Resolved plugin [id: 'java-gradle-plugin']
Build c628186a-287b-4181-ab7d-b54facaa0c6c is started
Using Kotlin Gradle Plugin gradle85 variant
kotlin scripting plugin: created the scripting discovery configuration: kotlinScriptDef
kotlin scripting plugin: created the scripting discovery configuration: testKotlinScriptDef

> Configure project :expo-gradle-plugin:expo-autolinking-plugin-shared
Evaluating project ':expo-gradle-plugin:expo-autolinking-plugin-shared' using build file 'F:\git-repos\heal-log\frontend\node_modules\expo-modules-autolinking\android\expo-gradle-plugin\expo-autolinking-plugin-shared\build.gradle.kts'.
Resolved plugin [id: 'org.jetbrains.kotlin.jvm']
Resolved plugin [id: 'org.jetbrains.kotlin.plugin.serialization', version: '1.9.24']
Using Kotlin Gradle Plugin gradle85 variant
kotlin scripting plugin: created the scripting discovery configuration: kotlinScriptDef
kotlin scripting plugin: created the scripting discovery configuration: testKotlinScriptDef

> Configure project :expo-gradle-plugin:expo-autolinking-settings-plugin
Evaluating project ':expo-gradle-plugin:expo-autolinking-settings-plugin' using build file 'F:\git-repos\heal-log\frontend\node_modules\expo-modules-autolinking\android\expo-gradle-plugin\expo-autolinking-settings-plugin\build.gradle.kts'.
Resolved plugin [id: 'org.jetbrains.kotlin.jvm']
Resolved plugin [id: 'java-gradle-plugin']
Using Kotlin Gradle Plugin gradle85 variant
kotlin scripting plugin: created the scripting discovery configuration: kotlinScriptDef
kotlin scripting plugin: created the scripting discovery configuration: testKotlinScriptDef
Resolved plugin [id: 'expo-autolinking-settings']
Resolve mutations for :gradle-plugin:settings-plugin:checkKotlinGradlePluginConfigurationErrors (Thread[#669,Execution worker,5,main]) started.
Resolve mutations for :gradle-plugin:shared:checkKotlinGradlePluginConfigurationErrors (Thread[#670,Execution worker Thread 2,5,main]) started.
Resolve mutations for :expo-gradle-plugin:expo-autolinking-plugin-shared:checkKotlinGradlePluginConfigurationErrors (Thread[#671,Execution worker Thread 3,5,main]) started.
:gradle-plugin:settings-plugin:checkKotlinGradlePluginConfigurationErrors (Thread[#669,Execution worker,5,main]) started.
Resolve mutations for :expo-gradle-plugin:expo-autolinking-settings-plugin:checkKotlinGradlePluginConfigurationErrors (Thread[#674,Execution worker Thread 6,5,main]) started.
:gradle-plugin:shared:checkKotlinGradlePluginConfigurationErrors (Thread[#670,Execution worker Thread 2,5,main]) started.
:expo-gradle-plugin:expo-autolinking-settings-plugin:checkKotlinGradlePluginConfigurationErrors (Thread[#674,Execution worker Thread 6,5,main]) started.
:expo-gradle-plugin:expo-autolinking-plugin-shared:checkKotlinGradlePluginConfigurationErrors (Thread[#671,Execution worker Thread 3,5,main]) started.

> Task :gradle-plugin:settings-plugin:checkKotlinGradlePluginConfigurationErrors SKIPPED
Skipping task ':gradle-plugin:settings-plugin:checkKotlinGradlePluginConfigurationErrors' as task onlyIf 'errorDiagnostics are present' is false.

> Task :expo-gradle-plugin:expo-autolinking-plugin-shared:checkKotlinGradlePluginConfigurationErrors SKIPPED
Skipping task ':expo-gradle-plugin:expo-autolinking-plugin-shared:checkKotlinGradlePluginConfigurationErrors' as task onlyIf 'errorDiagnostics are present' is false.

> Task :expo-gradle-plugin:expo-autolinking-settings-plugin:checkKotlinGradlePluginConfigurationErrors SKIPPED
Skipping task ':expo-gradle-plugin:expo-autolinking-settings-plugin:checkKotlinGradlePluginConfigurationErrors' as task onlyIf 'errorDiagnostics are present' is false.

> Task :gradle-plugin:shared:checkKotlinGradlePluginConfigurationErrors SKIPPED
Skipping task ':gradle-plugin:shared:checkKotlinGradlePluginConfigurationErrors' as task onlyIf 'errorDiagnostics are present' is false.
Resolve mutations for :expo-gradle-plugin:expo-autolinking-plugin-shared:compileKotlin (Thread[#671,Execution worker Thread 3,5,main]) started.
Resolve mutations for :gradle-plugin:settings-plugin:pluginDescriptors (Thread[#669,Execution worker,5,main]) started.
Resolve mutations for :gradle-plugin:shared:compileKotlin (Thread[#670,Execution worker Thread 2,5,main]) started.
Resolve mutations for :expo-gradle-plugin:expo-autolinking-settings-plugin:pluginDescriptors (Thread[#674,Execution worker Thread 6,5,main]) started.
:gradle-plugin:settings-plugin:pluginDescriptors (Thread[#669,Execution worker,5,main]) started.
:expo-gradle-plugin:expo-autolinking-plugin-shared:compileKotlin (Thread[#671,Execution worker Thread 3,5,main]) started.

> Task :gradle-plugin:settings-plugin:pluginDescriptors UP-TO-DATE
Caching disabled for task ':gradle-plugin:settings-plugin:pluginDescriptors' because:
  Build cache is disabled
  Not worth caching
Skipping task ':gradle-plugin:settings-plugin:pluginDescriptors' as it is up-to-date.
Resolve mutations for :gradle-plugin:settings-plugin:processResources (Thread[#669,Execution worker,5,main]) started.
:gradle-plugin:shared:compileKotlin (Thread[#670,Execution worker Thread 2,5,main]) started.
:expo-gradle-plugin:expo-autolinking-settings-plugin:pluginDescriptors (Thread[#674,Execution worker Thread 6,5,main]) started.
:gradle-plugin:settings-plugin:processResources (Thread[#669,Execution worker,5,main]) started.

> Task :expo-gradle-plugin:expo-autolinking-settings-plugin:pluginDescriptors UP-TO-DATE
Caching disabled for task ':expo-gradle-plugin:expo-autolinking-settings-plugin:pluginDescriptors' because:
  Build cache is disabled
  Not worth caching
Skipping task ':expo-gradle-plugin:expo-autolinking-settings-plugin:pluginDescriptors' as it is up-to-date.
Resolve mutations for :expo-gradle-plugin:expo-autolinking-settings-plugin:processResources (Thread[#674,Execution worker Thread 6,5,main]) started.
:expo-gradle-plugin:expo-autolinking-settings-plugin:processResources (Thread[#674,Execution worker Thread 6,5,main]) started.

> Task :expo-gradle-plugin:expo-autolinking-settings-plugin:processResources UP-TO-DATE
Caching disabled for task ':expo-gradle-plugin:expo-autolinking-settings-plugin:processResources' because:
  Build cache is disabled
  Not worth caching
Skipping task ':expo-gradle-plugin:expo-autolinking-settings-plugin:processResources' as it is up-to-date.

> Task :gradle-plugin:settings-plugin:processResources UP-TO-DATE
Caching disabled for task ':gradle-plugin:settings-plugin:processResources' because:
  Build cache is disabled
  Not worth caching
Skipping task ':gradle-plugin:settings-plugin:processResources' as it is up-to-date.

> Task :gradle-plugin:shared:compileKotlin UP-TO-DATE
Caching disabled for task ':gradle-plugin:shared:compileKotlin' because:
  Build cache is disabled
Skipping task ':gradle-plugin:shared:compileKotlin' as it is up-to-date.
Resolve mutations for :gradle-plugin:shared:compileJava (Thread[#670,Execution worker Thread 2,5,main]) started.

> Task :expo-gradle-plugin:expo-autolinking-plugin-shared:compileKotlin UP-TO-DATE
Caching disabled for task ':expo-gradle-plugin:expo-autolinking-plugin-shared:compileKotlin' because:
  Build cache is disabled
Skipping task ':expo-gradle-plugin:expo-autolinking-plugin-shared:compileKotlin' as it is up-to-date.
Resolve mutations for :expo-gradle-plugin:expo-autolinking-plugin-shared:compileJava (Thread[#671,Execution worker Thread 3,5,main]) started.
:gradle-plugin:shared:compileJava (Thread[#670,Execution worker Thread 2,5,main]) started.
:expo-gradle-plugin:expo-autolinking-plugin-shared:compileJava (Thread[#671,Execution worker Thread 3,5,main]) started.

> Task :gradle-plugin:shared:compileJava NO-SOURCE
Skipping task ':gradle-plugin:shared:compileJava' as it has no source files and no previous output files.
Resolve mutations for :gradle-plugin:shared:processResources (Thread[#670,Execution worker Thread 2,5,main]) started.

> Task :expo-gradle-plugin:expo-autolinking-plugin-shared:compileJava NO-SOURCE
Skipping task ':expo-gradle-plugin:expo-autolinking-plugin-shared:compileJava' as it has no source files and no previous output files.
Resolve mutations for :expo-gradle-plugin:expo-autolinking-plugin-shared:processResources (Thread[#671,Execution worker Thread 3,5,main]) started.
:gradle-plugin:shared:processResources (Thread[#670,Execution worker Thread 2,5,main]) started.
:expo-gradle-plugin:expo-autolinking-plugin-shared:processResources (Thread[#671,Execution worker Thread 3,5,main]) started.

> Task :gradle-plugin:shared:processResources NO-SOURCE
Skipping task ':gradle-plugin:shared:processResources' as it has no source files and no previous output files.

> Task :expo-gradle-plugin:expo-autolinking-plugin-shared:processResources NO-SOURCE
Skipping task ':expo-gradle-plugin:expo-autolinking-plugin-shared:processResources' as it has no source files and no previous output files.
Resolve mutations for :gradle-plugin:shared:classes (Thread[#670,Execution worker Thread 2,5,main]) started.
Resolve mutations for :expo-gradle-plugin:expo-autolinking-plugin-shared:classes (Thread[#671,Execution worker Thread 3,5,main]) started.
:gradle-plugin:shared:classes (Thread[#669,Execution worker,5,main]) started.
:expo-gradle-plugin:expo-autolinking-plugin-shared:classes (Thread[#671,Execution worker Thread 3,5,main]) started.

> Task :gradle-plugin:shared:classes UP-TO-DATE
Skipping task ':gradle-plugin:shared:classes' as it has no actions.
Resolve mutations for :gradle-plugin:shared:jar (Thread[#669,Execution worker,5,main]) started.

> Task :expo-gradle-plugin:expo-autolinking-plugin-shared:classes UP-TO-DATE
Skipping task ':expo-gradle-plugin:expo-autolinking-plugin-shared:classes' as it has no actions.
Resolve mutations for :expo-gradle-plugin:expo-autolinking-plugin-shared:jar (Thread[#672,Execution worker Thread 4,5,main]) started.
:gradle-plugin:shared:jar (Thread[#669,Execution worker,5,main]) started.
:expo-gradle-plugin:expo-autolinking-plugin-shared:jar (Thread[#672,Execution worker Thread 4,5,main]) started.

> Task :gradle-plugin:shared:jar UP-TO-DATE
Caching disabled for task ':gradle-plugin:shared:jar' because:
  Build cache is disabled
  Not worth caching
Skipping task ':gradle-plugin:shared:jar' as it is up-to-date.

> Task :expo-gradle-plugin:expo-autolinking-plugin-shared:jar UP-TO-DATE
Caching disabled for task ':expo-gradle-plugin:expo-autolinking-plugin-shared:jar' because:
  Build cache is disabled
  Not worth caching
Skipping task ':expo-gradle-plugin:expo-autolinking-plugin-shared:jar' as it is up-to-date.
work action resolve expo-autolinking-plugin-shared-1.0.jar (project :expo-gradle-plugin:expo-autolinking-plugin-shared) (Thread[#672,Execution worker Thread 4,5,main]) started.
work action resolve shared.jar (project :gradle-plugin:shared) (Thread[#669,Execution worker,5,main]) started.
Resolve mutations for :gradle-plugin:settings-plugin:compileKotlin (Thread[#669,Execution worker,5,main]) started.
Resolve mutations for :expo-gradle-plugin:expo-autolinking-settings-plugin:compileKotlin (Thread[#672,Execution worker Thread 4,5,main]) started.
:gradle-plugin:settings-plugin:compileKotlin (Thread[#669,Execution worker,5,main]) started.
:expo-gradle-plugin:expo-autolinking-settings-plugin:compileKotlin (Thread[#672,Execution worker Thread 4,5,main]) started.

> Task :gradle-plugin:settings-plugin:compileKotlin UP-TO-DATE
Caching disabled for task ':gradle-plugin:settings-plugin:compileKotlin' because:
  Build cache is disabled
Skipping task ':gradle-plugin:settings-plugin:compileKotlin' as it is up-to-date.
Resolve mutations for :gradle-plugin:settings-plugin:compileJava (Thread[#669,Execution worker,5,main]) started.
:gradle-plugin:settings-plugin:compileJava (Thread[#669,Execution worker,5,main]) started.

> Task :gradle-plugin:settings-plugin:compileJava NO-SOURCE
Skipping task ':gradle-plugin:settings-plugin:compileJava' as it has no source files and no previous output files.
Resolve mutations for :gradle-plugin:settings-plugin:classes (Thread[#669,Execution worker,5,main]) started.
:gradle-plugin:settings-plugin:classes (Thread[#669,Execution worker,5,main]) started.

> Task :gradle-plugin:settings-plugin:classes UP-TO-DATE
Skipping task ':gradle-plugin:settings-plugin:classes' as it has no actions.
Resolve mutations for :gradle-plugin:settings-plugin:jar (Thread[#669,Execution worker,5,main]) started.
:gradle-plugin:settings-plugin:jar (Thread[#669,Execution worker,5,main]) started.

> Task :gradle-plugin:settings-plugin:jar UP-TO-DATE
Caching disabled for task ':gradle-plugin:settings-plugin:jar' because:
  Build cache is disabled
  Not worth caching
Skipping task ':gradle-plugin:settings-plugin:jar' as it is up-to-date.

> Task :expo-gradle-plugin:expo-autolinking-settings-plugin:compileKotlin UP-TO-DATE
Caching disabled for task ':expo-gradle-plugin:expo-autolinking-settings-plugin:compileKotlin' because:
  Build cache is disabled
Skipping task ':expo-gradle-plugin:expo-autolinking-settings-plugin:compileKotlin' as it is up-to-date.
Resolve mutations for :expo-gradle-plugin:expo-autolinking-settings-plugin:compileJava (Thread[#672,Execution worker Thread 4,5,main]) started.
:expo-gradle-plugin:expo-autolinking-settings-plugin:compileJava (Thread[#672,Execution worker Thread 4,5,main]) started.

> Task :expo-gradle-plugin:expo-autolinking-settings-plugin:compileJava NO-SOURCE
Skipping task ':expo-gradle-plugin:expo-autolinking-settings-plugin:compileJava' as it has no source files and no previous output files.
Resolve mutations for :expo-gradle-plugin:expo-autolinking-settings-plugin:classes (Thread[#672,Execution worker Thread 4,5,main]) started.
:expo-gradle-plugin:expo-autolinking-settings-plugin:classes (Thread[#675,Execution worker Thread 7,5,main]) started.

> Task :expo-gradle-plugin:expo-autolinking-settings-plugin:classes UP-TO-DATE
Skipping task ':expo-gradle-plugin:expo-autolinking-settings-plugin:classes' as it has no actions.
Resolve mutations for :expo-gradle-plugin:expo-autolinking-settings-plugin:jar (Thread[#675,Execution worker Thread 7,5,main]) started.
:expo-gradle-plugin:expo-autolinking-settings-plugin:jar (Thread[#675,Execution worker Thread 7,5,main]) started.

> Task :expo-gradle-plugin:expo-autolinking-settings-plugin:jar UP-TO-DATE
Caching disabled for task ':expo-gradle-plugin:expo-autolinking-settings-plugin:jar' because:
  Build cache is disabled
  Not worth caching
Skipping task ':expo-gradle-plugin:expo-autolinking-settings-plugin:jar' as it is up-to-date.
Starting process 'command 'node''. Working directory: F:\git-repos\heal-log\frontend\android Command: node --print require.resolve('expo-modules-autolinking/package.json', { paths: [require.resolve('expo/package.json')] })
Successfully started process 'command 'node''
Starting process 'command 'cmd''. Working directory: F:\git-repos\heal-log\frontend\android Command: cmd /c node --no-warnings --eval require(require.resolve('expo-modules-autolinking', { paths: [require.resolve('expo/package.json')] }))(process.argv.slice(1)) -- resolve --platform android --json
Successfully started process 'command 'cmd''
Starting process 'command 'node''. Working directory: F:\git-repos\heal-log\frontend\android Command: node --print require.resolve('react-native/package.json')
Successfully started process 'command 'node''
Starting process 'command 'node''. Working directory: F:\git-repos\heal-log\frontend\android Command: node --print require.resolve('@react-native/gradle-plugin/package.json', { paths: [require.resolve('react-native/package.json')] })
Successfully started process 'command 'node''
Settings evaluated using settings file 'F:\git-repos\heal-log\frontend\android\settings.gradle'.
Not watching F:\git-repos\heal-log\frontend\node_modules\expo-modules-core\expo-module-gradle-plugin since the file system is not supported
Projects loaded. Root project using build file 'F:\git-repos\heal-log\frontend\android\build.gradle'.
Included projects: [root project 'HealLog', project ':app', project ':expo', project ':expo-constants', project ':expo-modules-core', project ':nozbe_watermelondb', project ':react-native-async-storage_async-storage', project ':react-native-community_netinfo', project ':react-native-gesture-handler', project ':react-native-linear-gradient', project ':react-native-masked-view_masked-view', project ':react-native-reanimated', project ':react-native-safe-area-context', project ':react-native-screens', project ':react-native-webview', project ':react-native-worklets', project ':sentry_react-native']
Registering project ':expo-gradle-plugin' in composite build. Will substitute for module ':expo-gradle-plugin'.
Registering project ':expo-gradle-plugin:expo-autolinking-plugin' in composite build. Will substitute for module 'expo.modules:expo-autolinking-plugin'.
Registering project ':expo-gradle-plugin:expo-autolinking-plugin-shared' in composite build. Will substitute for module 'expo.modules:expo-autolinking-plugin-shared'.
Registering project ':expo-gradle-plugin:expo-autolinking-settings-plugin' in composite build. Will substitute for module 'expo.modules:expo-autolinking-settings-plugin'.

> Configure project :expo-module-gradle-plugin
Evaluating project ':expo-module-gradle-plugin' using build file 'F:\git-repos\heal-log\frontend\node_modules\expo-modules-core\expo-module-gradle-plugin\build.gradle.kts'.
Resolved plugin [id: 'org.jetbrains.kotlin.jvm', version: '2.1.20']
Resolved plugin [id: 'java-gradle-plugin']
Build 4681aab7-5e4c-4d0f-9b82-52109c50eeaa is started
Using Kotlin Gradle Plugin gradle85 variant
kotlin scripting plugin: created the scripting discovery configuration: kotlinScriptDef
kotlin scripting plugin: created the scripting discovery configuration: testKotlinScriptDef
Registering project ':expo-module-gradle-plugin' in composite build. Will substitute for module 'expo.modules:expo-module-gradle-plugin'.
Registering project ':gradle-plugin' in composite build. Will substitute for module ':gradle-plugin-root'.
Registering project ':gradle-plugin:react-native-gradle-plugin' in composite build. Will substitute for module 'com.facebook.react:react-native-gradle-plugin'.
Registering project ':gradle-plugin:settings-plugin' in composite build. Will substitute for module 'com.facebook.react:settings-plugin'.
Registering project ':gradle-plugin:shared' in composite build. Will substitute for module 'com.facebook.react:shared'.
Registering project ':gradle-plugin:shared-testutil' in composite build. Will substitute for module 'com.facebook.react:shared-testutil'.
Resolve mutations for :expo-gradle-plugin:expo-autolinking-plugin:checkKotlinGradlePluginConfigurationErrors (Thread[#670,Execution worker Thread 2,5,main]) started.
work action resolve expo-autolinking-plugin-shared-1.0.jar (project :expo-gradle-plugin:expo-autolinking-plugin-shared) (Thread[#676,Execution worker Thread 8,5,main]) started.
:expo-gradle-plugin:expo-autolinking-plugin:checkKotlinGradlePluginConfigurationErrors (Thread[#670,Execution worker Thread 2,5,main]) started.

> Task :expo-gradle-plugin:expo-autolinking-plugin:checkKotlinGradlePluginConfigurationErrors SKIPPED
Skipping task ':expo-gradle-plugin:expo-autolinking-plugin:checkKotlinGradlePluginConfigurationErrors' as task onlyIf 'errorDiagnostics are present' is false.
Resolve mutations for :expo-gradle-plugin:expo-autolinking-plugin:compileKotlin (Thread[#670,Execution worker Thread 2,5,main]) started.
:expo-gradle-plugin:expo-autolinking-plugin:compileKotlin (Thread[#670,Execution worker Thread 2,5,main]) started.

> Task :gradle-plugin:react-native-gradle-plugin:checkKotlinGradlePluginConfigurationErrors SKIPPED
Skipping task ':gradle-plugin:react-native-gradle-plugin:checkKotlinGradlePluginConfigurationErrors' as task onlyIf 'errorDiagnostics are present' is false.

> Task :expo-module-gradle-plugin:checkKotlinGradlePluginConfigurationErrors SKIPPED
Skipping task ':expo-module-gradle-plugin:checkKotlinGradlePluginConfigurationErrors' as task onlyIf 'errorDiagnostics are present' is false.

> Task :expo-module-gradle-plugin:pluginDescriptors UP-TO-DATE
Caching disabled for task ':expo-module-gradle-plugin:pluginDescriptors' because:
  Build cache is disabled
  Not worth caching
Skipping task ':expo-module-gradle-plugin:pluginDescriptors' as it is up-to-date.

> Task :expo-module-gradle-plugin:processResources UP-TO-DATE
Caching disabled for task ':expo-module-gradle-plugin:processResources' because:
  Build cache is disabled
  Not worth caching
Skipping task ':expo-module-gradle-plugin:processResources' as it is up-to-date.

> Task :expo-gradle-plugin:expo-autolinking-plugin:compileKotlin UP-TO-DATE
Caching disabled for task ':expo-gradle-plugin:expo-autolinking-plugin:compileKotlin' because:
  Build cache is disabled
Skipping task ':expo-gradle-plugin:expo-autolinking-plugin:compileKotlin' as it is up-to-date.
Resolve mutations for :expo-gradle-plugin:expo-autolinking-plugin:compileJava (Thread[#670,Execution worker Thread 2,5,main]) started.
:expo-gradle-plugin:expo-autolinking-plugin:compileJava (Thread[#670,Execution worker Thread 2,5,main]) started.

> Task :expo-gradle-plugin:expo-autolinking-plugin:compileJava NO-SOURCE
Skipping task ':expo-gradle-plugin:expo-autolinking-plugin:compileJava' as it has no source files and no previous output files.
Resolve mutations for :expo-gradle-plugin:expo-autolinking-plugin:pluginDescriptors (Thread[#670,Execution worker Thread 2,5,main]) started.
:expo-gradle-plugin:expo-autolinking-plugin:pluginDescriptors (Thread[#670,Execution worker Thread 2,5,main]) started.

> Task :expo-gradle-plugin:expo-autolinking-plugin:pluginDescriptors UP-TO-DATE
Caching disabled for task ':expo-gradle-plugin:expo-autolinking-plugin:pluginDescriptors' because:
  Build cache is disabled
  Not worth caching
Skipping task ':expo-gradle-plugin:expo-autolinking-plugin:pluginDescriptors' as it is up-to-date.
Resolve mutations for :expo-gradle-plugin:expo-autolinking-plugin:processResources (Thread[#670,Execution worker Thread 2,5,main]) started.
:expo-gradle-plugin:expo-autolinking-plugin:processResources (Thread[#670,Execution worker Thread 2,5,main]) started.

> Task :expo-gradle-plugin:expo-autolinking-plugin:processResources UP-TO-DATE
Caching disabled for task ':expo-gradle-plugin:expo-autolinking-plugin:processResources' because:
  Build cache is disabled
  Not worth caching
Skipping task ':expo-gradle-plugin:expo-autolinking-plugin:processResources' as it is up-to-date.
Resolve mutations for :expo-gradle-plugin:expo-autolinking-plugin:classes (Thread[#670,Execution worker Thread 2,5,main]) started.
:expo-gradle-plugin:expo-autolinking-plugin:classes (Thread[#670,Execution worker Thread 2,5,main]) started.

> Task :expo-gradle-plugin:expo-autolinking-plugin:classes UP-TO-DATE
Skipping task ':expo-gradle-plugin:expo-autolinking-plugin:classes' as it has no actions.
Resolve mutations for :expo-gradle-plugin:expo-autolinking-plugin:jar (Thread[#670,Execution worker Thread 2,5,main]) started.
:expo-gradle-plugin:expo-autolinking-plugin:jar (Thread[#670,Execution worker Thread 2,5,main]) started.

> Task :expo-gradle-plugin:expo-autolinking-plugin:jar UP-TO-DATE
Caching disabled for task ':expo-gradle-plugin:expo-autolinking-plugin:jar' because:
  Build cache is disabled
  Not worth caching
Skipping task ':expo-gradle-plugin:expo-autolinking-plugin:jar' as it is up-to-date.

> Task :gradle-plugin:react-native-gradle-plugin:compileKotlin UP-TO-DATE
Caching disabled for task ':gradle-plugin:react-native-gradle-plugin:compileKotlin' because:
  Build cache is disabled
Skipping task ':gradle-plugin:react-native-gradle-plugin:compileKotlin' as it is up-to-date.
other build task :gradle-plugin:react-native-gradle-plugin:compileKotlin (Thread[#682,Execution worker Thread 12,5,main]) started.

> Task :gradle-plugin:react-native-gradle-plugin:compileJava NO-SOURCE
Skipping task ':gradle-plugin:react-native-gradle-plugin:compileJava' as it has no source files and no previous output files.
other build task :gradle-plugin:react-native-gradle-plugin:compileJava (Thread[#682,Execution worker Thread 12,5,main]) started.
:gradle-plugin:react-native-gradle-plugin:pluginDescriptors (Thread[#672,Execution worker Thread 4,5,main]) started.

> Task :gradle-plugin:react-native-gradle-plugin:pluginDescriptors UP-TO-DATE
Caching disabled for task ':gradle-plugin:react-native-gradle-plugin:pluginDescriptors' because:
  Build cache is disabled
  Not worth caching
Skipping task ':gradle-plugin:react-native-gradle-plugin:pluginDescriptors' as it is up-to-date.
Resolve mutations for :gradle-plugin:react-native-gradle-plugin:processResources (Thread[#672,Execution worker Thread 4,5,main]) started.
:gradle-plugin:react-native-gradle-plugin:processResources (Thread[#672,Execution worker Thread 4,5,main]) started.

> Task :gradle-plugin:react-native-gradle-plugin:processResources UP-TO-DATE
Caching disabled for task ':gradle-plugin:react-native-gradle-plugin:processResources' because:
  Build cache is disabled
  Not worth caching
Skipping task ':gradle-plugin:react-native-gradle-plugin:processResources' as it is up-to-date.
Resolve mutations for :gradle-plugin:react-native-gradle-plugin:classes (Thread[#672,Execution worker Thread 4,5,main]) started.
:gradle-plugin:react-native-gradle-plugin:classes (Thread[#674,Execution worker Thread 6,5,main]) started.

> Task :gradle-plugin:react-native-gradle-plugin:classes UP-TO-DATE
Skipping task ':gradle-plugin:react-native-gradle-plugin:classes' as it has no actions.
Resolve mutations for :gradle-plugin:react-native-gradle-plugin:jar (Thread[#674,Execution worker Thread 6,5,main]) started.
:gradle-plugin:react-native-gradle-plugin:jar (Thread[#674,Execution worker Thread 6,5,main]) started.

> Task :gradle-plugin:react-native-gradle-plugin:jar UP-TO-DATE
Caching disabled for task ':gradle-plugin:react-native-gradle-plugin:jar' because:
  Build cache is disabled
  Not worth caching
Skipping task ':gradle-plugin:react-native-gradle-plugin:jar' as it is up-to-date.
work action resolve main (project :gradle-plugin:react-native-gradle-plugin) (Thread[#674,Execution worker Thread 6,5,main]) started.
work action resolve main (project :gradle-plugin:react-native-gradle-plugin) (Thread[#674,Execution worker Thread 6,5,main]) started.
Resolve mutations for :expo-module-gradle-plugin:compileKotlin (Thread[#674,Execution worker Thread 6,5,main]) started.
:expo-module-gradle-plugin:compileKotlin (Thread[#674,Execution worker Thread 6,5,main]) started.

> Task :expo-module-gradle-plugin:compileKotlin UP-TO-DATE
Caching disabled for task ':expo-module-gradle-plugin:compileKotlin' because:
  Build cache is disabled
Skipping task ':expo-module-gradle-plugin:compileKotlin' as it is up-to-date.
Resolve mutations for :expo-module-gradle-plugin:compileJava (Thread[#674,Execution worker Thread 6,5,main]) started.
:expo-module-gradle-plugin:compileJava (Thread[#674,Execution worker Thread 6,5,main]) started.

> Task :expo-module-gradle-plugin:compileJava NO-SOURCE
Skipping task ':expo-module-gradle-plugin:compileJava' as it has no source files and no previous output files.
Resolve mutations for :expo-module-gradle-plugin:classes (Thread[#674,Execution worker Thread 6,5,main]) started.
:expo-module-gradle-plugin:classes (Thread[#674,Execution worker Thread 6,5,main]) started.

> Task :expo-module-gradle-plugin:classes UP-TO-DATE
Skipping task ':expo-module-gradle-plugin:classes' as it has no actions.
Resolve mutations for :expo-module-gradle-plugin:jar (Thread[#674,Execution worker Thread 6,5,main]) started.
:expo-module-gradle-plugin:jar (Thread[#674,Execution worker Thread 6,5,main]) started.

> Task :expo-module-gradle-plugin:jar UP-TO-DATE
Caching disabled for task ':expo-module-gradle-plugin:jar' because:
  Build cache is disabled
  Not worth caching
Skipping task ':expo-module-gradle-plugin:jar' as it is up-to-date.

> Configure project :app
Evaluating project ':app' using build file 'F:\git-repos\heal-log\frontend\android\app\build.gradle'.
Using default execution profile
Build 16c310f9-1dd8-4ef0-b96d-50be0f737616 is started
Using Kotlin Gradle Plugin gradle85 variant
C/C++: android.ndkVersion from module build.gradle is [27.1.12297006]
C/C++: android.ndkPath from module build.gradle is not set
C/C++: ndk.dir in local.properties is not set
C/C++: Not considering ANDROID_NDK_HOME because support was removed after deprecation period.
C/C++: sdkFolder is C:\Users\nghar\AppData\Local\Android\Sdk
C/C++: android.ndkVersion from module build.gradle is [27.1.12297006]
C/C++: android.ndkPath from module build.gradle is not set
C/C++: ndk.dir in local.properties is not set
C/C++: Not considering ANDROID_NDK_HOME because support was removed after deprecation period.
C/C++: sdkFolder is C:\Users\nghar\AppData\Local\Android\Sdk
C/C++: android.ndkVersion from module build.gradle is [27.1.12297006]
C/C++: android.ndkPath from module build.gradle is not set
C/C++: ndk.dir in local.properties is not set
C/C++: Not considering ANDROID_NDK_HOME because support was removed after deprecation period.
C/C++: sdkFolder is C:\Users\nghar\AppData\Local\Android\Sdk
C/C++: android.ndkVersion from module build.gradle is [27.1.12297006]
C/C++: android.ndkPath from module build.gradle is not set
C/C++: ndk.dir in local.properties is not set
C/C++: Not considering ANDROID_NDK_HOME because support was removed after deprecation period.
C/C++: sdkFolder is C:\Users\nghar\AppData\Local\Android\Sdk
C/C++: android.ndkVersion from module build.gradle is [27.1.12297006]
C/C++: android.ndkPath from module build.gradle is not set
C/C++: ndk.dir in local.properties is not set
C/C++: Not considering ANDROID_NDK_HOME because support was removed after deprecation period.
C/C++: sdkFolder is C:\Users\nghar\AppData\Local\Android\Sdk
C/C++: android.ndkVersion from module build.gradle is [27.1.12297006]
C/C++: android.ndkPath from module build.gradle is not set
C/C++: ndk.dir in local.properties is not set
C/C++: Not considering ANDROID_NDK_HOME because support was removed after deprecation period.
C/C++: sdkFolder is C:\Users\nghar\AppData\Local\Android\Sdk
C/C++: android.ndkVersion from module build.gradle is [27.1.12297006]
C/C++: android.ndkPath from module build.gradle is not set
C/C++: ndk.dir in local.properties is not set
C/C++: Not considering ANDROID_NDK_HOME because support was removed after deprecation period.
C/C++: sdkFolder is C:\Users\nghar\AppData\Local\Android\Sdk
C/C++: android.ndkVersion from module build.gradle is [27.1.12297006]
C/C++: android.ndkPath from module build.gradle is not set
C/C++: ndk.dir in local.properties is not set
C/C++: Not considering ANDROID_NDK_HOME because support was removed after deprecation period.
C/C++: sdkFolder is C:\Users\nghar\AppData\Local\Android\Sdk
C/C++: android.ndkVersion from module build.gradle is [27.1.12297006]
C/C++: android.ndkPath from module build.gradle is not set
C/C++: ndk.dir in local.properties is not set
C/C++: Not considering ANDROID_NDK_HOME because support was removed after deprecation period.
C/C++: sdkFolder is C:\Users\nghar\AppData\Local\Android\Sdk
C/C++: android.ndkVersion from module build.gradle is [27.1.12297006]
C/C++: android.ndkPath from module build.gradle is not set
C/C++: ndk.dir in local.properties is not set
C/C++: Not considering ANDROID_NDK_HOME because support was removed after deprecation period.
C/C++: sdkFolder is C:\Users\nghar\AppData\Local\Android\Sdk
C/C++: android.ndkVersion from module build.gradle is [27.1.12297006]
C/C++: android.ndkPath from module build.gradle is not set
C/C++: ndk.dir in local.properties is not set
C/C++: Not considering ANDROID_NDK_HOME because support was removed after deprecation period.
C/C++: sdkFolder is C:\Users\nghar\AppData\Local\Android\Sdk
C/C++: android.ndkVersion from module build.gradle is [27.1.12297006]
C/C++: android.ndkPath from module build.gradle is not set
C/C++: ndk.dir in local.properties is not set
C/C++: Not considering ANDROID_NDK_HOME because support was removed after deprecation period.
C/C++: sdkFolder is C:\Users\nghar\AppData\Local\Android\Sdk
C/C++: android.ndkVersion from module build.gradle is [27.1.12297006]
C/C++: android.ndkPath from module build.gradle is not set
C/C++: ndk.dir in local.properties is not set
C/C++: Not considering ANDROID_NDK_HOME because support was removed after deprecation period.
C/C++: sdkFolder is C:\Users\nghar\AppData\Local\Android\Sdk
C/C++: android.ndkVersion from module build.gradle is [27.1.12297006]
C/C++: android.ndkPath from module build.gradle is not set
C/C++: ndk.dir in local.properties is not set
C/C++: Not considering ANDROID_NDK_HOME because support was removed after deprecation period.
C/C++: sdkFolder is C:\Users\nghar\AppData\Local\Android\Sdk
C/C++: android.ndkVersion from module build.gradle is [27.1.12297006]
C/C++: android.ndkPath from module build.gradle is not set
C/C++: ndk.dir in local.properties is not set
C/C++: Not considering ANDROID_NDK_HOME because support was removed after deprecation period.
C/C++: sdkFolder is C:\Users\nghar\AppData\Local\Android\Sdk
C/C++: android.ndkVersion from module build.gradle is [27.1.12297006]
C/C++: android.ndkPath from module build.gradle is not set
C/C++: ndk.dir in local.properties is not set
C/C++: Not considering ANDROID_NDK_HOME because support was removed after deprecation period.
C/C++: sdkFolder is C:\Users\nghar\AppData\Local\Android\Sdk
C/C++: android.ndkVersion from module build.gradle is [27.1.12297006]
C/C++: android.ndkPath from module build.gradle is not set
C/C++: ndk.dir in local.properties is not set
C/C++: Not considering ANDROID_NDK_HOME because support was removed after deprecation period.
C/C++: sdkFolder is C:\Users\nghar\AppData\Local\Android\Sdk
C/C++: android.ndkVersion from module build.gradle is [27.1.12297006]
C/C++: android.ndkPath from module build.gradle is not set
C/C++: ndk.dir in local.properties is not set
C/C++: Not considering ANDROID_NDK_HOME because support was removed after deprecation period.
C/C++: sdkFolder is C:\Users\nghar\AppData\Local\Android\Sdk
C/C++: android.ndkVersion from module build.gradle is [27.1.12297006]
C/C++: android.ndkPath from module build.gradle is not set
C/C++: ndk.dir in local.properties is not set
C/C++: Not considering ANDROID_NDK_HOME because support was removed after deprecation period.
C/C++: sdkFolder is C:\Users\nghar\AppData\Local\Android\Sdk

> Configure project :
Evaluating root project 'HealLog' using build file 'F:\git-repos\heal-log\frontend\android\build.gradle'.
Found project 'project :expo-gradle-plugin:expo-autolinking-plugin' as substitute for module 'expo.modules:expo-autolinking-plugin'.
Found project 'project :expo-module-gradle-plugin' as substitute for module 'expo.modules:expo-module-gradle-plugin'.
Found project 'project :gradle-plugin:react-native-gradle-plugin' as substitute for module 'com.facebook.react:react-native-gradle-plugin'.
Found project 'project :expo-gradle-plugin:expo-autolinking-plugin-shared' as substitute for module 'expo.modules:expo-autolinking-plugin-shared'.
Found project 'project :gradle-plugin:react-native-gradle-plugin' as substitute for module 'com.facebook.react:react-native-gradle-plugin'.
Found project 'project :expo-gradle-plugin:expo-autolinking-plugin-shared' as substitute for module 'expo.modules:expo-autolinking-plugin-shared'.
Ignoring listeners of task graph ready event, as this build (:expo-gradle-plugin) has already executed work.
Ignoring listeners of task graph ready event, as this build (:gradle-plugin) has already executed work.
Resolve mutations for :expo-module-gradle-plugin:checkKotlinGradlePluginConfigurationErrors (Thread[#668,included builds Thread 2,5,main]) started.
Resolve mutations for :gradle-plugin:react-native-gradle-plugin:checkKotlinGradlePluginConfigurationErrors (Thread[#787,included builds Thread 3,5,main]) started.
:gradle-plugin:react-native-gradle-plugin:checkKotlinGradlePluginConfigurationErrors (Thread[#787,included builds Thread 3,5,main]) started.
:expo-module-gradle-plugin:checkKotlinGradlePluginConfigurationErrors (Thread[#668,included builds Thread 2,5,main]) started.
Resolve mutations for :gradle-plugin:react-native-gradle-plugin:compileKotlin (Thread[#787,included builds Thread 3,5,main]) started.
Resolve mutations for :expo-module-gradle-plugin:pluginDescriptors (Thread[#668,included builds Thread 2,5,main]) started.
:expo-module-gradle-plugin:pluginDescriptors (Thread[#668,included builds Thread 2,5,main]) started.
:gradle-plugin:react-native-gradle-plugin:compileKotlin (Thread[#787,included builds Thread 3,5,main]) started.
Resolve mutations for :expo-module-gradle-plugin:processResources (Thread[#668,included builds Thread 2,5,main]) started.
:expo-module-gradle-plugin:processResources (Thread[#668,included builds Thread 2,5,main]) started.
Resolve mutations for :gradle-plugin:react-native-gradle-plugin:compileJava (Thread[#787,included builds Thread 3,5,main]) started.
:gradle-plugin:react-native-gradle-plugin:compileJava (Thread[#787,included builds Thread 3,5,main]) started.
Resolve mutations for :gradle-plugin:react-native-gradle-plugin:pluginDescriptors (Thread[#787,included builds Thread 3,5,main]) started.
[32m[ExpoRootProject][0m Using the following versions:
  - buildTools:  [32m36.0.0[0m
  - minSdk:      [32m24[0m
  - compileSdk:  [32m36[0m
  - targetSdk:   [32m36[0m
  - ndk:         [32m27.1.12297006[0m
  - kotlin:      [32m2.1.20[0m
  - ksp:         [32m2.1.20-2.0.1[0m

> Configure project :expo-constants
Evaluating project ':expo-constants' using build file 'F:\git-repos\heal-log\frontend\node_modules\expo-constants\android\build.gradle'.
Resolved plugin [id: 'com.android.library']
Resolved plugin [id: 'expo-module-gradle-plugin']
Using default execution profile
Using Kotlin Gradle Plugin gradle85 variant
Starting process 'command 'node''. Working directory: F:\git-repos\heal-log\frontend\node_modules\expo-constants\android Command: node -e console.log(require('path').dirname(require.resolve('expo-constants/package.json')));
Successfully started process 'command 'node''

> Configure project :expo-modules-core
Evaluating project ':expo-modules-core' using build file 'F:\git-repos\heal-log\frontend\node_modules\expo-modules-core\android\build.gradle'.
Using default execution profile
Using Kotlin Gradle Plugin gradle85 variant
Starting process 'command 'node''. Working directory: F:\git-repos\heal-log\frontend\android Command: node --print require.resolve('react-native/package.json')
Successfully started process 'command 'node''
C/C++: android.ndkVersion from module build.gradle is [27.1.12297006]
C/C++: android.ndkPath from module build.gradle is not set
C/C++: ndk.dir in local.properties is not set
C/C++: Not considering ANDROID_NDK_HOME because support was removed after deprecation period.
C/C++: sdkFolder is C:\Users\nghar\AppData\Local\Android\Sdk
C/C++: android.ndkVersion from module build.gradle is [27.1.12297006]
C/C++: android.ndkPath from module build.gradle is not set
C/C++: ndk.dir in local.properties is not set
C/C++: Not considering ANDROID_NDK_HOME because support was removed after deprecation period.
C/C++: sdkFolder is C:\Users\nghar\AppData\Local\Android\Sdk
C/C++: android.ndkVersion from module build.gradle is [27.1.12297006]
C/C++: android.ndkPath from module build.gradle is not set
C/C++: ndk.dir in local.properties is not set
C/C++: Not considering ANDROID_NDK_HOME because support was removed after deprecation period.
C/C++: sdkFolder is C:\Users\nghar\AppData\Local\Android\Sdk
C/C++: android.ndkVersion from module build.gradle is [27.1.12297006]
C/C++: android.ndkPath from module build.gradle is not set
C/C++: ndk.dir in local.properties is not set
C/C++: Not considering ANDROID_NDK_HOME because support was removed after deprecation period.
C/C++: sdkFolder is C:\Users\nghar\AppData\Local\Android\Sdk
C/C++: android.ndkVersion from module build.gradle is [27.1.12297006]
C/C++: android.ndkPath from module build.gradle is not set
C/C++: ndk.dir in local.properties is not set
C/C++: Not considering ANDROID_NDK_HOME because support was removed after deprecation period.
C/C++: sdkFolder is C:\Users\nghar\AppData\Local\Android\Sdk
C/C++: android.ndkVersion from module build.gradle is [27.1.12297006]
C/C++: android.ndkPath from module build.gradle is not set
C/C++: ndk.dir in local.properties is not set
C/C++: Not considering ANDROID_NDK_HOME because support was removed after deprecation period.
C/C++: sdkFolder is C:\Users\nghar\AppData\Local\Android\Sdk
C/C++: android.ndkVersion from module build.gradle is [27.1.12297006]
C/C++: android.ndkPath from module build.gradle is not set
C/C++: ndk.dir in local.properties is not set
C/C++: Not considering ANDROID_NDK_HOME because support was removed after deprecation period.
C/C++: sdkFolder is C:\Users\nghar\AppData\Local\Android\Sdk
C/C++: android.ndkVersion from module build.gradle is [27.1.12297006]
C/C++: android.ndkPath from module build.gradle is not set
C/C++: ndk.dir in local.properties is not set
C/C++: Not considering ANDROID_NDK_HOME because support was removed after deprecation period.
C/C++: sdkFolder is C:\Users\nghar\AppData\Local\Android\Sdk
C/C++: android.ndkVersion from module build.gradle is [27.1.12297006]
C/C++: android.ndkPath from module build.gradle is not set
C/C++: ndk.dir in local.properties is not set
C/C++: Not considering ANDROID_NDK_HOME because support was removed after deprecation period.
C/C++: sdkFolder is C:\Users\nghar\AppData\Local\Android\Sdk
C/C++: android.ndkVersion from module build.gradle is [27.1.12297006]
C/C++: android.ndkPath from module build.gradle is not set
C/C++: ndk.dir in local.properties is not set
C/C++: Not considering ANDROID_NDK_HOME because support was removed after deprecation period.
C/C++: sdkFolder is C:\Users\nghar\AppData\Local\Android\Sdk
C/C++: android.ndkVersion from module build.gradle is [27.1.12297006]
C/C++: android.ndkPath from module build.gradle is not set
C/C++: ndk.dir in local.properties is not set
C/C++: Not considering ANDROID_NDK_HOME because support was removed after deprecation period.
C/C++: sdkFolder is C:\Users\nghar\AppData\Local\Android\Sdk
C/C++: android.ndkVersion from module build.gradle is [27.1.12297006]
C/C++: android.ndkPath from module build.gradle is not set
C/C++: ndk.dir in local.properties is not set
C/C++: Not considering ANDROID_NDK_HOME because support was removed after deprecation period.
C/C++: sdkFolder is C:\Users\nghar\AppData\Local\Android\Sdk
C/C++: android.ndkVersion from module build.gradle is [27.1.12297006]
C/C++: android.ndkPath from module build.gradle is not set
C/C++: ndk.dir in local.properties is not set
C/C++: Not considering ANDROID_NDK_HOME because support was removed after deprecation period.
C/C++: sdkFolder is C:\Users\nghar\AppData\Local\Android\Sdk

> Configure project :expo
Evaluating project ':expo' using build file 'F:\git-repos\heal-log\frontend\node_modules\expo\android\build.gradle'.
Using default execution profile
Using Kotlin Gradle Plugin gradle85 variant

Using expo modules
  - [32mexpo-constants[0m (18.0.12)
  - [32mexpo-modules-core[0m (3.0.29)
  - [33m[ðŸ“¦][0m [32mexpo-asset[0m (12.0.11)
  - [33m[ðŸ“¦][0m [32mexpo-blur[0m (15.0.8)
  - [33m[ðŸ“¦][0m [32mexpo-contacts[0m (15.0.11)
  - [33m[ðŸ“¦][0m [32mexpo-crypto[0m (15.0.8)
  - [33m[ðŸ“¦][0m [32mexpo-device[0m (8.0.10)
  - [33m[ðŸ“¦][0m [32mexpo-file-system[0m (19.0.21)
  - [33m[ðŸ“¦][0m [32mexpo-font[0m (14.0.10)
  - [33m[ðŸ“¦][0m [32mexpo-haptics[0m (15.0.8)
  - [33m[ðŸ“¦][0m [32mexpo-image[0m (3.0.11)
  - [33m[ðŸ“¦][0m [32mexpo-image-loader[0m (6.0.0)
  - [33m[ðŸ“¦][0m [32mexpo-image-manipulator[0m (14.0.8)
  - [33m[ðŸ“¦][0m [32mexpo-image-picker[0m (17.0.10)
  - [33m[ðŸ“¦][0m [32mexpo-keep-awake[0m (15.0.8)
  - [33m[ðŸ“¦][0m [32mexpo-linking[0m (8.0.10)
  - [33m[ðŸ“¦][0m [32mexpo-local-authentication[0m (17.0.8)
  - [33m[ðŸ“¦][0m [32mexpo-secure-store[0m (15.0.8)
  - [33m[ðŸ“¦][0m [32mexpo-splash-screen[0m (31.0.12)
  - [33m[ðŸ“¦][0m [32mexpo-system-ui[0m (6.0.9)
  - [33m[ðŸ“¦][0m [32mexpo-web-browser[0m (15.0.10)


> Configure project :nozbe_watermelondb
Evaluating project ':nozbe_watermelondb' using build file 'F:\git-repos\heal-log\frontend\node_modules\@nozbe\watermelondb\native\android\build.gradle'.
Using default execution profile
Using Kotlin Gradle Plugin gradle85 variant

> Configure project :react-native-async-storage_async-storage
Evaluating project ':react-native-async-storage_async-storage' using build file 'F:\git-repos\heal-log\frontend\node_modules\@react-native-async-storage\async-storage\android\build.gradle'.
Using default execution profile
[AsyncStorage] Config used: {kotlinVersion=2.1.20, kspVersion=1.9.24-1.0.20, roomVersion=2.6.1, minSdkVersion=24, targetSdkVersion=36, compileSdkVersion=36, useNextStorage=false, databaseSizeMB=6, isNewArchitectureEnabled=true, useDedicatedExecutor=false}

> Configure project :react-native-community_netinfo
Evaluating project ':react-native-community_netinfo' using build file 'F:\git-repos\heal-log\frontend\node_modules\@react-native-community\netinfo\android\build.gradle'.
Using default execution profile

> Configure project :react-native-gesture-handler
Evaluating project ':react-native-gesture-handler' using build file 'F:\git-repos\heal-log\frontend\node_modules\react-native-gesture-handler\android\build.gradle'.
Using default execution profile
Using Kotlin Gradle Plugin gradle85 variant
Starting process 'command 'node''. Working directory: F:\git-repos\heal-log\frontend\android Command: node --print require.resolve('react-native/package.json')
Successfully started process 'command 'node''
C/C++: android.ndkVersion from module build.gradle is [27.1.12297006]
C/C++: android.ndkPath from module build.gradle is not set
C/C++: ndk.dir in local.properties is not set
C/C++: Not considering ANDROID_NDK_HOME because support was removed after deprecation period.
C/C++: sdkFolder is C:\Users\nghar\AppData\Local\Android\Sdk
C/C++: android.ndkVersion from module build.gradle is [27.1.12297006]
C/C++: android.ndkPath from module build.gradle is not set
C/C++: ndk.dir in local.properties is not set
C/C++: Not considering ANDROID_NDK_HOME because support was removed after deprecation period.
C/C++: sdkFolder is C:\Users\nghar\AppData\Local\Android\Sdk
C/C++: android.ndkVersion from module build.gradle is [27.1.12297006]
C/C++: android.ndkPath from module build.gradle is not set
C/C++: ndk.dir in local.properties is not set
C/C++: Not considering ANDROID_NDK_HOME because support was removed after deprecation period.
C/C++: sdkFolder is C:\Users\nghar\AppData\Local\Android\Sdk
C/C++: android.ndkVersion from module build.gradle is [27.1.12297006]
C/C++: android.ndkPath from module build.gradle is not set
C/C++: ndk.dir in local.properties is not set
C/C++: Not considering ANDROID_NDK_HOME because support was removed after deprecation period.
C/C++: sdkFolder is C:\Users\nghar\AppData\Local\Android\Sdk
C/C++: android.ndkVersion from module build.gradle is [27.1.12297006]
C/C++: android.ndkPath from module build.gradle is not set
C/C++: ndk.dir in local.properties is not set
C/C++: Not considering ANDROID_NDK_HOME because support was removed after deprecation period.
C/C++: sdkFolder is C:\Users\nghar\AppData\Local\Android\Sdk
C/C++: android.ndkVersion from module build.gradle is [27.1.12297006]
C/C++: android.ndkPath from module build.gradle is not set
C/C++: ndk.dir in local.properties is not set
C/C++: Not considering ANDROID_NDK_HOME because support was removed after deprecation period.
C/C++: sdkFolder is C:\Users\nghar\AppData\Local\Android\Sdk
C/C++: android.ndkVersion from module build.gradle is [27.1.12297006]
C/C++: android.ndkPath from module build.gradle is not set
C/C++: ndk.dir in local.properties is not set
C/C++: Not considering ANDROID_NDK_HOME because support was removed after deprecation period.
C/C++: sdkFolder is C:\Users\nghar\AppData\Local\Android\Sdk
C/C++: android.ndkVersion from module build.gradle is [27.1.12297006]
C/C++: android.ndkPath from module build.gradle is not set
C/C++: ndk.dir in local.properties is not set
C/C++: Not considering ANDROID_NDK_HOME because support was removed after deprecation period.
C/C++: sdkFolder is C:\Users\nghar\AppData\Local\Android\Sdk
C/C++: android.ndkVersion from module build.gradle is [27.1.12297006]
C/C++: android.ndkPath from module build.gradle is not set
C/C++: ndk.dir in local.properties is not set
C/C++: Not considering ANDROID_NDK_HOME because support was removed after deprecation period.
C/C++: sdkFolder is C:\Users\nghar\AppData\Local\Android\Sdk
C/C++: android.ndkVersion from module build.gradle is [27.1.12297006]
C/C++: android.ndkPath from module build.gradle is not set
C/C++: ndk.dir in local.properties is not set
C/C++: Not considering ANDROID_NDK_HOME because support was removed after deprecation period.
C/C++: sdkFolder is C:\Users\nghar\AppData\Local\Android\Sdk
C/C++: android.ndkVersion from module build.gradle is [27.1.12297006]
C/C++: android.ndkPath from module build.gradle is not set
C/C++: ndk.dir in local.properties is not set
C/C++: Not considering ANDROID_NDK_HOME because support was removed after deprecation period.
C/C++: sdkFolder is C:\Users\nghar\AppData\Local\Android\Sdk
C/C++: android.ndkVersion from module build.gradle is [27.1.12297006]
C/C++: android.ndkPath from module build.gradle is not set
C/C++: ndk.dir in local.properties is not set
C/C++: Not considering ANDROID_NDK_HOME because support was removed after deprecation period.
C/C++: sdkFolder is C:\Users\nghar\AppData\Local\Android\Sdk
C/C++: android.ndkVersion from module build.gradle is [27.1.12297006]
C/C++: android.ndkPath from module build.gradle is not set
C/C++: ndk.dir in local.properties is not set
C/C++: Not considering ANDROID_NDK_HOME because support was removed after deprecation period.
C/C++: sdkFolder is C:\Users\nghar\AppData\Local\Android\Sdk

> Configure project :react-native-linear-gradient
Evaluating project ':react-native-linear-gradient' using build file 'F:\git-repos\heal-log\frontend\node_modules\react-native-linear-gradient\android\build.gradle'.
Using default execution profile

> Configure project :react-native-masked-view_masked-view
Evaluating project ':react-native-masked-view_masked-view' using build file 'F:\git-repos\heal-log\frontend\node_modules\@react-native-masked-view\masked-view\android\build.gradle'.
Using default execution profile

> Configure project :react-native-worklets
Evaluating project ':react-native-worklets' using build file 'F:\git-repos\heal-log\frontend\node_modules\react-native-worklets\android\build.gradle'.
Starting process 'command 'node''. Working directory: F:\git-repos\heal-log\frontend\android Command: node --print require.resolve('react-native/package.json')
Successfully started process 'command 'node''
Starting process 'command 'node''. Working directory: F:\git-repos\heal-log\frontend\android Command: node --print require.resolve('react-native/package.json')
Successfully started process 'command 'node''
Starting process 'command 'node''. Working directory: F:\git-repos\heal-log\frontend\android Command: node --print require.resolve('react-native/package.json')
Successfully started process 'command 'node''
Using default execution profile
C/C++: android.ndkVersion from module build.gradle is [27.1.12297006]
C/C++: android.ndkPath from module build.gradle is not set
C/C++: ndk.dir in local.properties is not set
C/C++: Not considering ANDROID_NDK_HOME because support was removed after deprecation period.
C/C++: sdkFolder is C:\Users\nghar\AppData\Local\Android\Sdk
C/C++: android.ndkVersion from module build.gradle is [27.1.12297006]
C/C++: android.ndkPath from module build.gradle is not set
C/C++: ndk.dir in local.properties is not set
C/C++: Not considering ANDROID_NDK_HOME because support was removed after deprecation period.
C/C++: sdkFolder is C:\Users\nghar\AppData\Local\Android\Sdk
C/C++: android.ndkVersion from module build.gradle is [27.1.12297006]
C/C++: android.ndkPath from module build.gradle is not set
C/C++: ndk.dir in local.properties is not set
C/C++: Not considering ANDROID_NDK_HOME because support was removed after deprecation period.
C/C++: sdkFolder is C:\Users\nghar\AppData\Local\Android\Sdk
C/C++: android.ndkVersion from module build.gradle is [27.1.12297006]
C/C++: android.ndkPath from module build.gradle is not set
C/C++: ndk.dir in local.properties is not set
C/C++: Not considering ANDROID_NDK_HOME because support was removed after deprecation period.
C/C++: sdkFolder is C:\Users\nghar\AppData\Local\Android\Sdk
C/C++: android.ndkVersion from module build.gradle is [27.1.12297006]
C/C++: android.ndkPath from module build.gradle is not set
C/C++: ndk.dir in local.properties is not set
C/C++: Not considering ANDROID_NDK_HOME because support was removed after deprecation period.
C/C++: sdkFolder is C:\Users\nghar\AppData\Local\Android\Sdk
C/C++: android.ndkVersion from module build.gradle is [27.1.12297006]
C/C++: android.ndkPath from module build.gradle is not set
C/C++: ndk.dir in local.properties is not set
C/C++: Not considering ANDROID_NDK_HOME because support was removed after deprecation period.
C/C++: sdkFolder is C:\Users\nghar\AppData\Local\Android\Sdk
C/C++: android.ndkVersion from module build.gradle is [27.1.12297006]
C/C++: android.ndkPath from module build.gradle is not set
C/C++: ndk.dir in local.properties is not set
C/C++: Not considering ANDROID_NDK_HOME because support was removed after deprecation period.
C/C++: sdkFolder is C:\Users\nghar\AppData\Local\Android\Sdk
C/C++: android.ndkVersion from module build.gradle is [27.1.12297006]
C/C++: android.ndkPath from module build.gradle is not set
C/C++: ndk.dir in local.properties is not set
C/C++: Not considering ANDROID_NDK_HOME because support was removed after deprecation period.
C/C++: sdkFolder is C:\Users\nghar\AppData\Local\Android\Sdk
C/C++: android.ndkVersion from module build.gradle is [27.1.12297006]
C/C++: android.ndkPath from module build.gradle is not set
C/C++: ndk.dir in local.properties is not set
C/C++: Not considering ANDROID_NDK_HOME because support was removed after deprecation period.
C/C++: sdkFolder is C:\Users\nghar\AppData\Local\Android\Sdk
C/C++: android.ndkVersion from module build.gradle is [27.1.12297006]
C/C++: android.ndkPath from module build.gradle is not set
C/C++: ndk.dir in local.properties is not set
C/C++: Not considering ANDROID_NDK_HOME because support was removed after deprecation period.
C/C++: sdkFolder is C:\Users\nghar\AppData\Local\Android\Sdk
C/C++: android.ndkVersion from module build.gradle is [27.1.12297006]
C/C++: android.ndkPath from module build.gradle is not set
C/C++: ndk.dir in local.properties is not set
C/C++: Not considering ANDROID_NDK_HOME because support was removed after deprecation period.
C/C++: sdkFolder is C:\Users\nghar\AppData\Local\Android\Sdk
C/C++: android.ndkVersion from module build.gradle is [27.1.12297006]
C/C++: android.ndkPath from module build.gradle is not set
C/C++: ndk.dir in local.properties is not set
C/C++: Not considering ANDROID_NDK_HOME because support was removed after deprecation period.
C/C++: sdkFolder is C:\Users\nghar\AppData\Local\Android\Sdk
C/C++: android.ndkVersion from module build.gradle is [27.1.12297006]
C/C++: android.ndkPath from module build.gradle is not set
C/C++: ndk.dir in local.properties is not set
C/C++: Not considering ANDROID_NDK_HOME because support was removed after deprecation period.
C/C++: sdkFolder is C:\Users\nghar\AppData\Local\Android\Sdk

> Configure project :react-native-reanimated
Evaluating project ':react-native-reanimated' using build file 'F:\git-repos\heal-log\frontend\node_modules\react-native-reanimated\android\build.gradle'.
Starting process 'command 'node''. Working directory: F:\git-repos\heal-log\frontend\android Command: node --print require.resolve('react-native/package.json')
Successfully started process 'command 'node''
Starting process 'command 'node''. Working directory: F:\git-repos\heal-log\frontend\android Command: node --print require.resolve('react-native-worklets/package.json')
Successfully started process 'command 'node''
Starting process 'command 'node''. Working directory: F:\git-repos\heal-log\frontend\android Command: node --print require.resolve('react-native/package.json')
Successfully started process 'command 'node''
Starting process 'command 'node''. Working directory: F:\git-repos\heal-log\frontend\android Command: node --print require.resolve('react-native/package.json')
Successfully started process 'command 'node''
Using default execution profile
C/C++: android.ndkVersion from module build.gradle is [27.1.12297006]
C/C++: android.ndkPath from module build.gradle is not set
C/C++: ndk.dir in local.properties is not set
C/C++: Not considering ANDROID_NDK_HOME because support was removed after deprecation period.
C/C++: sdkFolder is C:\Users\nghar\AppData\Local\Android\Sdk
C/C++: android.ndkVersion from module build.gradle is [27.1.12297006]
C/C++: android.ndkPath from module build.gradle is not set
C/C++: ndk.dir in local.properties is not set
C/C++: Not considering ANDROID_NDK_HOME because support was removed after deprecation period.
C/C++: sdkFolder is C:\Users\nghar\AppData\Local\Android\Sdk
C/C++: android.ndkVersion from module build.gradle is [27.1.12297006]
C/C++: android.ndkPath from module build.gradle is not set
C/C++: ndk.dir in local.properties is not set
C/C++: Not considering ANDROID_NDK_HOME because support was removed after deprecation period.
C/C++: sdkFolder is C:\Users\nghar\AppData\Local\Android\Sdk
C/C++: android.ndkVersion from module build.gradle is [27.1.12297006]
C/C++: android.ndkPath from module build.gradle is not set
C/C++: ndk.dir in local.properties is not set
C/C++: Not considering ANDROID_NDK_HOME because support was removed after deprecation period.
C/C++: sdkFolder is C:\Users\nghar\AppData\Local\Android\Sdk
C/C++: android.ndkVersion from module build.gradle is [27.1.12297006]
C/C++: android.ndkPath from module build.gradle is not set
C/C++: ndk.dir in local.properties is not set
C/C++: Not considering ANDROID_NDK_HOME because support was removed after deprecation period.
C/C++: sdkFolder is C:\Users\nghar\AppData\Local\Android\Sdk
C/C++: android.ndkVersion from module build.gradle is [27.1.12297006]
C/C++: android.ndkPath from module build.gradle is not set
C/C++: ndk.dir in local.properties is not set
C/C++: Not considering ANDROID_NDK_HOME because support was removed after deprecation period.
C/C++: sdkFolder is C:\Users\nghar\AppData\Local\Android\Sdk
C/C++: android.ndkVersion from module build.gradle is [27.1.12297006]
C/C++: android.ndkPath from module build.gradle is not set
C/C++: ndk.dir in local.properties is not set
C/C++: Not considering ANDROID_NDK_HOME because support was removed after deprecation period.
C/C++: sdkFolder is C:\Users\nghar\AppData\Local\Android\Sdk
C/C++: android.ndkVersion from module build.gradle is [27.1.12297006]
C/C++: android.ndkPath from module build.gradle is not set
C/C++: ndk.dir in local.properties is not set
C/C++: Not considering ANDROID_NDK_HOME because support was removed after deprecation period.
C/C++: sdkFolder is C:\Users\nghar\AppData\Local\Android\Sdk
C/C++: android.ndkVersion from module build.gradle is [27.1.12297006]
C/C++: android.ndkPath from module build.gradle is not set
C/C++: ndk.dir in local.properties is not set
C/C++: Not considering ANDROID_NDK_HOME because support was removed after deprecation period.
C/C++: sdkFolder is C:\Users\nghar\AppData\Local\Android\Sdk
C/C++: android.ndkVersion from module build.gradle is [27.1.12297006]
C/C++: android.ndkPath from module build.gradle is not set
C/C++: ndk.dir in local.properties is not set
C/C++: Not considering ANDROID_NDK_HOME because support was removed after deprecation period.
C/C++: sdkFolder is C:\Users\nghar\AppData\Local\Android\Sdk
C/C++: android.ndkVersion from module build.gradle is [27.1.12297006]
C/C++: android.ndkPath from module build.gradle is not set
C/C++: ndk.dir in local.properties is not set
C/C++: Not considering ANDROID_NDK_HOME because support was removed after deprecation period.
C/C++: sdkFolder is C:\Users\nghar\AppData\Local\Android\Sdk
C/C++: android.ndkVersion from module build.gradle is [27.1.12297006]
C/C++: android.ndkPath from module build.gradle is not set
C/C++: ndk.dir in local.properties is not set
C/C++: Not considering ANDROID_NDK_HOME because support was removed after deprecation period.
C/C++: sdkFolder is C:\Users\nghar\AppData\Local\Android\Sdk
C/C++: android.ndkVersion from module build.gradle is [27.1.12297006]
C/C++: android.ndkPath from module build.gradle is not set
C/C++: ndk.dir in local.properties is not set
C/C++: Not considering ANDROID_NDK_HOME because support was removed after deprecation period.
C/C++: sdkFolder is C:\Users\nghar\AppData\Local\Android\Sdk

> Configure project :react-native-safe-area-context
Evaluating project ':react-native-safe-area-context' using build file 'F:\git-repos\heal-log\frontend\node_modules\react-native-safe-area-context\android\build.gradle'.
Using default execution profile
Using Kotlin Gradle Plugin gradle85 variant

> Configure project :react-native-screens
Evaluating project ':react-native-screens' using build file 'F:\git-repos\heal-log\frontend\node_modules\react-native-screens\android\build.gradle'.
Using default execution profile
Using Kotlin Gradle Plugin gradle85 variant
C/C++: android.ndkVersion from module build.gradle is [27.1.12297006]
C/C++: android.ndkPath from module build.gradle is not set
C/C++: ndk.dir in local.properties is not set
C/C++: Not considering ANDROID_NDK_HOME because support was removed after deprecation period.
C/C++: sdkFolder is C:\Users\nghar\AppData\Local\Android\Sdk
C/C++: android.ndkVersion from module build.gradle is [27.1.12297006]
C/C++: android.ndkPath from module build.gradle is not set
C/C++: ndk.dir in local.properties is not set
C/C++: Not considering ANDROID_NDK_HOME because support was removed after deprecation period.
C/C++: sdkFolder is C:\Users\nghar\AppData\Local\Android\Sdk
C/C++: android.ndkVersion from module build.gradle is [27.1.12297006]
C/C++: android.ndkPath from module build.gradle is not set
C/C++: ndk.dir in local.properties is not set
C/C++: Not considering ANDROID_NDK_HOME because support was removed after deprecation period.
C/C++: sdkFolder is C:\Users\nghar\AppData\Local\Android\Sdk
C/C++: android.ndkVersion from module build.gradle is [27.1.12297006]
C/C++: android.ndkPath from module build.gradle is not set
C/C++: ndk.dir in local.properties is not set
C/C++: Not considering ANDROID_NDK_HOME because support was removed after deprecation period.
C/C++: sdkFolder is C:\Users\nghar\AppData\Local\Android\Sdk
C/C++: android.ndkVersion from module build.gradle is [27.1.12297006]
C/C++: android.ndkPath from module build.gradle is not set
C/C++: ndk.dir in local.properties is not set
C/C++: Not considering ANDROID_NDK_HOME because support was removed after deprecation period.
C/C++: sdkFolder is C:\Users\nghar\AppData\Local\Android\Sdk
C/C++: android.ndkVersion from module build.gradle is [27.1.12297006]
C/C++: android.ndkPath from module build.gradle is not set
C/C++: ndk.dir in local.properties is not set
C/C++: Not considering ANDROID_NDK_HOME because support was removed after deprecation period.
C/C++: sdkFolder is C:\Users\nghar\AppData\Local\Android\Sdk
C/C++: android.ndkVersion from module build.gradle is [27.1.12297006]
C/C++: android.ndkPath from module build.gradle is not set
C/C++: ndk.dir in local.properties is not set
C/C++: Not considering ANDROID_NDK_HOME because support was removed after deprecation period.
C/C++: sdkFolder is C:\Users\nghar\AppData\Local\Android\Sdk
C/C++: android.ndkVersion from module build.gradle is [27.1.12297006]
C/C++: android.ndkPath from module build.gradle is not set
C/C++: ndk.dir in local.properties is not set
C/C++: Not considering ANDROID_NDK_HOME because support was removed after deprecation period.
C/C++: sdkFolder is C:\Users\nghar\AppData\Local\Android\Sdk
C/C++: android.ndkVersion from module build.gradle is [27.1.12297006]
C/C++: android.ndkPath from module build.gradle is not set
C/C++: ndk.dir in local.properties is not set
C/C++: Not considering ANDROID_NDK_HOME because support was removed after deprecation period.
C/C++: sdkFolder is C:\Users\nghar\AppData\Local\Android\Sdk
C/C++: android.ndkVersion from module build.gradle is [27.1.12297006]
C/C++: android.ndkPath from module build.gradle is not set
C/C++: ndk.dir in local.properties is not set
C/C++: Not considering ANDROID_NDK_HOME because support was removed after deprecation period.
C/C++: sdkFolder is C:\Users\nghar\AppData\Local\Android\Sdk
C/C++: android.ndkVersion from module build.gradle is [27.1.12297006]
C/C++: android.ndkPath from module build.gradle is not set
C/C++: ndk.dir in local.properties is not set
C/C++: Not considering ANDROID_NDK_HOME because support was removed after deprecation period.
C/C++: sdkFolder is C:\Users\nghar\AppData\Local\Android\Sdk
C/C++: android.ndkVersion from module build.gradle is [27.1.12297006]
C/C++: android.ndkPath from module build.gradle is not set
C/C++: ndk.dir in local.properties is not set
C/C++: Not considering ANDROID_NDK_HOME because support was removed after deprecation period.
C/C++: sdkFolder is C:\Users\nghar\AppData\Local\Android\Sdk
C/C++: android.ndkVersion from module build.gradle is [27.1.12297006]
C/C++: android.ndkPath from module build.gradle is not set
C/C++: ndk.dir in local.properties is not set
C/C++: Not considering ANDROID_NDK_HOME because support was removed after deprecation period.
C/C++: sdkFolder is C:\Users\nghar\AppData\Local\Android\Sdk

> Configure project :react-native-webview
Evaluating project ':react-native-webview' using build file 'F:\git-repos\heal-log\frontend\node_modules\react-native-webview\android\build.gradle'.
Using default execution profile
Using Kotlin Gradle Plugin gradle85 variant

> Configure project :sentry_react-native
Evaluating project ':sentry_react-native' using build file 'F:\git-repos\heal-log\frontend\node_modules\@sentry\react-native\android\build.gradle'.
Using default execution profile
All projects evaluated.
Task name matched 'assembleRelease'
Selected primary task 'assembleRelease' from project :
Tasks to be executed: [task ':app:generateAutolinkingNewArchitectureFiles', task ':app:generateAutolinkingPackageList', task ':app:generateCodegenSchemaFromJavaScript', task ':app:generateCodegenArtifactsFromSchema', task ':app:generateReactNativeEntryPoint', task ':expo:generatePackagesList', task ':expo:preBuild', task ':expo-constants:createExpoConfig', task ':expo-constants:preBuild', task ':expo-modules-core:preBuild', task ':nozbe_watermelondb:preBuild', task ':react-native-async-storage_async-storage:generateCodegenSchemaFromJavaScript', task ':react-native-async-storage_async-storage:generateCodegenArtifactsFromSchema', task ':react-native-async-storage_async-storage:preBuild', task ':react-native-community_netinfo:preBuild', task ':react-native-gesture-handler:generateCodegenSchemaFromJavaScript', task ':react-native-gesture-handler:generateCodegenArtifactsFromSchema', task ':react-native-gesture-handler:preBuild', task ':react-native-linear-gradient:preBuild', task ':react-native-masked-view_masked-view:preBuild', task ':react-native-reanimated:assertMinimalReactNativeVersionTask', task ':react-native-reanimated:assertNewArchitectureEnabledTask', task ':react-native-reanimated:assertWorkletsVersionTask', task ':react-native-reanimated:generateCodegenSchemaFromJavaScript', task ':react-native-reanimated:generateCodegenArtifactsFromSchema', task ':react-native-reanimated:prepareReanimatedHeadersForPrefabs', task ':react-native-reanimated:preBuild', task ':react-native-safe-area-context:generateCodegenSchemaFromJavaScript', task ':react-native-safe-area-context:generateCodegenArtifactsFromSchema', task ':react-native-safe-area-context:preBuild', task ':react-native-screens:generateCodegenSchemaFromJavaScript', task ':react-native-screens:generateCodegenArtifactsFromSchema', task ':react-native-screens:preBuild', task ':react-native-webview:generateCodegenSchemaFromJavaScript', task ':react-native-webview:generateCodegenArtifactsFromSchema', task ':react-native-webview:preBuild', task ':react-native-worklets:assertMinimalReactNativeVersionTask', task ':react-native-worklets:assertNewArchitectureEnabledTask', task ':react-native-worklets:generateCodegenSchemaFromJavaScript', task ':react-native-worklets:generateCodegenArtifactsFromSchema', task ':react-native-worklets:prepareWorkletsHeadersForPrefabs', task ':react-native-worklets:preBuild', task ':sentry_react-native:generateCodegenSchemaFromJavaScript', task ':sentry_react-native:generateCodegenArtifactsFromSchema', task ':sentry_react-native:preBuild', task ':app:preBuild', task ':app:preReleaseBuild', task ':react-native-reanimated:preReleaseBuild', task ':react-native-worklets:preReleaseBuild', task ':react-native-worklets:configureCMakeRelWithDebInfo[arm64-v8a]', task ':react-native-worklets:configureCMakeRelWithDebInfo[armeabi-v7a]', task ':react-native-worklets:configureCMakeRelWithDebInfo[x86]', task ':react-native-worklets:configureCMakeRelWithDebInfo[x86_64]', task ':react-native-worklets:generateJsonModelRelease', task ':react-native-worklets:prefabReleaseConfigurePackage', task ':react-native-reanimated:configureCMakeRelWithDebInfo[arm64-v8a]', task ':react-native-reanimated:configureCMakeRelWithDebInfo[armeabi-v7a]', task ':react-native-reanimated:configureCMakeRelWithDebInfo[x86]', task ':react-native-reanimated:configureCMakeRelWithDebInfo[x86_64]', task ':react-native-reanimated:generateJsonModelRelease', task ':react-native-reanimated:prefabReleaseConfigurePackage', task ':app:configureCMakeRelWithDebInfo[arm64-v8a]', task ':react-native-worklets:buildCMakeRelWithDebInfo[arm64-v8a][worklets]', task ':react-native-worklets:buildCMakeRelWithDebInfo[armeabi-v7a][worklets]', task ':react-native-worklets:buildCMakeRelWithDebInfo[x86][worklets]', task ':react-native-worklets:buildCMakeRelWithDebInfo[x86_64][worklets]', task ':react-native-worklets:externalNativeBuildRelease', task ':react-native-worklets:prefabReleasePackage', task ':react-native-reanimated:buildCMakeRelWithDebInfo[arm64-v8a][reanimated]', task ':react-native-reanimated:buildCMakeRelWithDebInfo[armeabi-v7a][reanimated]', task ':react-native-reanimated:buildCMakeRelWithDebInfo[x86][reanimated]', task ':react-native-reanimated:buildCMakeRelWithDebInfo[x86_64][reanimated]', task ':react-native-worklets:mergeReleaseJniLibFolders', task ':react-native-worklets:mergeReleaseNativeLibs', task ':react-native-worklets:copyReleaseJniLibsProjectOnly', task ':react-native-reanimated:externalNativeBuildRelease', task ':react-native-reanimated:prefabReleasePackage', task ':app:buildCMakeRelWithDebInfo[arm64-v8a]', task ':app:configureCMakeRelWithDebInfo[armeabi-v7a]', task ':app:buildCMakeRelWithDebInfo[armeabi-v7a]', task ':app:configureCMakeRelWithDebInfo[x86]', task ':app:buildCMakeRelWithDebInfo[x86]', task ':app:configureCMakeRelWithDebInfo[x86_64]', task ':app:buildCMakeRelWithDebInfo[x86_64]', task ':app:mergeReleaseJniLibFolders', task ':expo:preReleaseBuild', task ':expo:mergeReleaseJniLibFolders', task ':expo:mergeReleaseNativeLibs', task ':expo:copyReleaseJniLibsProjectOnly', task ':expo-constants:preReleaseBuild', task ':expo-constants:mergeReleaseJniLibFolders', task ':expo-constants:mergeReleaseNativeLibs', task ':expo-constants:copyReleaseJniLibsProjectOnly', task ':expo-modules-core:preReleaseBuild', task ':expo-modules-core:configureCMakeRelWithDebInfo[arm64-v8a]', task ':expo-modules-core:buildCMakeRelWithDebInfo[arm64-v8a]', task ':expo-modules-core:configureCMakeRelWithDebInfo[armeabi-v7a]', task ':expo-modules-core:buildCMakeRelWithDebInfo[armeabi-v7a]', task ':expo-modules-core:configureCMakeRelWithDebInfo[x86]', task ':expo-modules-core:buildCMakeRelWithDebInfo[x86]', task ':expo-modules-core:configureCMakeRelWithDebInfo[x86_64]', task ':expo-modules-core:buildCMakeRelWithDebInfo[x86_64]', task ':expo-modules-core:mergeReleaseJniLibFolders', task ':expo-modules-core:mergeReleaseNativeLibs', task ':expo-modules-core:copyReleaseJniLibsProjectOnly', task ':nozbe_watermelondb:preReleaseBuild', task ':nozbe_watermelondb:mergeReleaseJniLibFolders', task ':nozbe_watermelondb:mergeReleaseNativeLibs', task ':nozbe_watermelondb:copyReleaseJniLibsProjectOnly', task ':react-native-async-storage_async-storage:preReleaseBuild', task ':react-native-async-storage_async-storage:mergeReleaseJniLibFolders', task ':react-native-async-storage_async-storage:mergeReleaseNativeLibs', task ':react-native-async-storage_async-storage:copyReleaseJniLibsProjectOnly', task ':react-native-community_netinfo:preReleaseBuild', task ':react-native-community_netinfo:mergeReleaseJniLibFolders', task ':react-native-community_netinfo:mergeReleaseNativeLibs', task ':react-native-community_netinfo:copyReleaseJniLibsProjectOnly', task ':react-native-gesture-handler:preReleaseBuild', task ':react-native-gesture-handler:configureCMakeRelWithDebInfo[arm64-v8a]', task ':react-native-gesture-handler:buildCMakeRelWithDebInfo[arm64-v8a]', task ':react-native-gesture-handler:configureCMakeRelWithDebInfo[armeabi-v7a]', task ':react-native-gesture-handler:buildCMakeRelWithDebInfo[armeabi-v7a]', task ':react-native-gesture-handler:configureCMakeRelWithDebInfo[x86]', task ':react-native-gesture-handler:buildCMakeRelWithDebInfo[x86]', task ':react-native-gesture-handler:configureCMakeRelWithDebInfo[x86_64]', task ':react-native-gesture-handler:buildCMakeRelWithDebInfo[x86_64]', task ':react-native-gesture-handler:mergeReleaseJniLibFolders', task ':react-native-gesture-handler:mergeReleaseNativeLibs', task ':react-native-gesture-handler:copyReleaseJniLibsProjectOnly', task ':react-native-linear-gradient:preReleaseBuild', task ':react-native-linear-gradient:mergeReleaseJniLibFolders', task ':react-native-linear-gradient:mergeReleaseNativeLibs', task ':react-native-linear-gradient:copyReleaseJniLibsProjectOnly', task ':react-native-masked-view_masked-view:preReleaseBuild', task ':react-native-masked-view_masked-view:mergeReleaseJniLibFolders', task ':react-native-masked-view_masked-view:mergeReleaseNativeLibs', task ':react-native-masked-view_masked-view:copyReleaseJniLibsProjectOnly', task ':react-native-reanimated:mergeReleaseJniLibFolders', task ':react-native-reanimated:mergeReleaseNativeLibs', task ':react-native-reanimated:copyReleaseJniLibsProjectOnly', task ':react-native-safe-area-context:preReleaseBuild', task ':react-native-safe-area-context:mergeReleaseJniLibFolders', task ':react-native-safe-area-context:mergeReleaseNativeLibs', task ':react-native-safe-area-context:copyReleaseJniLibsProjectOnly', task ':react-native-screens:preReleaseBuild', task ':react-native-screens:configureCMakeRelWithDebInfo[arm64-v8a]', task ':react-native-screens:buildCMakeRelWithDebInfo[arm64-v8a]', task ':react-native-screens:configureCMakeRelWithDebInfo[armeabi-v7a]', task ':react-native-screens:buildCMakeRelWithDebInfo[armeabi-v7a]', task ':react-native-screens:configureCMakeRelWithDebInfo[x86]', task ':react-native-screens:buildCMakeRelWithDebInfo[x86]', task ':react-native-screens:configureCMakeRelWithDebInfo[x86_64]', task ':react-native-screens:buildCMakeRelWithDebInfo[x86_64]', task ':react-native-screens:mergeReleaseJniLibFolders', task ':react-native-screens:mergeReleaseNativeLibs', task ':react-native-screens:copyReleaseJniLibsProjectOnly', task ':react-native-webview:preReleaseBuild', task ':react-native-webview:mergeReleaseJniLibFolders', task ':react-native-webview:mergeReleaseNativeLibs', task ':react-native-webview:copyReleaseJniLibsProjectOnly', task ':sentry_react-native:preReleaseBuild', task ':sentry_react-native:mergeReleaseJniLibFolders', task ':sentry_react-native:mergeReleaseNativeLibs', task ':sentry_react-native:copyReleaseJniLibsProjectOnly', task ':app:mergeReleaseNativeLibs', task ':app:stripReleaseDebugSymbols', task ':app:extractReleaseNativeSymbolTables', task ':app:mergeReleaseNativeDebugMetadata', task ':react-native-gesture-handler:checkKotlinGradlePluginConfigurationErrors', task ':react-native-gesture-handler:generateReleaseBuildConfig', task ':react-native-gesture-handler:generateReleaseResValues', task ':react-native-gesture-handler:generateReleaseResources', task ':react-native-gesture-handler:packageReleaseResources', task ':react-native-gesture-handler:parseReleaseLocalResources', task ':react-native-gesture-handler:generateReleaseRFile', task ':react-native-reanimated:generateReleaseBuildConfig', task ':react-native-reanimated:generateReleaseResValues', task ':react-native-reanimated:generateReleaseResources', task ':react-native-reanimated:packageReleaseResources', task ':react-native-reanimated:parseReleaseLocalResources', task ':react-native-reanimated:generateReleaseRFile', task ':react-native-reanimated:javaPreCompileRelease', task ':react-native-worklets:generateReleaseBuildConfig', task ':react-native-worklets:generateReleaseResValues', task ':react-native-worklets:generateReleaseResources', task ':react-native-worklets:packageReleaseResources', task ':react-native-worklets:parseReleaseLocalResources', task ':react-native-worklets:generateReleaseRFile', task ':react-native-worklets:javaPreCompileRelease', task ':react-native-worklets:compileReleaseJavaWithJavac', task ':react-native-worklets:bundleLibCompileToJarRelease', task ':react-native-reanimated:compileReleaseJavaWithJavac', task ':react-native-reanimated:bundleLibCompileToJarRelease', task ':react-native-gesture-handler:compileReleaseKotlin', task ':react-native-gesture-handler:javaPreCompileRelease', task ':react-native-gesture-handler:compileReleaseJavaWithJavac', task ':react-native-gesture-handler:bundleLibRuntimeToDirRelease', task ':react-native-safe-area-context:checkKotlinGradlePluginConfigurationErrors', task ':react-native-safe-area-context:generateReleaseBuildConfig', task ':react-native-safe-area-context:generateReleaseResValues', task ':react-native-safe-area-context:generateReleaseResources', task ':react-native-safe-area-context:packageReleaseResources', task ':react-native-safe-area-context:parseReleaseLocalResources', task ':react-native-safe-area-context:generateReleaseRFile', task ':react-native-safe-area-context:compileReleaseKotlin', task ':react-native-safe-area-context:javaPreCompileRelease', task ':react-native-safe-area-context:compileReleaseJavaWithJavac', task ':react-native-safe-area-context:bundleLibRuntimeToDirRelease', task ':react-native-screens:checkKotlinGradlePluginConfigurationErrors', task ':react-native-screens:generateReleaseBuildConfig', task ':react-native-screens:generateReleaseResValues', task ':react-native-screens:generateReleaseResources', task ':react-native-screens:packageReleaseResources', task ':react-native-screens:parseReleaseLocalResources', task ':react-native-screens:generateReleaseRFile', task ':react-native-screens:compileReleaseKotlin', task ':react-native-screens:javaPreCompileRelease', task ':react-native-screens:compileReleaseJavaWithJavac', task ':react-native-screens:bundleLibRuntimeToDirRelease', task ':react-native-webview:checkKotlinGradlePluginConfigurationErrors', task ':react-native-webview:generateReleaseBuildConfig', task ':react-native-webview:generateReleaseResValues', task ':react-native-webview:generateReleaseResources', task ':react-native-webview:packageReleaseResources', task ':react-native-webview:parseReleaseLocalResources', task ':react-native-webview:generateReleaseRFile', task ':react-native-webview:compileReleaseKotlin', task ':react-native-webview:javaPreCompileRelease', task ':react-native-webview:compileReleaseJavaWithJavac', task ':react-native-webview:bundleLibRuntimeToDirRelease', task ':nozbe_watermelondb:checkKotlinGradlePluginConfigurationErrors', task ':nozbe_watermelondb:generateReleaseBuildConfig', task ':nozbe_watermelondb:generateReleaseResValues', task ':nozbe_watermelondb:generateReleaseResources', task ':nozbe_watermelondb:packageReleaseResources', task ':nozbe_watermelondb:parseReleaseLocalResources', task ':nozbe_watermelondb:generateReleaseRFile', task ':nozbe_watermelondb:compileReleaseKotlin', task ':nozbe_watermelondb:javaPreCompileRelease', task ':nozbe_watermelondb:compileReleaseJavaWithJavac', task ':nozbe_watermelondb:bundleLibRuntimeToDirRelease', task ':react-native-async-storage_async-storage:generateReleaseBuildConfig', task ':react-native-async-storage_async-storage:generateReleaseResValues', task ':react-native-async-storage_async-storage:generateReleaseResources', task ':react-native-async-storage_async-storage:packageReleaseResources', task ':react-native-async-storage_async-storage:parseReleaseLocalResources', task ':react-native-async-storage_async-storage:generateReleaseRFile', task ':react-native-async-storage_async-storage:javaPreCompileRelease', task ':react-native-async-storage_async-storage:compileReleaseJavaWithJavac', task ':react-native-async-storage_async-storage:bundleLibRuntimeToDirRelease', task ':react-native-community_netinfo:generateReleaseBuildConfig', task ':react-native-community_netinfo:generateReleaseResValues', task ':react-native-community_netinfo:generateReleaseResources', task ':react-native-community_netinfo:packageReleaseResources', task ':react-native-community_netinfo:parseReleaseLocalResources', task ':react-native-community_netinfo:generateReleaseRFile', task ':react-native-community_netinfo:javaPreCompileRelease', task ':react-native-community_netinfo:compileReleaseJavaWithJavac', task ':react-native-community_netinfo:bundleLibRuntimeToDirRelease', task ':react-native-masked-view_masked-view:generateReleaseBuildConfig', task ':react-native-masked-view_masked-view:generateReleaseResValues', task ':react-native-masked-view_masked-view:generateReleaseResources', task ':react-native-masked-view_masked-view:packageReleaseResources', task ':react-native-masked-view_masked-view:parseReleaseLocalResources', task ':react-native-masked-view_masked-view:generateReleaseRFile', task ':react-native-masked-view_masked-view:javaPreCompileRelease', task ':react-native-masked-view_masked-view:compileReleaseJavaWithJavac', task ':react-native-masked-view_masked-view:bundleLibRuntimeToDirRelease', task ':sentry_react-native:generateReleaseBuildConfig', task ':sentry_react-native:generateReleaseResValues', task ':sentry_react-native:generateReleaseResources', task ':sentry_react-native:packageReleaseResources', task ':sentry_react-native:parseReleaseLocalResources', task ':sentry_react-native:generateReleaseRFile', task ':sentry_react-native:javaPreCompileRelease', task ':sentry_react-native:compileReleaseJavaWithJavac', task ':sentry_react-native:bundleLibRuntimeToDirRelease', task ':expo:checkKotlinGradlePluginConfigurationErrors', task ':expo:generateReleaseBuildConfig', task ':expo:generateReleaseResValues', task ':expo:generateReleaseResources', task ':expo:packageReleaseResources', task ':expo:parseReleaseLocalResources', task ':expo:generateReleaseRFile', task ':expo-constants:checkKotlinGradlePluginConfigurationErrors', task ':expo-constants:generateReleaseBuildConfig', task ':expo-constants:generateReleaseResValues', task ':expo-constants:generateReleaseResources', task ':expo-constants:packageReleaseResources', task ':expo-constants:parseReleaseLocalResources', task ':expo-constants:generateReleaseRFile', task ':expo-modules-core:checkKotlinGradlePluginConfigurationErrors', task ':expo-modules-core:generateReleaseBuildConfig', task ':expo-modules-core:generateReleaseResValues', task ':expo-modules-core:generateReleaseResources', task ':expo-modules-core:packageReleaseResources', task ':expo-modules-core:parseReleaseLocalResources', task ':expo-modules-core:generateReleaseRFile', task ':expo-modules-core:compileReleaseKotlin', task ':expo-modules-core:javaPreCompileRelease', task ':expo-modules-core:compileReleaseJavaWithJavac', task ':expo-modules-core:bundleLibCompileToJarRelease', task ':expo-constants:compileReleaseKotlin', task ':expo-constants:javaPreCompileRelease', task ':expo-constants:compileReleaseJavaWithJavac', task ':expo-constants:bundleLibCompileToJarRelease', task ':expo:compileReleaseKotlin', task ':expo:javaPreCompileRelease', task ':expo:compileReleaseJavaWithJavac', task ':expo:bundleLibRuntimeToDirRelease', task ':react-native-linear-gradient:generateReleaseBuildConfig', task ':react-native-linear-gradient:generateReleaseResValues', task ':react-native-linear-gradient:generateReleaseResources', task ':react-native-linear-gradient:packageReleaseResources', task ':react-native-linear-gradient:parseReleaseLocalResources', task ':react-native-linear-gradient:generateReleaseRFile', task ':react-native-linear-gradient:javaPreCompileRelease', task ':react-native-linear-gradient:compileReleaseJavaWithJavac', task ':react-native-linear-gradient:bundleLibRuntimeToDirRelease', task ':react-native-reanimated:bundleLibRuntimeToDirRelease', task ':react-native-worklets:bundleLibRuntimeToDirRelease', task ':expo-modules-core:bundleLibRuntimeToDirRelease', task ':expo-constants:bundleLibRuntimeToDirRelease', task ':app:checkReleaseDuplicateClasses', task ':app:buildKotlinToolingMetadata', task ':app:checkKotlinGradlePluginConfigurationErrors', task ':app:generateReleaseBuildConfig', task ':expo:writeReleaseAarMetadata', task ':expo-constants:writeReleaseAarMetadata', task ':expo-modules-core:writeReleaseAarMetadata', task ':nozbe_watermelondb:writeReleaseAarMetadata', task ':react-native-async-storage_async-storage:writeReleaseAarMetadata', task ':react-native-community_netinfo:writeReleaseAarMetadata', task ':react-native-gesture-handler:writeReleaseAarMetadata', task ':react-native-linear-gradient:writeReleaseAarMetadata', task ':react-native-masked-view_masked-view:writeReleaseAarMetadata', task ':react-native-reanimated:writeReleaseAarMetadata', task ':react-native-safe-area-context:writeReleaseAarMetadata', task ':react-native-screens:writeReleaseAarMetadata', task ':react-native-webview:writeReleaseAarMetadata', task ':react-native-worklets:writeReleaseAarMetadata', task ':sentry_react-native:writeReleaseAarMetadata', task ':app:checkReleaseAarMetadata', task ':app:createBundleReleaseJsAndAssets', task ':app:generateReleaseResValues', task ':app:mapReleaseSourceSetPaths', task ':app:generateReleaseResources', task ':app:mergeReleaseResources', task ':app:packageReleaseResources', task ':app:parseReleaseLocalResources', task ':app:createReleaseCompatibleScreenManifests', task ':app:extractDeepLinksRelease', task ':expo:extractDeepLinksRelease', task ':expo:processReleaseManifest', task ':expo-constants:extractDeepLinksRelease', task ':expo-constants:processReleaseManifest', task ':expo-modules-core:extractDeepLinksRelease', task ':expo-modules-core:processReleaseManifest', task ':nozbe_watermelondb:extractDeepLinksRelease', task ':nozbe_watermelondb:processReleaseManifest', task ':react-native-async-storage_async-storage:extractDeepLinksRelease', task ':react-native-async-storage_async-storage:processReleaseManifest', task ':react-native-community_netinfo:extractDeepLinksRelease', task ':react-native-community_netinfo:processReleaseManifest', task ':react-native-gesture-handler:extractDeepLinksRelease', task ':react-native-gesture-handler:processReleaseManifest', task ':react-native-linear-gradient:extractDeepLinksRelease', task ':react-native-linear-gradient:processReleaseManifest', task ':react-native-masked-view_masked-view:extractDeepLinksRelease', task ':react-native-masked-view_masked-view:processReleaseManifest', task ':react-native-reanimated:extractDeepLinksRelease', task ':react-native-reanimated:processReleaseManifest', task ':react-native-safe-area-context:extractDeepLinksRelease', task ':react-native-safe-area-context:processReleaseManifest', task ':react-native-screens:extractDeepLinksRelease', task ':react-native-screens:processReleaseManifest', task ':react-native-webview:extractDeepLinksRelease', task ':react-native-webview:processReleaseManifest', task ':react-native-worklets:extractDeepLinksRelease', task ':react-native-worklets:processReleaseManifest', task ':sentry_react-native:extractDeepLinksRelease', task ':sentry_react-native:processReleaseManifest', task ':app:processReleaseMainManifest', task ':app:processReleaseManifest', task ':app:processReleaseManifestForPackage', task ':expo:compileReleaseLibraryResources', task ':expo-constants:compileReleaseLibraryResources', task ':expo-modules-core:compileReleaseLibraryResources', task ':nozbe_watermelondb:compileReleaseLibraryResources', task ':react-native-async-storage_async-storage:compileReleaseLibraryResources', task ':react-native-community_netinfo:compileReleaseLibraryResources', task ':react-native-gesture-handler:compileReleaseLibraryResources', task ':react-native-linear-gradient:compileReleaseLibraryResources', task ':react-native-masked-view_masked-view:compileReleaseLibraryResources', task ':react-native-reanimated:compileReleaseLibraryResources', task ':react-native-safe-area-context:compileReleaseLibraryResources', task ':react-native-screens:compileReleaseLibraryResources', task ':react-native-webview:compileReleaseLibraryResources', task ':react-native-worklets:compileReleaseLibraryResources', task ':sentry_react-native:compileReleaseLibraryResources', task ':app:processReleaseResources', task ':expo:bundleLibCompileToJarRelease', task ':nozbe_watermelondb:bundleLibCompileToJarRelease', task ':react-native-async-storage_async-storage:bundleLibCompileToJarRelease', task ':react-native-community_netinfo:bundleLibCompileToJarRelease', task ':react-native-gesture-handler:bundleLibCompileToJarRelease', task ':react-native-linear-gradient:bundleLibCompileToJarRelease', task ':react-native-masked-view_masked-view:bundleLibCompileToJarRelease', task ':react-native-safe-area-context:bundleLibCompileToJarRelease', task ':react-native-screens:bundleLibCompileToJarRelease', task ':react-native-webview:bundleLibCompileToJarRelease', task ':sentry_react-native:bundleLibCompileToJarRelease', task ':app:compileReleaseKotlin', task ':app:javaPreCompileRelease', task ':app:compileReleaseJavaWithJavac', task ':app:dexBuilderRelease', task ':app:desugarReleaseFileDependencies', task ':app:mergeReleaseStartupProfile', task ':app:mergeExtDexRelease', task ':app:mergeDexRelease', task ':expo:prepareReleaseArtProfile', task ':expo-constants:prepareReleaseArtProfile', task ':expo-modules-core:prepareReleaseArtProfile', task ':nozbe_watermelondb:prepareReleaseArtProfile', task ':react-native-async-storage_async-storage:prepareReleaseArtProfile', task ':react-native-community_netinfo:prepareReleaseArtProfile', task ':react-native-gesture-handler:prepareReleaseArtProfile', task ':react-native-linear-gradient:prepareReleaseArtProfile', task ':react-native-masked-view_masked-view:prepareReleaseArtProfile', task ':react-native-reanimated:prepareReleaseArtProfile', task ':react-native-safe-area-context:prepareReleaseArtProfile', task ':react-native-screens:prepareReleaseArtProfile', task ':react-native-webview:prepareReleaseArtProfile', task ':react-native-worklets:prepareReleaseArtProfile', task ':sentry_react-native:prepareReleaseArtProfile', task ':app:mergeReleaseArtProfile', task ':react-native-gesture-handler:bundleLibRuntimeToJarRelease', task ':react-native-safe-area-context:bundleLibRuntimeToJarRelease', task ':react-native-screens:bundleLibRuntimeToJarRelease', task ':react-native-webview:bundleLibRuntimeToJarRelease', task ':nozbe_watermelondb:bundleLibRuntimeToJarRelease', task ':react-native-async-storage_async-storage:bundleLibRuntimeToJarRelease', task ':react-native-community_netinfo:bundleLibRuntimeToJarRelease', task ':react-native-masked-view_masked-view:bundleLibRuntimeToJarRelease', task ':sentry_react-native:bundleLibRuntimeToJarRelease', task ':expo:bundleLibRuntimeToJarRelease', task ':react-native-linear-gradient:bundleLibRuntimeToJarRelease', task ':react-native-reanimated:bundleLibRuntimeToJarRelease', task ':react-native-worklets:bundleLibRuntimeToJarRelease', task ':expo-modules-core:bundleLibRuntimeToJarRelease', task ':expo-constants:bundleLibRuntimeToJarRelease', task ':app:mergeReleaseGlobalSynthetics', task ':app:compileReleaseArtProfile', task ':app:mergeReleaseShaders', task ':app:compileReleaseShaders', task ':app:generateReleaseAssets', task ':expo:mergeReleaseShaders', task ':expo:compileReleaseShaders', task ':expo:generateReleaseAssets', task ':expo:mergeReleaseAssets', task ':expo-constants:mergeReleaseShaders', task ':expo-constants:compileReleaseShaders', task ':expo-constants:generateReleaseAssets', task ':expo-constants:mergeReleaseAssets', task ':expo-modules-core:mergeReleaseShaders', task ':expo-modules-core:compileReleaseShaders', task ':expo-modules-core:generateReleaseAssets', task ':expo-modules-core:mergeReleaseAssets', task ':nozbe_watermelondb:mergeReleaseShaders', task ':nozbe_watermelondb:compileReleaseShaders', task ':nozbe_watermelondb:generateReleaseAssets', task ':nozbe_watermelondb:mergeReleaseAssets', task ':react-native-async-storage_async-storage:mergeReleaseShaders', task ':react-native-async-storage_async-storage:compileReleaseShaders', task ':react-native-async-storage_async-storage:generateReleaseAssets', task ':react-native-async-storage_async-storage:mergeReleaseAssets', task ':react-native-community_netinfo:mergeReleaseShaders', task ':react-native-community_netinfo:compileReleaseShaders', task ':react-native-community_netinfo:generateReleaseAssets', task ':react-native-community_netinfo:mergeReleaseAssets', task ':react-native-gesture-handler:mergeReleaseShaders', task ':react-native-gesture-handler:compileReleaseShaders', task ':react-native-gesture-handler:generateReleaseAssets', task ':react-native-gesture-handler:mergeReleaseAssets', task ':react-native-linear-gradient:mergeReleaseShaders', task ':react-native-linear-gradient:compileReleaseShaders', task ':react-native-linear-gradient:generateReleaseAssets', task ':react-native-linear-gradient:mergeReleaseAssets', task ':react-native-masked-view_masked-view:mergeReleaseShaders', task ':react-native-masked-view_masked-view:compileReleaseShaders', task ':react-native-masked-view_masked-view:generateReleaseAssets', task ':react-native-masked-view_masked-view:mergeReleaseAssets', task ':react-native-reanimated:mergeReleaseShaders', task ':react-native-reanimated:compileReleaseShaders', task ':react-native-reanimated:generateReleaseAssets', task ':react-native-reanimated:mergeReleaseAssets', task ':react-native-safe-area-context:mergeReleaseShaders', task ':react-native-safe-area-context:compileReleaseShaders', task ':react-native-safe-area-context:generateReleaseAssets', task ':react-native-safe-area-context:mergeReleaseAssets', task ':react-native-screens:mergeReleaseShaders', task ':react-native-screens:compileReleaseShaders', task ':react-native-screens:generateReleaseAssets', task ':react-native-screens:mergeReleaseAssets', task ':react-native-webview:mergeReleaseShaders', task ':react-native-webview:compileReleaseShaders', task ':react-native-webview:generateReleaseAssets', task ':react-native-webview:mergeReleaseAssets', task ':react-native-worklets:mergeReleaseShaders', task ':react-native-worklets:compileReleaseShaders', task ':react-native-worklets:generateReleaseAssets', task ':react-native-worklets:mergeReleaseAssets', task ':sentry_react-native:mergeReleaseShaders', task ':sentry_react-native:compileReleaseShaders', task ':sentry_react-native:generateReleaseAssets', task ':sentry_react-native:mergeReleaseAssets', task ':app:mergeReleaseAssets', task ':app:compressReleaseAssets', task ':app:extractReleaseVersionControlInfo', task ':app:extractProguardFiles', task ':expo:processReleaseJavaRes', task ':expo:createFullJarRelease', task ':expo:extractProguardFiles', task ':expo-constants:processReleaseJavaRes', task ':expo-constants:createFullJarRelease', task ':expo-constants:extractProguardFiles', task ':expo-modules-core:processReleaseJavaRes', task ':expo-modules-core:createFullJarRelease', task ':expo-modules-core:extractProguardFiles', task ':expo-modules-core:generateReleaseLintModel', task ':expo-modules-core:prepareLintJarForPublish', task ':expo-constants:generateReleaseLintModel', task ':expo-constants:prepareLintJarForPublish', task ':expo:generateReleaseLintModel', task ':expo:prepareLintJarForPublish', task ':nozbe_watermelondb:processReleaseJavaRes', task ':nozbe_watermelondb:createFullJarRelease', task ':nozbe_watermelondb:extractProguardFiles', task ':nozbe_watermelondb:generateReleaseLintModel', task ':nozbe_watermelondb:prepareLintJarForPublish', task ':react-native-async-storage_async-storage:processReleaseJavaRes', task ':react-native-async-storage_async-storage:createFullJarRelease', task ':react-native-async-storage_async-storage:extractProguardFiles', task ':react-native-async-storage_async-storage:generateReleaseLintModel', task ':react-native-async-storage_async-storage:prepareLintJarForPublish', task ':react-native-community_netinfo:processReleaseJavaRes', task ':react-native-community_netinfo:createFullJarRelease', task ':react-native-community_netinfo:extractProguardFiles', task ':react-native-community_netinfo:generateReleaseLintModel', task ':react-native-community_netinfo:prepareLintJarForPublish', task ':react-native-gesture-handler:processReleaseJavaRes', task ':react-native-gesture-handler:createFullJarRelease', task ':react-native-gesture-handler:extractProguardFiles', task ':react-native-reanimated:processReleaseJavaRes', task ':react-native-reanimated:createFullJarRelease', task ':react-native-reanimated:extractProguardFiles', task ':react-native-worklets:processReleaseJavaRes', task ':react-native-worklets:createFullJarRelease', task ':react-native-worklets:extractProguardFiles', task ':react-native-worklets:generateReleaseLintModel', task ':react-native-worklets:prepareLintJarForPublish', task ':react-native-reanimated:generateReleaseLintModel', task ':react-native-reanimated:prepareLintJarForPublish', task ':react-native-gesture-handler:generateReleaseLintModel', task ':react-native-gesture-handler:prepareLintJarForPublish', task ':react-native-linear-gradient:processReleaseJavaRes', task ':react-native-linear-gradient:createFullJarRelease', task ':react-native-linear-gradient:extractProguardFiles', task ':react-native-linear-gradient:generateReleaseLintModel', task ':react-native-linear-gradient:prepareLintJarForPublish', task ':react-native-masked-view_masked-view:processReleaseJavaRes', task ':react-native-masked-view_masked-view:createFullJarRelease', task ':react-native-masked-view_masked-view:extractProguardFiles', task ':react-native-masked-view_masked-view:generateReleaseLintModel', task ':react-native-masked-view_masked-view:prepareLintJarForPublish', task ':react-native-safe-area-context:processReleaseJavaRes', task ':react-native-safe-area-context:createFullJarRelease', task ':react-native-safe-area-context:extractProguardFiles', task ':react-native-safe-area-context:generateReleaseLintModel', task ':react-native-safe-area-context:prepareLintJarForPublish', task ':react-native-screens:processReleaseJavaRes', task ':react-native-screens:createFullJarRelease', task ':react-native-screens:extractProguardFiles', task ':react-native-screens:generateReleaseLintModel', task ':react-native-screens:prepareLintJarForPublish', task ':react-native-webview:processReleaseJavaRes', task ':react-native-webview:createFullJarRelease', task ':react-native-webview:extractProguardFiles', task ':react-native-webview:generateReleaseLintModel', task ':react-native-webview:prepareLintJarForPublish', task ':sentry_react-native:processReleaseJavaRes', task ':sentry_react-native:createFullJarRelease', task ':sentry_react-native:extractProguardFiles', task ':sentry_react-native:generateReleaseLintModel', task ':sentry_react-native:prepareLintJarForPublish', task ':app:generateReleaseLintVitalReportModel', task ':react-native-gesture-handler:stripReleaseDebugSymbols', task ':react-native-gesture-handler:copyReleaseJniLibsProjectAndLocalJars', task ':react-native-gesture-handler:extractDeepLinksForAarRelease', task ':react-native-gesture-handler:extractReleaseAnnotations', task ':react-native-gesture-handler:mergeReleaseGeneratedProguardFiles', task ':react-native-gesture-handler:mergeReleaseConsumerProguardFiles', task ':react-native-gesture-handler:mergeReleaseJavaResource', task ':react-native-gesture-handler:syncReleaseLibJars', task ':react-native-gesture-handler:bundleReleaseLocalLintAar', task ':react-native-safe-area-context:stripReleaseDebugSymbols', task ':react-native-safe-area-context:copyReleaseJniLibsProjectAndLocalJars', task ':react-native-safe-area-context:extractDeepLinksForAarRelease', task ':react-native-safe-area-context:extractReleaseAnnotations', task ':react-native-safe-area-context:mergeReleaseGeneratedProguardFiles', task ':react-native-safe-area-context:mergeReleaseConsumerProguardFiles', task ':react-native-safe-area-context:mergeReleaseJavaResource', task ':react-native-safe-area-context:syncReleaseLibJars', task ':react-native-safe-area-context:bundleReleaseLocalLintAar', task ':react-native-screens:stripReleaseDebugSymbols', task ':react-native-screens:copyReleaseJniLibsProjectAndLocalJars', task ':react-native-screens:extractDeepLinksForAarRelease', task ':react-native-screens:extractReleaseAnnotations', task ':react-native-screens:mergeReleaseGeneratedProguardFiles', task ':react-native-screens:mergeReleaseConsumerProguardFiles', task ':react-native-screens:mergeReleaseJavaResource', task ':react-native-screens:syncReleaseLibJars', task ':react-native-screens:bundleReleaseLocalLintAar', task ':react-native-webview:stripReleaseDebugSymbols', task ':react-native-webview:copyReleaseJniLibsProjectAndLocalJars', task ':react-native-webview:extractDeepLinksForAarRelease', task ':react-native-webview:extractReleaseAnnotations', task ':react-native-webview:mergeReleaseGeneratedProguardFiles', task ':react-native-webview:mergeReleaseConsumerProguardFiles', task ':react-native-webview:mergeReleaseJavaResource', task ':react-native-webview:syncReleaseLibJars', task ':react-native-webview:bundleReleaseLocalLintAar', task ':nozbe_watermelondb:stripReleaseDebugSymbols', task ':nozbe_watermelondb:copyReleaseJniLibsProjectAndLocalJars', task ':nozbe_watermelondb:extractDeepLinksForAarRelease', task ':nozbe_watermelondb:extractReleaseAnnotations', task ':nozbe_watermelondb:mergeReleaseGeneratedProguardFiles', task ':nozbe_watermelondb:mergeReleaseConsumerProguardFiles', task ':nozbe_watermelondb:mergeReleaseJavaResource', task ':nozbe_watermelondb:syncReleaseLibJars', task ':nozbe_watermelondb:bundleReleaseLocalLintAar', task ':react-native-async-storage_async-storage:stripReleaseDebugSymbols', task ':react-native-async-storage_async-storage:copyReleaseJniLibsProjectAndLocalJars', task ':react-native-async-storage_async-storage:extractDeepLinksForAarRelease', task ':react-native-async-storage_async-storage:extractReleaseAnnotations', task ':react-native-async-storage_async-storage:mergeReleaseGeneratedProguardFiles', task ':react-native-async-storage_async-storage:mergeReleaseConsumerProguardFiles', task ':react-native-async-storage_async-storage:mergeReleaseJavaResource', task ':react-native-async-storage_async-storage:syncReleaseLibJars', task ':react-native-async-storage_async-storage:bundleReleaseLocalLintAar', task ':react-native-community_netinfo:stripReleaseDebugSymbols', task ':react-native-community_netinfo:copyReleaseJniLibsProjectAndLocalJars', task ':react-native-community_netinfo:extractDeepLinksForAarRelease', task ':react-native-community_netinfo:extractReleaseAnnotations', task ':react-native-community_netinfo:mergeReleaseGeneratedProguardFiles', task ':react-native-community_netinfo:mergeReleaseConsumerProguardFiles', task ':react-native-community_netinfo:mergeReleaseJavaResource', task ':react-native-community_netinfo:syncReleaseLibJars', task ':react-native-community_netinfo:bundleReleaseLocalLintAar', task ':react-native-masked-view_masked-view:stripReleaseDebugSymbols', task ':react-native-masked-view_masked-view:copyReleaseJniLibsProjectAndLocalJars', task ':react-native-masked-view_masked-view:extractDeepLinksForAarRelease', task ':react-native-masked-view_masked-view:extractReleaseAnnotations', task ':react-native-masked-view_masked-view:mergeReleaseGeneratedProguardFiles', task ':react-native-masked-view_masked-view:mergeReleaseConsumerProguardFiles', task ':react-native-masked-view_masked-view:mergeReleaseJavaResource', task ':react-native-masked-view_masked-view:syncReleaseLibJars', task ':react-native-masked-view_masked-view:bundleReleaseLocalLintAar', task ':sentry_react-native:stripReleaseDebugSymbols', task ':sentry_react-native:copyReleaseJniLibsProjectAndLocalJars', task ':sentry_react-native:extractDeepLinksForAarRelease', task ':sentry_react-native:extractReleaseAnnotations', task ':sentry_react-native:mergeReleaseGeneratedProguardFiles', task ':sentry_react-native:mergeReleaseConsumerProguardFiles', task ':sentry_react-native:mergeReleaseJavaResource', task ':sentry_react-native:syncReleaseLibJars', task ':sentry_react-native:bundleReleaseLocalLintAar', task ':expo:stripReleaseDebugSymbols', task ':expo:copyReleaseJniLibsProjectAndLocalJars', task ':expo:extractDeepLinksForAarRelease', task ':expo:extractReleaseAnnotations', task ':expo:mergeReleaseGeneratedProguardFiles', task ':expo:mergeReleaseConsumerProguardFiles', task ':expo:mergeReleaseJavaResource', task ':expo:syncReleaseLibJars', task ':expo:bundleReleaseLocalLintAar', task ':react-native-linear-gradient:stripReleaseDebugSymbols', task ':react-native-linear-gradient:copyReleaseJniLibsProjectAndLocalJars', task ':react-native-linear-gradient:extractDeepLinksForAarRelease', task ':react-native-linear-gradient:extractReleaseAnnotations', task ':react-native-linear-gradient:mergeReleaseGeneratedProguardFiles', task ':react-native-linear-gradient:mergeReleaseConsumerProguardFiles', task ':react-native-linear-gradient:mergeReleaseJavaResource', task ':react-native-linear-gradient:syncReleaseLibJars', task ':react-native-linear-gradient:bundleReleaseLocalLintAar', task ':react-native-reanimated:stripReleaseDebugSymbols', task ':react-native-reanimated:copyReleaseJniLibsProjectAndLocalJars', task ':react-native-reanimated:extractDeepLinksForAarRelease', task ':react-native-reanimated:extractReleaseAnnotations', task ':react-native-reanimated:mergeReleaseGeneratedProguardFiles', task ':react-native-reanimated:mergeReleaseConsumerProguardFiles', task ':react-native-reanimated:mergeReleaseJavaResource', task ':react-native-reanimated:syncReleaseLibJars', task ':react-native-reanimated:bundleReleaseLocalLintAar', task ':react-native-worklets:stripReleaseDebugSymbols', task ':react-native-worklets:copyReleaseJniLibsProjectAndLocalJars', task ':react-native-worklets:extractDeepLinksForAarRelease', task ':react-native-worklets:extractReleaseAnnotations', task ':react-native-worklets:mergeReleaseGeneratedProguardFiles', task ':react-native-worklets:mergeReleaseConsumerProguardFiles', task ':react-native-worklets:mergeReleaseJavaResource', task ':react-native-worklets:syncReleaseLibJars', task ':react-native-worklets:bundleReleaseLocalLintAar', task ':expo-modules-core:stripReleaseDebugSymbols', task ':expo-modules-core:copyReleaseJniLibsProjectAndLocalJars', task ':expo-modules-core:extractDeepLinksForAarRelease', task ':expo-modules-core:extractReleaseAnnotations', task ':expo-modules-core:mergeReleaseGeneratedProguardFiles', task ':expo-modules-core:mergeReleaseConsumerProguardFiles', task ':expo-modules-core:mergeReleaseJavaResource', task ':expo-modules-core:syncReleaseLibJars', task ':expo-modules-core:bundleReleaseLocalLintAar', task ':expo-constants:stripReleaseDebugSymbols', task ':expo-constants:copyReleaseJniLibsProjectAndLocalJars', task ':expo-constants:extractDeepLinksForAarRelease', task ':expo-constants:extractReleaseAnnotations', task ':expo-constants:mergeReleaseGeneratedProguardFiles', task ':expo-constants:mergeReleaseConsumerProguardFiles', task ':expo-constants:mergeReleaseJavaResource', task ':expo-constants:syncReleaseLibJars', task ':expo-constants:bundleReleaseLocalLintAar', task ':expo-constants:writeReleaseLintModelMetadata', task ':expo-modules-core:writeReleaseLintModelMetadata', task ':expo:lintVitalAnalyzeRelease', task ':expo:writeReleaseLintModelMetadata', task ':expo-constants:lintVitalAnalyzeRelease', task ':expo-modules-core:lintVitalAnalyzeRelease', task ':nozbe_watermelondb:lintVitalAnalyzeRelease', task ':nozbe_watermelondb:writeReleaseLintModelMetadata', task ':react-native-async-storage_async-storage:lintVitalAnalyzeRelease', task ':react-native-async-storage_async-storage:writeReleaseLintModelMetadata', task ':react-native-community_netinfo:lintVitalAnalyzeRelease', task ':react-native-community_netinfo:writeReleaseLintModelMetadata', task ':react-native-reanimated:writeReleaseLintModelMetadata', task ':react-native-worklets:writeReleaseLintModelMetadata', task ':react-native-gesture-handler:lintVitalAnalyzeRelease', task ':react-native-gesture-handler:writeReleaseLintModelMetadata', task ':react-native-linear-gradient:lintVitalAnalyzeRelease', task ':react-native-linear-gradient:writeReleaseLintModelMetadata', task ':react-native-masked-view_masked-view:lintVitalAnalyzeRelease', task ':react-native-masked-view_masked-view:writeReleaseLintModelMetadata', task ':react-native-reanimated:lintVitalAnalyzeRelease', task ':react-native-safe-area-context:lintVitalAnalyzeRelease', task ':react-native-safe-area-context:writeReleaseLintModelMetadata', task ':react-native-screens:lintVitalAnalyzeRelease', task ':react-native-screens:writeReleaseLintModelMetadata', task ':react-native-webview:lintVitalAnalyzeRelease', task ':react-native-webview:writeReleaseLintModelMetadata', task ':react-native-worklets:lintVitalAnalyzeRelease', task ':sentry_react-native:lintVitalAnalyzeRelease', task ':sentry_react-native:writeReleaseLintModelMetadata', task ':app:lintVitalAnalyzeRelease', task ':expo:generateReleaseLintVitalModel', task ':expo-constants:generateReleaseLintVitalModel', task ':expo-modules-core:generateReleaseLintVitalModel', task ':nozbe_watermelondb:generateReleaseLintVitalModel', task ':react-native-async-storage_async-storage:generateReleaseLintVitalModel', task ':react-native-community_netinfo:generateReleaseLintVitalModel', task ':react-native-gesture-handler:generateReleaseLintVitalModel', task ':react-native-linear-gradient:generateReleaseLintVitalModel', task ':react-native-masked-view_masked-view:generateReleaseLintVitalModel', task ':react-native-reanimated:generateReleaseLintVitalModel', task ':react-native-safe-area-context:generateReleaseLintVitalModel', task ':react-native-screens:generateReleaseLintVitalModel', task ':react-native-webview:generateReleaseLintVitalModel', task ':react-native-worklets:generateReleaseLintVitalModel', task ':sentry_react-native:generateReleaseLintVitalModel', task ':app:lintVitalReportRelease', task ':app:lintVitalRelease', task ':app:processReleaseJavaRes', task ':app:mergeReleaseJavaResource', task ':app:optimizeReleaseResources', task ':app:collectReleaseDependencies', task ':app:sdkReleaseDependencyData', task ':app:validateSigningRelease', task ':app:writeReleaseAppMetadata', task ':app:writeReleaseSigningConfigVersions', task ':app:packageRelease', task ':app:createReleaseApkListingFileRedirect', task ':app:assembleRelease', task ':expo:bundleReleaseAar', task ':expo:mapReleaseSourceSetPaths', task ':expo:mergeReleaseResources', task ':expo:verifyReleaseResources', task ':expo:assembleRelease', task ':expo-constants:bundleReleaseAar', task ':expo-constants:mapReleaseSourceSetPaths', task ':expo-constants:mergeReleaseResources', task ':expo-constants:verifyReleaseResources', task ':expo-constants:assembleRelease', task ':expo-modules-core:bundleReleaseAar', task ':expo-modules-core:mapReleaseSourceSetPaths', task ':expo-modules-core:mergeReleaseResources', task ':expo-modules-core:verifyReleaseResources', task ':expo-modules-core:assembleRelease', task ':nozbe_watermelondb:bundleReleaseAar', task ':nozbe_watermelondb:mapReleaseSourceSetPaths', task ':nozbe_watermelondb:mergeReleaseResources', task ':nozbe_watermelondb:verifyReleaseResources', task ':nozbe_watermelondb:assembleRelease', task ':react-native-async-storage_async-storage:bundleReleaseAar', task ':react-native-async-storage_async-storage:mapReleaseSourceSetPaths', task ':react-native-async-storage_async-storage:mergeReleaseResources', task ':react-native-async-storage_async-storage:verifyReleaseResources', task ':react-native-async-storage_async-storage:assembleRelease', task ':react-native-community_netinfo:bundleReleaseAar', task ':react-native-community_netinfo:mapReleaseSourceSetPaths', task ':react-native-community_netinfo:mergeReleaseResources', task ':react-native-community_netinfo:verifyReleaseResources', task ':react-native-community_netinfo:assembleRelease', task ':react-native-gesture-handler:bundleReleaseAar', task ':react-native-gesture-handler:mapReleaseSourceSetPaths', task ':react-native-gesture-handler:mergeReleaseResources', task ':react-native-gesture-handler:verifyReleaseResources', task ':react-native-gesture-handler:assembleRelease', task ':react-native-linear-gradient:bundleReleaseAar', task ':react-native-linear-gradient:mapReleaseSourceSetPaths', task ':react-native-linear-gradient:mergeReleaseResources', task ':react-native-linear-gradient:verifyReleaseResources', task ':react-native-linear-gradient:assembleRelease', task ':react-native-masked-view_masked-view:bundleReleaseAar', task ':react-native-masked-view_masked-view:mapReleaseSourceSetPaths', task ':react-native-masked-view_masked-view:mergeReleaseResources', task ':react-native-masked-view_masked-view:verifyReleaseResources', task ':react-native-masked-view_masked-view:assembleRelease', task ':react-native-reanimated:bundleReleaseAar', task ':react-native-reanimated:mapReleaseSourceSetPaths', task ':react-native-reanimated:mergeReleaseResources', task ':react-native-reanimated:verifyReleaseResources', task ':react-native-reanimated:assembleRelease', task ':react-native-safe-area-context:bundleReleaseAar', task ':react-native-safe-area-context:mapReleaseSourceSetPaths', task ':react-native-safe-area-context:mergeReleaseResources', task ':react-native-safe-area-context:verifyReleaseResources', task ':react-native-safe-area-context:assembleRelease', task ':react-native-screens:bundleReleaseAar', task ':react-native-screens:mapReleaseSourceSetPaths', task ':react-native-screens:mergeReleaseResources', task ':react-native-screens:verifyReleaseResources', task ':react-native-screens:assembleRelease', task ':react-native-webview:bundleReleaseAar', task ':react-native-webview:mapReleaseSourceSetPaths', task ':react-native-webview:mergeReleaseResources', task ':react-native-webview:verifyReleaseResources', task ':react-native-webview:assembleRelease', task ':react-native-worklets:bundleReleaseAar', task ':react-native-worklets:mapReleaseSourceSetPaths', task ':react-native-worklets:mergeReleaseResources', task ':react-native-worklets:verifyReleaseResources', task ':react-native-worklets:assembleRelease', task ':sentry_react-native:bundleReleaseAar', task ':sentry_react-native:mapReleaseSourceSetPaths', task ':sentry_react-native:mergeReleaseResources', task ':sentry_react-native:verifyReleaseResources', task ':sentry_react-native:assembleRelease']
Tasks that were excluded: []
work action Parameters of ExtractAarTransform (Thread[#672,Execution worker Thread 4,5,main]) started.
work action Parameters of ExtractAarTransform (Thread[#679,Execution worker Thread 10,5,main]) started.
work action Parameters of ExtractAarTransform (Thread[#668,included builds Thread 2,5,main]) started.
work action Parameters of ClassesDirToClassesTransform (Thread[#670,Execution worker Thread 2,5,main]) started.
Resolve mutations for :nozbe_watermelondb:preBuild (Thread[#671,Execution worker Thread 3,5,main]) started.
work action Parameters of ExtractAarTransform (Thread[#684,Execution worker Thread 14,5,main]) started.
Resolve mutations for :react-native-community_netinfo:preBuild (Thread[#676,Execution worker Thread 8,5,main]) started.
Resolve mutations for :react-native-async-storage_async-storage:generateCodegenSchemaFromJavaScript (Thread[#682,Execution worker Thread 12,5,main]) started.
Resolve mutations for :expo-modules-core:preBuild (Thread[#685,Execution worker Thread 15,5,main]) started.
Resolve mutations for :react-native-masked-view_masked-view:preBuild (Thread[#675,Execution worker Thread 7,5,main]) started.
Resolve mutations for :react-native-linear-gradient:preBuild (Thread[#677,Execution worker Thread 9,5,main]) started.
:react-native-community_netinfo:preBuild (Thread[#671,Execution worker Thread 3,5,main]) started.
:nozbe_watermelondb:preBuild (Thread[#676,Execution worker Thread 8,5,main]) started.
Resolve mutations for :react-native-safe-area-context:generateCodegenSchemaFromJavaScript (Thread[#681,Execution worker Thread 11,5,main]) started.
Resolve mutations for :react-native-webview:generateCodegenSchemaFromJavaScript (Thread[#669,Execution worker,5,main]) started.
Resolve mutations for :react-native-worklets:assertMinimalReactNativeVersionTask (Thread[#683,Execution worker Thread 13,5,main]) started.
:react-native-linear-gradient:preBuild (Thread[#677,Execution worker Thread 9,5,main]) started.
Resolve mutations for :react-native-screens:generateCodegenSchemaFromJavaScript (Thread[#674,Execution worker Thread 6,5,main]) started.
Resolve mutations for :expo:generatePackagesList (Thread[#672,Execution worker Thread 4,5,main]) started.
:react-native-masked-view_masked-view:preBuild (Thread[#675,Execution worker Thread 7,5,main]) started.
Resolve mutations for :expo-constants:createExpoConfig (Thread[#668,included builds Thread 2,5,main]) started.
:expo-modules-core:preBuild (Thread[#685,Execution worker Thread 15,5,main]) started.
Resolve mutations for :react-native-reanimated:assertMinimalReactNativeVersionTask (Thread[#679,Execution worker Thread 10,5,main]) started.
Resolve mutations for :react-native-gesture-handler:generateCodegenSchemaFromJavaScript (Thread[#684,Execution worker Thread 14,5,main]) started.
:react-native-worklets:assertMinimalReactNativeVersionTask (Thread[#683,Execution worker Thread 13,5,main]) started.
work action Parameters of DexingNoClasspathTransform (Thread[#670,Execution worker Thread 2,5,main]) started.
Resolve mutations for :sentry_react-native:generateCodegenSchemaFromJavaScript (Thread[#673,Execution worker Thread 5,5,main]) started.
:expo:generatePackagesList (Thread[#672,Execution worker Thread 4,5,main]) started.
:react-native-reanimated:assertMinimalReactNativeVersionTask (Thread[#679,Execution worker Thread 10,5,main]) started.
work action Parameters of DexingOutputSplitTransform (Thread[#670,Execution worker Thread 2,5,main]) started.
:expo-constants:createExpoConfig (Thread[#668,included builds Thread 2,5,main]) started.
work action Parameters of IdentityTransform (Thread[#670,Execution worker Thread 2,5,main]) started.
work action Parameters of DexingOutputSplitTransform (Thread[#670,Execution worker Thread 2,5,main]) started.
work action Parameters of ExtractAarTransform (Thread[#670,Execution worker Thread 2,5,main]) started.
Resolve mutations for :app:generateAutolinkingNewArchitectureFiles (Thread[#670,Execution worker Thread 2,5,main]) started.
:react-native-async-storage_async-storage:generateCodegenSchemaFromJavaScript (Thread[#669,Execution worker,5,main]) started.
:react-native-safe-area-context:generateCodegenSchemaFromJavaScript (Thread[#682,Execution worker Thread 12,5,main]) started.
:react-native-webview:generateCodegenSchemaFromJavaScript (Thread[#681,Execution worker Thread 11,5,main]) started.
:react-native-screens:generateCodegenSchemaFromJavaScript (Thread[#674,Execution worker Thread 6,5,main]) started.
:react-native-gesture-handler:generateCodegenSchemaFromJavaScript (Thread[#684,Execution worker Thread 14,5,main]) started.

> Task :nozbe_watermelondb:preBuild UP-TO-DATE
Skipping task ':nozbe_watermelondb:preBuild' as it has no actions.
:sentry_react-native:generateCodegenSchemaFromJavaScript (Thread[#673,Execution worker Thread 5,5,main]) started.
Resolve mutations for :nozbe_watermelondb:preReleaseBuild (Thread[#676,Execution worker Thread 8,5,main]) started.
:nozbe_watermelondb:preReleaseBuild (Thread[#676,Execution worker Thread 8,5,main]) started.

> Task :react-native-community_netinfo:preBuild UP-TO-DATE
Skipping task ':react-native-community_netinfo:preBuild' as it has no actions.
Resolve mutations for :react-native-community_netinfo:preReleaseBuild (Thread[#671,Execution worker Thread 3,5,main]) started.

> Task :nozbe_watermelondb:preReleaseBuild UP-TO-DATE
Skipping task ':nozbe_watermelondb:preReleaseBuild' as it has no actions.
:app:generateAutolinkingNewArchitectureFiles (Thread[#670,Execution worker Thread 2,5,main]) started.
Resolve mutations for :nozbe_watermelondb:mergeReleaseJniLibFolders (Thread[#676,Execution worker Thread 8,5,main]) started.
:react-native-community_netinfo:preReleaseBuild (Thread[#671,Execution worker Thread 3,5,main]) started.

> Task :expo-modules-core:preBuild UP-TO-DATE
Skipping task ':expo-modules-core:preBuild' as it has no actions.

> Task :react-native-linear-gradient:preBuild UP-TO-DATE
Skipping task ':react-native-linear-gradient:preBuild' as it has no actions.
Resolve mutations for :expo-modules-core:preReleaseBuild (Thread[#685,Execution worker Thread 15,5,main]) started.
Resolve mutations for :react-native-linear-gradient:preReleaseBuild (Thread[#677,Execution worker Thread 9,5,main]) started.

> Task :react-native-masked-view_masked-view:preBuild UP-TO-DATE
Skipping task ':react-native-masked-view_masked-view:preBuild' as it has no actions.
:react-native-linear-gradient:preReleaseBuild (Thread[#677,Execution worker Thread 9,5,main]) started.
:expo-modules-core:preReleaseBuild (Thread[#685,Execution worker Thread 15,5,main]) started.
:nozbe_watermelondb:mergeReleaseJniLibFolders (Thread[#676,Execution worker Thread 8,5,main]) started.

> Task :react-native-community_netinfo:preReleaseBuild UP-TO-DATE
Skipping task ':react-native-community_netinfo:preReleaseBuild' as it has no actions.

> Task :expo-modules-core:preReleaseBuild UP-TO-DATE
Skipping task ':expo-modules-core:preReleaseBuild' as it has no actions.
Resolve mutations for :react-native-community_netinfo:mergeReleaseJniLibFolders (Thread[#671,Execution worker Thread 3,5,main]) started.

> Task :expo:generatePackagesList UP-TO-DATE
Caching disabled for task ':expo:generatePackagesList' because:
  Build cache is disabled
  Caching has not been enabled for the task
Skipping task ':expo:generatePackagesList' as it is up-to-date.
Resolve mutations for :expo-modules-core:configureCMakeRelWithDebInfo[arm64-v8a] (Thread[#685,Execution worker Thread 15,5,main]) started.
Resolve mutations for :react-native-masked-view_masked-view:preReleaseBuild (Thread[#675,Execution worker Thread 7,5,main]) started.
:react-native-masked-view_masked-view:preReleaseBuild (Thread[#675,Execution worker Thread 7,5,main]) started.
:expo-modules-core:configureCMakeRelWithDebInfo[arm64-v8a] (Thread[#685,Execution worker Thread 15,5,main]) started.
Resolve mutations for :expo:preBuild (Thread[#672,Execution worker Thread 4,5,main]) started.

> Task :react-native-linear-gradient:preReleaseBuild UP-TO-DATE
Skipping task ':react-native-linear-gradient:preReleaseBuild' as it has no actions.

> Task :react-native-masked-view_masked-view:preReleaseBuild UP-TO-DATE
Skipping task ':react-native-masked-view_masked-view:preReleaseBuild' as it has no actions.
:react-native-community_netinfo:mergeReleaseJniLibFolders (Thread[#671,Execution worker Thread 3,5,main]) started.
Resolve mutations for :react-native-linear-gradient:mergeReleaseJniLibFolders (Thread[#677,Execution worker Thread 9,5,main]) started.
:expo:preBuild (Thread[#672,Execution worker Thread 4,5,main]) started.
Resolve mutations for :react-native-masked-view_masked-view:mergeReleaseJniLibFolders (Thread[#675,Execution worker Thread 7,5,main]) started.
:react-native-linear-gradient:mergeReleaseJniLibFolders (Thread[#677,Execution worker Thread 9,5,main]) started.

> Task :expo:preBuild UP-TO-DATE
Skipping task ':expo:preBuild' as it has no actions.
:react-native-masked-view_masked-view:mergeReleaseJniLibFolders (Thread[#675,Execution worker Thread 7,5,main]) started.
Resolve mutations for :expo:preReleaseBuild (Thread[#672,Execution worker Thread 4,5,main]) started.
:expo:preReleaseBuild (Thread[#672,Execution worker Thread 4,5,main]) started.

> Task :nozbe_watermelondb:mergeReleaseJniLibFolders UP-TO-DATE
Caching disabled for task ':nozbe_watermelondb:mergeReleaseJniLibFolders' because:
  Build cache is disabled
  Simple merging task
Skipping task ':nozbe_watermelondb:mergeReleaseJniLibFolders' as it is up-to-date.

> Task :sentry_react-native:generateCodegenSchemaFromJavaScript UP-TO-DATE
Caching disabled for task ':sentry_react-native:generateCodegenSchemaFromJavaScript' because:
  Build cache is disabled
  Caching has not been enabled for the task
Skipping task ':sentry_react-native:generateCodegenSchemaFromJavaScript' as it is up-to-date.
Resolve mutations for :sentry_react-native:generateCodegenArtifactsFromSchema (Thread[#673,Execution worker Thread 5,5,main]) started.

> Task :react-native-screens:generateCodegenSchemaFromJavaScript UP-TO-DATE
Caching disabled for task ':react-native-screens:generateCodegenSchemaFromJavaScript' because:
  Build cache is disabled
  Caching has not been enabled for the task
Skipping task ':react-native-screens:generateCodegenSchemaFromJavaScript' as it is up-to-date.
Resolve mutations for :react-native-screens:generateCodegenArtifactsFromSchema (Thread[#674,Execution worker Thread 6,5,main]) started.
Resolve mutations for :nozbe_watermelondb:mergeReleaseNativeLibs (Thread[#676,Execution worker Thread 8,5,main]) started.

> Task :react-native-async-storage_async-storage:generateCodegenSchemaFromJavaScript UP-TO-DATE
Caching disabled for task ':react-native-async-storage_async-storage:generateCodegenSchemaFromJavaScript' because:
  Build cache is disabled
  Caching has not been enabled for the task
Skipping task ':react-native-async-storage_async-storage:generateCodegenSchemaFromJavaScript' as it is up-to-date.

> Task :react-native-webview:generateCodegenSchemaFromJavaScript UP-TO-DATE
Caching disabled for task ':react-native-webview:generateCodegenSchemaFromJavaScript' because:
  Build cache is disabled
  Caching has not been enabled for the task
Skipping task ':react-native-webview:generateCodegenSchemaFromJavaScript' as it is up-to-date.

> Task :react-native-gesture-handler:generateCodegenSchemaFromJavaScript UP-TO-DATE
Caching disabled for task ':react-native-gesture-handler:generateCodegenSchemaFromJavaScript' because:
  Build cache is disabled
  Caching has not been enabled for the task
Skipping task ':react-native-gesture-handler:generateCodegenSchemaFromJavaScript' as it is up-to-date.
:nozbe_watermelondb:mergeReleaseNativeLibs (Thread[#676,Execution worker Thread 8,5,main]) started.
Resolve mutations for :react-native-gesture-handler:generateCodegenArtifactsFromSchema (Thread[#684,Execution worker Thread 14,5,main]) started.

> Task :react-native-masked-view_masked-view:mergeReleaseJniLibFolders UP-TO-DATE
Caching disabled for task ':react-native-masked-view_masked-view:mergeReleaseJniLibFolders' because:
  Build cache is disabled
  Simple merging task
Skipping task ':react-native-masked-view_masked-view:mergeReleaseJniLibFolders' as it is up-to-date.

> Task :expo:preReleaseBuild UP-TO-DATE
Skipping task ':expo:preReleaseBuild' as it has no actions.

> Task :react-native-linear-gradient:mergeReleaseJniLibFolders UP-TO-DATE
Caching disabled for task ':react-native-linear-gradient:mergeReleaseJniLibFolders' because:
  Build cache is disabled
  Simple merging task
Skipping task ':react-native-linear-gradient:mergeReleaseJniLibFolders' as it is up-to-date.
Resolve mutations for :expo:mergeReleaseJniLibFolders (Thread[#672,Execution worker Thread 4,5,main]) started.

> Task :react-native-community_netinfo:mergeReleaseJniLibFolders UP-TO-DATE
Caching disabled for task ':react-native-community_netinfo:mergeReleaseJniLibFolders' because:
  Build cache is disabled
  Simple merging task
Skipping task ':react-native-community_netinfo:mergeReleaseJniLibFolders' as it is up-to-date.

> Task :react-native-safe-area-context:generateCodegenSchemaFromJavaScript UP-TO-DATE
Caching disabled for task ':react-native-safe-area-context:generateCodegenSchemaFromJavaScript' because:
  Build cache is disabled
  Caching has not been enabled for the task
Skipping task ':react-native-safe-area-context:generateCodegenSchemaFromJavaScript' as it is up-to-date.

> Task :app:generateAutolinkingNewArchitectureFiles UP-TO-DATE
Caching disabled for task ':app:generateAutolinkingNewArchitectureFiles' because:
  Build cache is disabled
  Caching has not been enabled for the task
Skipping task ':app:generateAutolinkingNewArchitectureFiles' as it is up-to-date.
Resolve mutations for :react-native-masked-view_masked-view:mergeReleaseNativeLibs (Thread[#675,Execution worker Thread 7,5,main]) started.
Resolve mutations for :react-native-safe-area-context:generateCodegenArtifactsFromSchema (Thread[#682,Execution worker Thread 12,5,main]) started.
:expo:mergeReleaseJniLibFolders (Thread[#672,Execution worker Thread 4,5,main]) started.
Resolve mutations for :react-native-community_netinfo:mergeReleaseNativeLibs (Thread[#671,Execution worker Thread 3,5,main]) started.
:react-native-masked-view_masked-view:mergeReleaseNativeLibs (Thread[#675,Execution worker Thread 7,5,main]) started.
Resolve mutations for :react-native-linear-gradient:mergeReleaseNativeLibs (Thread[#677,Execution worker Thread 9,5,main]) started.
Resolve mutations for :app:generateAutolinkingPackageList (Thread[#671,Execution worker Thread 3,5,main]) started.
:react-native-community_netinfo:mergeReleaseNativeLibs (Thread[#670,Execution worker Thread 2,5,main]) started.
Resolve mutations for :react-native-async-storage_async-storage:generateCodegenArtifactsFromSchema (Thread[#669,Execution worker,5,main]) started.
:react-native-linear-gradient:mergeReleaseNativeLibs (Thread[#677,Execution worker Thread 9,5,main]) started.
Resolve mutations for :react-native-webview:generateCodegenArtifactsFromSchema (Thread[#681,Execution worker Thread 11,5,main]) started.

> Task :nozbe_watermelondb:mergeReleaseNativeLibs NO-SOURCE
Skipping task ':nozbe_watermelondb:mergeReleaseNativeLibs' as it has no source files and no previous output files.

> Task :react-native-masked-view_masked-view:mergeReleaseNativeLibs NO-SOURCE
Skipping task ':react-native-masked-view_masked-view:mergeReleaseNativeLibs' as it has no source files and no previous output files.

> Task :react-native-community_netinfo:mergeReleaseNativeLibs NO-SOURCE
Skipping task ':react-native-community_netinfo:mergeReleaseNativeLibs' as it has no source files and no previous output files.
Resolve mutations for :nozbe_watermelondb:copyReleaseJniLibsProjectOnly (Thread[#675,Execution worker Thread 7,5,main]) started.
Resolve mutations for :react-native-masked-view_masked-view:copyReleaseJniLibsProjectOnly (Thread[#676,Execution worker Thread 8,5,main]) started.
Resolve mutations for :react-native-community_netinfo:copyReleaseJniLibsProjectOnly (Thread[#670,Execution worker Thread 2,5,main]) started.
:nozbe_watermelondb:copyReleaseJniLibsProjectOnly (Thread[#676,Execution worker Thread 8,5,main]) started.
:react-native-masked-view_masked-view:copyReleaseJniLibsProjectOnly (Thread[#675,Execution worker Thread 7,5,main]) started.
:react-native-community_netinfo:copyReleaseJniLibsProjectOnly (Thread[#670,Execution worker Thread 2,5,main]) started.

> Task :react-native-linear-gradient:mergeReleaseNativeLibs NO-SOURCE
Skipping task ':react-native-linear-gradient:mergeReleaseNativeLibs' as it has no source files and no previous output files.
Resolve mutations for :react-native-linear-gradient:copyReleaseJniLibsProjectOnly (Thread[#677,Execution worker Thread 9,5,main]) started.
:sentry_react-native:generateCodegenArtifactsFromSchema (Thread[#673,Execution worker Thread 5,5,main]) started.
:react-native-linear-gradient:copyReleaseJniLibsProjectOnly (Thread[#677,Execution worker Thread 9,5,main]) started.
:react-native-screens:generateCodegenArtifactsFromSchema (Thread[#674,Execution worker Thread 6,5,main]) started.
:app:generateAutolinkingPackageList (Thread[#671,Execution worker Thread 3,5,main]) started.

> Task :react-native-masked-view_masked-view:copyReleaseJniLibsProjectOnly UP-TO-DATE
Caching disabled for task ':react-native-masked-view_masked-view:copyReleaseJniLibsProjectOnly' because:
  Build cache is disabled
  Caching has been disabled for the task
Skipping task ':react-native-masked-view_masked-view:copyReleaseJniLibsProjectOnly' as it is up-to-date.

> Task :react-native-linear-gradient:copyReleaseJniLibsProjectOnly UP-TO-DATE
Caching disabled for task ':react-native-linear-gradient:copyReleaseJniLibsProjectOnly' because:
  Build cache is disabled
  Caching has been disabled for the task
Skipping task ':react-native-linear-gradient:copyReleaseJniLibsProjectOnly' as it is up-to-date.
work action resolve jni (project :react-native-masked-view_masked-view) (Thread[#677,Execution worker Thread 9,5,main]) started.

> Task :react-native-community_netinfo:copyReleaseJniLibsProjectOnly UP-TO-DATE
Caching disabled for task ':react-native-community_netinfo:copyReleaseJniLibsProjectOnly' because:
  Build cache is disabled
  Caching has been disabled for the task
Skipping task ':react-native-community_netinfo:copyReleaseJniLibsProjectOnly' as it is up-to-date.
work action resolve jni (project :react-native-linear-gradient) (Thread[#675,Execution worker Thread 7,5,main]) started.
work action resolve jni (project :react-native-community_netinfo) (Thread[#677,Execution worker Thread 9,5,main]) started.

> Task :nozbe_watermelondb:copyReleaseJniLibsProjectOnly UP-TO-DATE
Caching disabled for task ':nozbe_watermelondb:copyReleaseJniLibsProjectOnly' because:
  Build cache is disabled
  Caching has been disabled for the task
Skipping task ':nozbe_watermelondb:copyReleaseJniLibsProjectOnly' as it is up-to-date.
Resolve mutations for :react-native-community_netinfo:generateReleaseBuildConfig (Thread[#677,Execution worker Thread 9,5,main]) started.
work action resolve jni (project :nozbe_watermelondb) (Thread[#676,Execution worker Thread 8,5,main]) started.
Resolve mutations for :react-native-linear-gradient:generateReleaseBuildConfig (Thread[#675,Execution worker Thread 7,5,main]) started.
:react-native-community_netinfo:generateReleaseBuildConfig (Thread[#677,Execution worker Thread 9,5,main]) started.
:react-native-gesture-handler:generateCodegenArtifactsFromSchema (Thread[#684,Execution worker Thread 14,5,main]) started.
Resolve mutations for :react-native-masked-view_masked-view:generateReleaseBuildConfig (Thread[#670,Execution worker Thread 2,5,main]) started.
:react-native-linear-gradient:generateReleaseBuildConfig (Thread[#675,Execution worker Thread 7,5,main]) started.
Resolve mutations for :nozbe_watermelondb:checkKotlinGradlePluginConfigurationErrors (Thread[#676,Execution worker Thread 8,5,main]) started.
:nozbe_watermelondb:checkKotlinGradlePluginConfigurationErrors (Thread[#676,Execution worker Thread 8,5,main]) started.
:react-native-masked-view_masked-view:generateReleaseBuildConfig (Thread[#670,Execution worker Thread 2,5,main]) started.

> Task :nozbe_watermelondb:checkKotlinGradlePluginConfigurationErrors SKIPPED
Skipping task ':nozbe_watermelondb:checkKotlinGradlePluginConfigurationErrors' as task onlyIf 'errorDiagnostics are present' is false.
Resolve mutations for :nozbe_watermelondb:generateReleaseBuildConfig (Thread[#676,Execution worker Thread 8,5,main]) started.
:nozbe_watermelondb:generateReleaseBuildConfig (Thread[#676,Execution worker Thread 8,5,main]) started.
:react-native-safe-area-context:generateCodegenArtifactsFromSchema (Thread[#682,Execution worker Thread 12,5,main]) started.

> Task :react-native-linear-gradient:generateReleaseBuildConfig UP-TO-DATE
Caching disabled for task ':react-native-linear-gradient:generateReleaseBuildConfig' because:
  Build cache is disabled
Skipping task ':react-native-linear-gradient:generateReleaseBuildConfig' as it is up-to-date.
Resolve mutations for :react-native-linear-gradient:generateReleaseResValues (Thread[#675,Execution worker Thread 7,5,main]) started.
:react-native-webview:generateCodegenArtifactsFromSchema (Thread[#681,Execution worker Thread 11,5,main]) started.
:react-native-linear-gradient:generateReleaseResValues (Thread[#675,Execution worker Thread 7,5,main]) started.
:react-native-async-storage_async-storage:generateCodegenArtifactsFromSchema (Thread[#669,Execution worker,5,main]) started.

> Task :react-native-masked-view_masked-view:generateReleaseBuildConfig UP-TO-DATE
Caching disabled for task ':react-native-masked-view_masked-view:generateReleaseBuildConfig' because:
  Build cache is disabled
Skipping task ':react-native-masked-view_masked-view:generateReleaseBuildConfig' as it is up-to-date.
Resolve mutations for :react-native-masked-view_masked-view:generateReleaseResValues (Thread[#670,Execution worker Thread 2,5,main]) started.

> Task :react-native-community_netinfo:generateReleaseBuildConfig UP-TO-DATE
Caching disabled for task ':react-native-community_netinfo:generateReleaseBuildConfig' because:
  Build cache is disabled
Skipping task ':react-native-community_netinfo:generateReleaseBuildConfig' as it is up-to-date.
Resolve mutations for :react-native-community_netinfo:generateReleaseResValues (Thread[#677,Execution worker Thread 9,5,main]) started.
:react-native-masked-view_masked-view:generateReleaseResValues (Thread[#670,Execution worker Thread 2,5,main]) started.
:react-native-community_netinfo:generateReleaseResValues (Thread[#677,Execution worker Thread 9,5,main]) started.

> Task :nozbe_watermelondb:generateReleaseBuildConfig UP-TO-DATE
Caching disabled for task ':nozbe_watermelondb:generateReleaseBuildConfig' because:
  Build cache is disabled
Skipping task ':nozbe_watermelondb:generateReleaseBuildConfig' as it is up-to-date.
Resolve mutations for :nozbe_watermelondb:generateReleaseResValues (Thread[#676,Execution worker Thread 8,5,main]) started.

> Task :react-native-linear-gradient:generateReleaseResValues UP-TO-DATE
Caching disabled for task ':react-native-linear-gradient:generateReleaseResValues' because:
  Build cache is disabled
Skipping task ':react-native-linear-gradient:generateReleaseResValues' as it is up-to-date.
:nozbe_watermelondb:generateReleaseResValues (Thread[#676,Execution worker Thread 8,5,main]) started.
Resolve mutations for :react-native-linear-gradient:generateReleaseResources (Thread[#675,Execution worker Thread 7,5,main]) started.

> Task :react-native-community_netinfo:generateReleaseResValues UP-TO-DATE
Caching disabled for task ':react-native-community_netinfo:generateReleaseResValues' because:
  Build cache is disabled
Skipping task ':react-native-community_netinfo:generateReleaseResValues' as it is up-to-date.
:react-native-linear-gradient:generateReleaseResources (Thread[#675,Execution worker Thread 7,5,main]) started.
Resolve mutations for :react-native-community_netinfo:generateReleaseResources (Thread[#677,Execution worker Thread 9,5,main]) started.

> Task :react-native-masked-view_masked-view:generateReleaseResValues UP-TO-DATE
Caching disabled for task ':react-native-masked-view_masked-view:generateReleaseResValues' because:
  Build cache is disabled
Skipping task ':react-native-masked-view_masked-view:generateReleaseResValues' as it is up-to-date.

> Task :nozbe_watermelondb:generateReleaseResValues UP-TO-DATE
Caching disabled for task ':nozbe_watermelondb:generateReleaseResValues' because:
  Build cache is disabled
Skipping task ':nozbe_watermelondb:generateReleaseResValues' as it is up-to-date.
:react-native-community_netinfo:generateReleaseResources (Thread[#677,Execution worker Thread 9,5,main]) started.
Resolve mutations for :nozbe_watermelondb:generateReleaseResources (Thread[#670,Execution worker Thread 2,5,main]) started.
Resolve mutations for :react-native-masked-view_masked-view:generateReleaseResources (Thread[#676,Execution worker Thread 8,5,main]) started.
:nozbe_watermelondb:generateReleaseResources (Thread[#670,Execution worker Thread 2,5,main]) started.
:react-native-masked-view_masked-view:generateReleaseResources (Thread[#676,Execution worker Thread 8,5,main]) started.

> Task :nozbe_watermelondb:generateReleaseResources UP-TO-DATE
Caching disabled for task ':nozbe_watermelondb:generateReleaseResources' because:
  Build cache is disabled
Skipping task ':nozbe_watermelondb:generateReleaseResources' as it is up-to-date.
Resolve mutations for :nozbe_watermelondb:packageReleaseResources (Thread[#670,Execution worker Thread 2,5,main]) started.

> Task :react-native-linear-gradient:generateReleaseResources UP-TO-DATE
Caching disabled for task ':react-native-linear-gradient:generateReleaseResources' because:
  Build cache is disabled
Skipping task ':react-native-linear-gradient:generateReleaseResources' as it is up-to-date.

> Task :react-native-community_netinfo:generateReleaseResources UP-TO-DATE
Caching disabled for task ':react-native-community_netinfo:generateReleaseResources' because:
  Build cache is disabled
Skipping task ':react-native-community_netinfo:generateReleaseResources' as it is up-to-date.
Resolve mutations for :react-native-linear-gradient:packageReleaseResources (Thread[#675,Execution worker Thread 7,5,main]) started.
Resolve mutations for :react-native-community_netinfo:packageReleaseResources (Thread[#677,Execution worker Thread 9,5,main]) started.

> Task :react-native-masked-view_masked-view:generateReleaseResources UP-TO-DATE
Caching disabled for task ':react-native-masked-view_masked-view:generateReleaseResources' because:
  Build cache is disabled
Skipping task ':react-native-masked-view_masked-view:generateReleaseResources' as it is up-to-date.
:nozbe_watermelondb:packageReleaseResources (Thread[#670,Execution worker Thread 2,5,main]) started.
:react-native-community_netinfo:packageReleaseResources (Thread[#677,Execution worker Thread 9,5,main]) started.
Resolve mutations for :react-native-masked-view_masked-view:packageReleaseResources (Thread[#676,Execution worker Thread 8,5,main]) started.

> Task :app:generateAutolinkingPackageList UP-TO-DATE
Caching disabled for task ':app:generateAutolinkingPackageList' because:
  Build cache is disabled
  Caching has not been enabled for the task
Skipping task ':app:generateAutolinkingPackageList' as it is up-to-date.
:react-native-linear-gradient:packageReleaseResources (Thread[#675,Execution worker Thread 7,5,main]) started.
:react-native-masked-view_masked-view:packageReleaseResources (Thread[#676,Execution worker Thread 8,5,main]) started.
Resolve mutations for :app:generateCodegenSchemaFromJavaScript (Thread[#671,Execution worker Thread 3,5,main]) started.

> Task :nozbe_watermelondb:packageReleaseResources UP-TO-DATE
Caching disabled for task ':nozbe_watermelondb:packageReleaseResources' because:
  Build cache is disabled
Skipping task ':nozbe_watermelondb:packageReleaseResources' as it is up-to-date.

> Task :react-native-linear-gradient:packageReleaseResources UP-TO-DATE
Caching disabled for task ':react-native-linear-gradient:packageReleaseResources' because:
  Build cache is disabled
Skipping task ':react-native-linear-gradient:packageReleaseResources' as it is up-to-date.
work action resolve packageReleaseResources (project :nozbe_watermelondb) (Thread[#670,Execution worker Thread 2,5,main]) started.
Resolve mutations for :nozbe_watermelondb:parseReleaseLocalResources (Thread[#670,Execution worker Thread 2,5,main]) started.
work action resolve packageReleaseResources (project :react-native-linear-gradient) (Thread[#675,Execution worker Thread 7,5,main]) started.

> Task :react-native-masked-view_masked-view:packageReleaseResources UP-TO-DATE
Caching disabled for task ':react-native-masked-view_masked-view:packageReleaseResources' because:
  Build cache is disabled
Skipping task ':react-native-masked-view_masked-view:packageReleaseResources' as it is up-to-date.
Resolve mutations for :react-native-linear-gradient:parseReleaseLocalResources (Thread[#675,Execution worker Thread 7,5,main]) started.
work action resolve packageReleaseResources (project :react-native-masked-view_masked-view) (Thread[#676,Execution worker Thread 8,5,main]) started.
:nozbe_watermelondb:parseReleaseLocalResources (Thread[#670,Execution worker Thread 2,5,main]) started.
Resolve mutations for :react-native-masked-view_masked-view:parseReleaseLocalResources (Thread[#675,Execution worker Thread 7,5,main]) started.
:react-native-masked-view_masked-view:parseReleaseLocalResources (Thread[#675,Execution worker Thread 7,5,main]) started.
:react-native-linear-gradient:parseReleaseLocalResources (Thread[#676,Execution worker Thread 8,5,main]) started.

> Task :react-native-community_netinfo:packageReleaseResources UP-TO-DATE
Caching disabled for task ':react-native-community_netinfo:packageReleaseResources' because:
  Build cache is disabled
Skipping task ':react-native-community_netinfo:packageReleaseResources' as it is up-to-date.
work action resolve packageReleaseResources (project :react-native-community_netinfo) (Thread[#677,Execution worker Thread 9,5,main]) started.
Resolve mutations for :react-native-community_netinfo:parseReleaseLocalResources (Thread[#677,Execution worker Thread 9,5,main]) started.
:react-native-community_netinfo:parseReleaseLocalResources (Thread[#677,Execution worker Thread 9,5,main]) started.

> Task :expo:mergeReleaseJniLibFolders
Caching disabled for task ':expo:mergeReleaseJniLibFolders' because:
  Build cache is disabled
  Simple merging task
Task ':expo:mergeReleaseJniLibFolders' is not up-to-date because:
  Output property 'outputDir' file F:\git-repos\heal-log\frontend\node_modules\expo\android\build\intermediates\merged_jni_libs\release\mergeReleaseJniLibFolders\out has been removed.
The input changes require a full rebuild for incremental task ':expo:mergeReleaseJniLibFolders'.
Resolve mutations for :expo:mergeReleaseNativeLibs (Thread[#672,Execution worker Thread 4,5,main]) started.
:expo:mergeReleaseNativeLibs (Thread[#672,Execution worker Thread 4,5,main]) started.

> Task :expo:mergeReleaseNativeLibs NO-SOURCE
Skipping task ':expo:mergeReleaseNativeLibs' as it has no source files and no previous output files.
Resolve mutations for :expo:copyReleaseJniLibsProjectOnly (Thread[#672,Execution worker Thread 4,5,main]) started.
:expo:copyReleaseJniLibsProjectOnly (Thread[#672,Execution worker Thread 4,5,main]) started.
:app:generateCodegenSchemaFromJavaScript (Thread[#671,Execution worker Thread 3,5,main]) started.

> Task :app:generateCodegenSchemaFromJavaScript SKIPPED
Skipping task ':app:generateCodegenSchemaFromJavaScript' as task onlyIf 'Task satisfies onlyIf spec' is false.
Resolve mutations for :app:generateCodegenArtifactsFromSchema (Thread[#671,Execution worker Thread 3,5,main]) started.

> Task :react-native-masked-view_masked-view:parseReleaseLocalResources UP-TO-DATE
Caching disabled for task ':react-native-masked-view_masked-view:parseReleaseLocalResources' because:
  Build cache is disabled
Skipping task ':react-native-masked-view_masked-view:parseReleaseLocalResources' as it is up-to-date.
Resolve mutations for :react-native-masked-view_masked-view:generateReleaseRFile (Thread[#675,Execution worker Thread 7,5,main]) started.

> Task :react-native-community_netinfo:parseReleaseLocalResources UP-TO-DATE
Caching disabled for task ':react-native-community_netinfo:parseReleaseLocalResources' because:
  Build cache is disabled
Skipping task ':react-native-community_netinfo:parseReleaseLocalResources' as it is up-to-date.
Resolve mutations for :react-native-community_netinfo:generateReleaseRFile (Thread[#677,Execution worker Thread 9,5,main]) started.

> Task :nozbe_watermelondb:parseReleaseLocalResources UP-TO-DATE
Caching disabled for task ':nozbe_watermelondb:parseReleaseLocalResources' because:
  Build cache is disabled
Skipping task ':nozbe_watermelondb:parseReleaseLocalResources' as it is up-to-date.
Resolve mutations for :nozbe_watermelondb:generateReleaseRFile (Thread[#670,Execution worker Thread 2,5,main]) started.

> Task :expo:copyReleaseJniLibsProjectOnly
Caching disabled for task ':expo:copyReleaseJniLibsProjectOnly' because:
  Build cache is disabled
  Caching has been disabled for the task
Task ':expo:copyReleaseJniLibsProjectOnly' is not up-to-date because:
  Output property 'outputDirectory' file F:\git-repos\heal-log\frontend\node_modules\expo\android\build\intermediates\library_jni\release\copyReleaseJniLibsProjectOnly\jni has been removed.
work action resolve jni (project :expo) (Thread[#672,Execution worker Thread 4,5,main]) started.
Resolve mutations for :expo:checkKotlinGradlePluginConfigurationErrors (Thread[#672,Execution worker Thread 4,5,main]) started.
:expo:checkKotlinGradlePluginConfigurationErrors (Thread[#672,Execution worker Thread 4,5,main]) started.

> Task :expo:checkKotlinGradlePluginConfigurationErrors SKIPPED
Skipping task ':expo:checkKotlinGradlePluginConfigurationErrors' as task onlyIf 'errorDiagnostics are present' is false.
Resolve mutations for :expo:generateReleaseBuildConfig (Thread[#672,Execution worker Thread 4,5,main]) started.
:expo:generateReleaseBuildConfig (Thread[#672,Execution worker Thread 4,5,main]) started.
:app:generateCodegenArtifactsFromSchema (Thread[#671,Execution worker Thread 3,5,main]) started.

> Task :app:generateCodegenArtifactsFromSchema SKIPPED
Skipping task ':app:generateCodegenArtifactsFromSchema' as task onlyIf 'Task satisfies onlyIf spec' is false.
:react-native-community_netinfo:generateReleaseRFile (Thread[#677,Execution worker Thread 9,5,main]) started.
:nozbe_watermelondb:generateReleaseRFile (Thread[#670,Execution worker Thread 2,5,main]) started.
:react-native-masked-view_masked-view:generateReleaseRFile (Thread[#675,Execution worker Thread 7,5,main]) started.
Resolve mutations for :app:generateReactNativeEntryPoint (Thread[#671,Execution worker Thread 3,5,main]) started.
:app:generateReactNativeEntryPoint (Thread[#671,Execution worker Thread 3,5,main]) started.

> Task :expo:generateReleaseBuildConfig
Caching disabled for task ':expo:generateReleaseBuildConfig' because:
  Build cache is disabled
Task ':expo:generateReleaseBuildConfig' is not up-to-date because:
  Output property 'sourceOutputDir' file F:\git-repos\heal-log\frontend\node_modules\expo\android\build\generated\source\buildConfig\release has been removed.
  Output property 'sourceOutputDir' file F:\git-repos\heal-log\frontend\node_modules\expo\android\build\generated\source\buildConfig\release\expo has been removed.
  Output property 'sourceOutputDir' file F:\git-repos\heal-log\frontend\node_modules\expo\android\build\generated\source\buildConfig\release\expo\core has been removed.
  and more...
Resolve mutations for :expo:generateReleaseResValues (Thread[#672,Execution worker Thread 4,5,main]) started.
:expo:generateReleaseResValues (Thread[#672,Execution worker Thread 4,5,main]) started.

> Task :expo:generateReleaseResValues
Caching disabled for task ':expo:generateReleaseResValues' because:
  Build cache is disabled
Task ':expo:generateReleaseResValues' is not up-to-date because:
  Output property 'outputDirectory' file F:\git-repos\heal-log\frontend\node_modules\expo\android\build\generated\res\resValues\release has been removed.
Resolve mutations for :expo:generateReleaseResources (Thread[#672,Execution worker Thread 4,5,main]) started.
:expo:generateReleaseResources (Thread[#672,Execution worker Thread 4,5,main]) started.

> Task :app:generateReactNativeEntryPoint UP-TO-DATE
Caching disabled for task ':app:generateReactNativeEntryPoint' because:
  Build cache is disabled
  Caching has not been enabled for the task
Skipping task ':app:generateReactNativeEntryPoint' as it is up-to-date.
Resolve mutations for :react-native-linear-gradient:javaPreCompileRelease (Thread[#671,Execution worker Thread 3,5,main]) started.
:react-native-linear-gradient:javaPreCompileRelease (Thread[#671,Execution worker Thread 3,5,main]) started.

> Task :expo-modules-core:configureCMakeRelWithDebInfo[arm64-v8a]
Caching disabled for task ':expo-modules-core:configureCMakeRelWithDebInfo[arm64-v8a]' because:
  Build cache is disabled
  Caching has been disabled for the task
Task ':expo-modules-core:configureCMakeRelWithDebInfo[arm64-v8a]' is not up-to-date because:
  Task.upToDateWhen is false.
C/C++: F:\git-repos\heal-log\frontend\node_modules\expo-modules-core\android\CMakeLists.txt release|arm64-v8a : Start JSON generation. Platform version: 24 min SDK version: arm64-v8a
C/C++: F:\git-repos\heal-log\frontend\node_modules\expo-modules-core\android\CMakeLists.txt release|arm64-v8a : JSON 'F:\git-repos\heal-log\frontend\node_modules\expo-modules-core\android\.cxx\RelWithDebInfo\p5l4r321\arm64-v8a\android_gradle_build.json' was up-to-date
C/C++: F:\git-repos\heal-log\frontend\node_modules\expo-modules-core\android\CMakeLists.txt release|arm64-v8a : JSON generation completed without problems
C/C++: F:\git-repos\heal-log\frontend\node_modules\expo-modules-core\android\CMakeLists.txt release|arm64-v8a : Writing build model to F:\git-repos\heal-log\frontend\node_modules\expo-modules-core\android\build\intermediates\cxx\RelWithDebInfo\p5l4r321\logs\arm64-v8a\build_model.json
Resolve mutations for :expo-modules-core:buildCMakeRelWithDebInfo[arm64-v8a] (Thread[#685,Execution worker Thread 15,5,main]) started.
:expo-modules-core:buildCMakeRelWithDebInfo[arm64-v8a] (Thread[#685,Execution worker Thread 15,5,main]) started.

> Task :react-native-linear-gradient:parseReleaseLocalResources
Caching disabled for task ':react-native-linear-gradient:parseReleaseLocalResources' because:
  Build cache is disabled
Task ':react-native-linear-gradient:parseReleaseLocalResources' is not up-to-date because:
  Output property 'librarySymbolsFile' file F:\git-repos\heal-log\frontend\node_modules\react-native-linear-gradient\android\build\intermediates\local_only_symbol_list\release\parseReleaseLocalResources\R-def.txt has been removed.
The input changes require a full rebuild for incremental task ':react-native-linear-gradient:parseReleaseLocalResources'.

> Task :expo:generateReleaseResources
Caching disabled for task ':expo:generateReleaseResources' because:
  Build cache is disabled
Task ':expo:generateReleaseResources' is not up-to-date because:
  Output property 'validationReportFile' file F:\git-repos\heal-log\frontend\node_modules\expo\android\build\intermediates\nested_resources_validation_report\release\generateReleaseResources\nestedResourcesValidationReport.txt has been removed.
Resolve mutations for :expo:packageReleaseResources (Thread[#672,Execution worker Thread 4,5,main]) started.
Resolve mutations for :app:buildKotlinToolingMetadata (Thread[#676,Execution worker Thread 8,5,main]) started.
:app:buildKotlinToolingMetadata (Thread[#676,Execution worker Thread 8,5,main]) started.
:expo:packageReleaseResources (Thread[#672,Execution worker Thread 4,5,main]) started.

> Task :app:buildKotlinToolingMetadata UP-TO-DATE
Caching disabled for task ':app:buildKotlinToolingMetadata' because:
  Build cache is disabled
  Caching has been disabled for the task
Skipping task ':app:buildKotlinToolingMetadata' as it is up-to-date.
Resolve mutations for :nozbe_watermelondb:javaPreCompileRelease (Thread[#676,Execution worker Thread 8,5,main]) started.
:nozbe_watermelondb:javaPreCompileRelease (Thread[#676,Execution worker Thread 8,5,main]) started.

> Task :expo:packageReleaseResources
Caching disabled for task ':expo:packageReleaseResources' because:
  Build cache is disabled
Task ':expo:packageReleaseResources' is not up-to-date because:
  Output property 'dataBindingLayoutInfoOutFolder' file F:\git-repos\heal-log\frontend\node_modules\expo\android\build\intermediates\data_binding_layout_info_type_package\release\packageReleaseResources\out has been removed.
  Output property 'generatedPngsOutputDir' file F:\git-repos\heal-log\frontend\node_modules\expo\android\build\generated\res\pngs\release has been removed.
  Output property 'incrementalFolder' file F:\git-repos\heal-log\frontend\node_modules\expo\android\build\intermediates\incremental\release\packageReleaseResources has been removed.
  and more...
The input changes require a full rebuild for incremental task ':expo:packageReleaseResources'.
[MergeResources] Inputs are non-incremental full task action.
work action resolve packageReleaseResources (project :expo) (Thread[#672,Execution worker Thread 4,5,main]) started.
Resolve mutations for :react-native-community_netinfo:javaPreCompileRelease (Thread[#672,Execution worker Thread 4,5,main]) started.
:react-native-community_netinfo:javaPreCompileRelease (Thread[#672,Execution worker Thread 4,5,main]) started.

> Task :react-native-community_netinfo:javaPreCompileRelease
Caching disabled for task ':react-native-community_netinfo:javaPreCompileRelease' because:
  Build cache is disabled
Task ':react-native-community_netinfo:javaPreCompileRelease' is not up-to-date because:
  Output property 'annotationProcessorListFile' file F:\git-repos\heal-log\frontend\node_modules\@react-native-community\netinfo\android\build\intermediates\annotation_processor_list\release\javaPreCompileRelease\annotationProcessors.json has been removed.
Resolve mutations for :react-native-masked-view_masked-view:javaPreCompileRelease (Thread[#672,Execution worker Thread 4,5,main]) started.

> Task :react-native-linear-gradient:javaPreCompileRelease
Caching disabled for task ':react-native-linear-gradient:javaPreCompileRelease' because:
  Build cache is disabled
Task ':react-native-linear-gradient:javaPreCompileRelease' is not up-to-date because:
  Output property 'annotationProcessorListFile' file F:\git-repos\heal-log\frontend\node_modules\react-native-linear-gradient\android\build\intermediates\annotation_processor_list\release\javaPreCompileRelease\annotationProcessors.json has been removed.
Resolve mutations for :expo:parseReleaseLocalResources (Thread[#671,Execution worker Thread 3,5,main]) started.
:react-native-masked-view_masked-view:javaPreCompileRelease (Thread[#672,Execution worker Thread 4,5,main]) started.

> Task :nozbe_watermelondb:javaPreCompileRelease
Caching disabled for task ':nozbe_watermelondb:javaPreCompileRelease' because:
  Build cache is disabled
Task ':nozbe_watermelondb:javaPreCompileRelease' is not up-to-date because:
  Output property 'annotationProcessorListFile' file F:\git-repos\heal-log\frontend\node_modules\@nozbe\watermelondb\native\android\build\intermediates\annotation_processor_list\release\javaPreCompileRelease\annotationProcessors.json has been removed.
:expo:parseReleaseLocalResources (Thread[#671,Execution worker Thread 3,5,main]) started.
Resolve mutations for :react-native-linear-gradient:generateReleaseRFile (Thread[#676,Execution worker Thread 8,5,main]) started.
:react-native-linear-gradient:generateReleaseRFile (Thread[#676,Execution worker Thread 8,5,main]) started.

> Task :react-native-masked-view_masked-view:javaPreCompileRelease
Caching disabled for task ':react-native-masked-view_masked-view:javaPreCompileRelease' because:
  Build cache is disabled
Task ':react-native-masked-view_masked-view:javaPreCompileRelease' is not up-to-date because:
  Output property 'annotationProcessorListFile' file F:\git-repos\heal-log\frontend\node_modules\@react-native-masked-view\masked-view\android\build\intermediates\annotation_processor_list\release\javaPreCompileRelease\annotationProcessors.json has been removed.
Resolve mutations for :expo:javaPreCompileRelease (Thread[#672,Execution worker Thread 4,5,main]) started.
:expo:javaPreCompileRelease (Thread[#672,Execution worker Thread 4,5,main]) started.

> Task :expo:javaPreCompileRelease
Caching disabled for task ':expo:javaPreCompileRelease' because:
  Build cache is disabled
Task ':expo:javaPreCompileRelease' is not up-to-date because:
  Output property 'annotationProcessorListFile' file F:\git-repos\heal-log\frontend\node_modules\expo\android\build\intermediates\annotation_processor_list\release\javaPreCompileRelease\annotationProcessors.json has been removed.
Resolve mutations for :app:checkKotlinGradlePluginConfigurationErrors (Thread[#672,Execution worker Thread 4,5,main]) started.
:app:checkKotlinGradlePluginConfigurationErrors (Thread[#672,Execution worker Thread 4,5,main]) started.

> Task :app:checkKotlinGradlePluginConfigurationErrors SKIPPED
Skipping task ':app:checkKotlinGradlePluginConfigurationErrors' as task onlyIf 'errorDiagnostics are present' is false.
Resolve mutations for :expo:writeReleaseAarMetadata (Thread[#672,Execution worker Thread 4,5,main]) started.
:expo:writeReleaseAarMetadata (Thread[#672,Execution worker Thread 4,5,main]) started.

> Task :expo:writeReleaseAarMetadata
Caching disabled for task ':expo:writeReleaseAarMetadata' because:
  Build cache is disabled
  Caching has been disabled for the task
Task ':expo:writeReleaseAarMetadata' is not up-to-date because:
  Output property 'output' file F:\git-repos\heal-log\frontend\node_modules\expo\android\build\intermediates\aar_metadata\release\writeReleaseAarMetadata\aar-metadata.properties has been removed.
work action resolve aar-metadata.properties (project :expo) (Thread[#672,Execution worker Thread 4,5,main]) started.
Resolve mutations for :nozbe_watermelondb:writeReleaseAarMetadata (Thread[#672,Execution worker Thread 4,5,main]) started.
:nozbe_watermelondb:writeReleaseAarMetadata (Thread[#672,Execution worker Thread 4,5,main]) started.

> Task :nozbe_watermelondb:writeReleaseAarMetadata
Caching disabled for task ':nozbe_watermelondb:writeReleaseAarMetadata' because:
  Build cache is disabled
  Caching has been disabled for the task
Task ':nozbe_watermelondb:writeReleaseAarMetadata' is not up-to-date because:
  Output property 'output' file F:\git-repos\heal-log\frontend\node_modules\@nozbe\watermelondb\native\android\build\intermediates\aar_metadata\release\writeReleaseAarMetadata\aar-metadata.properties has been removed.
work action resolve aar-metadata.properties (project :nozbe_watermelondb) (Thread[#672,Execution worker Thread 4,5,main]) started.
Resolve mutations for :react-native-community_netinfo:writeReleaseAarMetadata (Thread[#672,Execution worker Thread 4,5,main]) started.
:react-native-community_netinfo:writeReleaseAarMetadata (Thread[#672,Execution worker Thread 4,5,main]) started.

> Task :expo:parseReleaseLocalResources
Caching disabled for task ':expo:parseReleaseLocalResources' because:
  Build cache is disabled
Task ':expo:parseReleaseLocalResources' is not up-to-date because:
  Output property 'librarySymbolsFile' file F:\git-repos\heal-log\frontend\node_modules\expo\android\build\intermediates\local_only_symbol_list\release\parseReleaseLocalResources\R-def.txt has been removed.
The input changes require a full rebuild for incremental task ':expo:parseReleaseLocalResources'.
Resolve mutations for :expo:generateReleaseRFile (Thread[#671,Execution worker Thread 3,5,main]) started.
:expo:generateReleaseRFile (Thread[#671,Execution worker Thread 3,5,main]) started.

> Task :react-native-community_netinfo:writeReleaseAarMetadata
Caching disabled for task ':react-native-community_netinfo:writeReleaseAarMetadata' because:
  Build cache is disabled
  Caching has been disabled for the task
Task ':react-native-community_netinfo:writeReleaseAarMetadata' is not up-to-date because:
  Output property 'output' file F:\git-repos\heal-log\frontend\node_modules\@react-native-community\netinfo\android\build\intermediates\aar_metadata\release\writeReleaseAarMetadata\aar-metadata.properties has been removed.
work action resolve aar-metadata.properties (project :react-native-community_netinfo) (Thread[#672,Execution worker Thread 4,5,main]) started.
Resolve mutations for :react-native-linear-gradient:writeReleaseAarMetadata (Thread[#672,Execution worker Thread 4,5,main]) started.
:react-native-linear-gradient:writeReleaseAarMetadata (Thread[#672,Execution worker Thread 4,5,main]) started.

> Task :nozbe_watermelondb:generateReleaseRFile
Caching disabled for task ':nozbe_watermelondb:generateReleaseRFile' because:
  Build cache is disabled
Task ':nozbe_watermelondb:generateReleaseRFile' is not up-to-date because:
  Output property 'RClassOutputJar' file F:\git-repos\heal-log\frontend\node_modules\@nozbe\watermelondb\native\android\build\intermediates\compile_r_class_jar\release\generateReleaseRFile\R.jar has been removed.
  Output property 'symbolsWithPackageNameOutputFile' file F:\git-repos\heal-log\frontend\node_modules\@nozbe\watermelondb\native\android\build\intermediates\symbol_list_with_package_name\release\generateReleaseRFile\package-aware-r.txt has been removed.
  Output property 'textSymbolOutputFileProperty' file F:\git-repos\heal-log\frontend\node_modules\@nozbe\watermelondb\native\android\build\intermediates\compile_symbol_list\release\generateReleaseRFile\R.txt has been removed.
The input changes require a full rebuild for incremental task ':nozbe_watermelondb:generateReleaseRFile'.

> Task :react-native-masked-view_masked-view:generateReleaseRFile
Caching disabled for task ':react-native-masked-view_masked-view:generateReleaseRFile' because:
  Build cache is disabled
Task ':react-native-masked-view_masked-view:generateReleaseRFile' is not up-to-date because:
  Output property 'RClassOutputJar' file F:\git-repos\heal-log\frontend\node_modules\@react-native-masked-view\masked-view\android\build\intermediates\compile_r_class_jar\release\generateReleaseRFile\R.jar has been removed.
  Output property 'symbolsWithPackageNameOutputFile' file F:\git-repos\heal-log\frontend\node_modules\@react-native-masked-view\masked-view\android\build\intermediates\symbol_list_with_package_name\release\generateReleaseRFile\package-aware-r.txt has been removed.
  Output property 'textSymbolOutputFileProperty' file F:\git-repos\heal-log\frontend\node_modules\@react-native-masked-view\masked-view\android\build\intermediates\compile_symbol_list\release\generateReleaseRFile\R.txt has been removed.
The input changes require a full rebuild for incremental task ':react-native-masked-view_masked-view:generateReleaseRFile'.

> Task :react-native-linear-gradient:generateReleaseRFile
Caching disabled for task ':react-native-linear-gradient:generateReleaseRFile' because:
  Build cache is disabled
Task ':react-native-linear-gradient:generateReleaseRFile' is not up-to-date because:
  Output property 'RClassOutputJar' file F:\git-repos\heal-log\frontend\node_modules\react-native-linear-gradient\android\build\intermediates\compile_r_class_jar\release\generateReleaseRFile\R.jar has been removed.
  Output property 'symbolsWithPackageNameOutputFile' file F:\git-repos\heal-log\frontend\node_modules\react-native-linear-gradient\android\build\intermediates\symbol_list_with_package_name\release\generateReleaseRFile\package-aware-r.txt has been removed.
  Output property 'textSymbolOutputFileProperty' file F:\git-repos\heal-log\frontend\node_modules\react-native-linear-gradient\android\build\intermediates\compile_symbol_list\release\generateReleaseRFile\R.txt has been removed.
The input changes require a full rebuild for incremental task ':react-native-linear-gradient:generateReleaseRFile'.

> Task :react-native-community_netinfo:generateReleaseRFile
Caching disabled for task ':react-native-community_netinfo:generateReleaseRFile' because:
  Build cache is disabled
Task ':react-native-community_netinfo:generateReleaseRFile' is not up-to-date because:
  Output property 'RClassOutputJar' file F:\git-repos\heal-log\frontend\node_modules\@react-native-community\netinfo\android\build\intermediates\compile_r_class_jar\release\generateReleaseRFile\R.jar has been removed.
  Output property 'symbolsWithPackageNameOutputFile' file F:\git-repos\heal-log\frontend\node_modules\@react-native-community\netinfo\android\build\intermediates\symbol_list_with_package_name\release\generateReleaseRFile\package-aware-r.txt has been removed.
  Output property 'textSymbolOutputFileProperty' file F:\git-repos\heal-log\frontend\node_modules\@react-native-community\netinfo\android\build\intermediates\compile_symbol_list\release\generateReleaseRFile\R.txt has been removed.
The input changes require a full rebuild for incremental task ':react-native-community_netinfo:generateReleaseRFile'.
work action resolve package-aware-r.txt (project :nozbe_watermelondb) (Thread[#676,Execution worker Thread 8,5,main]) started.
work action resolve package-aware-r.txt (project :react-native-community_netinfo) (Thread[#677,Execution worker Thread 9,5,main]) started.
work action resolve package-aware-r.txt (project :react-native-masked-view_masked-view) (Thread[#675,Execution worker Thread 7,5,main]) started.
Resolve mutations for :nozbe_watermelondb:compileReleaseKotlin (Thread[#676,Execution worker Thread 8,5,main]) started.
Resolve mutations for :react-native-masked-view_masked-view:compileReleaseJavaWithJavac (Thread[#675,Execution worker Thread 7,5,main]) started.
Resolve mutations for :app:createBundleReleaseJsAndAssets (Thread[#670,Execution worker Thread 2,5,main]) started.
Resolve mutations for :react-native-community_netinfo:compileReleaseJavaWithJavac (Thread[#677,Execution worker Thread 9,5,main]) started.
:nozbe_watermelondb:compileReleaseKotlin (Thread[#676,Execution worker Thread 8,5,main]) started.
work action resolve package-aware-r.txt (project :react-native-linear-gradient) (Thread[#677,Execution worker Thread 9,5,main]) started.
:react-native-community_netinfo:compileReleaseJavaWithJavac (Thread[#675,Execution worker Thread 7,5,main]) started.
:react-native-masked-view_masked-view:compileReleaseJavaWithJavac (Thread[#677,Execution worker Thread 9,5,main]) started.

> Task :react-native-linear-gradient:writeReleaseAarMetadata
Caching disabled for task ':react-native-linear-gradient:writeReleaseAarMetadata' because:
  Build cache is disabled
  Caching has been disabled for the task
Task ':react-native-linear-gradient:writeReleaseAarMetadata' is not up-to-date because:
  Output property 'output' file F:\git-repos\heal-log\frontend\node_modules\react-native-linear-gradient\android\build\intermediates\aar_metadata\release\writeReleaseAarMetadata\aar-metadata.properties has been removed.
work action resolve aar-metadata.properties (project :react-native-linear-gradient) (Thread[#672,Execution worker Thread 4,5,main]) started.
Resolve mutations for :react-native-linear-gradient:compileReleaseJavaWithJavac (Thread[#672,Execution worker Thread 4,5,main]) started.
:react-native-linear-gradient:compileReleaseJavaWithJavac (Thread[#670,Execution worker Thread 2,5,main]) started.
:app:createBundleReleaseJsAndAssets (Thread[#672,Execution worker Thread 4,5,main]) started.

> Task :expo:generateReleaseRFile
Caching disabled for task ':expo:generateReleaseRFile' because:
  Build cache is disabled
Task ':expo:generateReleaseRFile' is not up-to-date because:
  Output property 'RClassOutputJar' file F:\git-repos\heal-log\frontend\node_modules\expo\android\build\intermediates\compile_r_class_jar\release\generateReleaseRFile\R.jar has been removed.
  Output property 'symbolsWithPackageNameOutputFile' file F:\git-repos\heal-log\frontend\node_modules\expo\android\build\intermediates\symbol_list_with_package_name\release\generateReleaseRFile\package-aware-r.txt has been removed.
  Output property 'textSymbolOutputFileProperty' file F:\git-repos\heal-log\frontend\node_modules\expo\android\build\intermediates\compile_symbol_list\release\generateReleaseRFile\R.txt has been removed.
The input changes require a full rebuild for incremental task ':expo:generateReleaseRFile'.
work action resolve package-aware-r.txt (project :expo) (Thread[#671,Execution worker Thread 3,5,main]) started.
Resolve mutations for :expo:extractDeepLinksRelease (Thread[#671,Execution worker Thread 3,5,main]) started.
:expo:extractDeepLinksRelease (Thread[#671,Execution worker Thread 3,5,main]) started.

> Task :nozbe_watermelondb:compileReleaseKotlin NO-SOURCE
Skipping task ':nozbe_watermelondb:compileReleaseKotlin' as it has no source files and no previous output files.
Resolve mutations for :nozbe_watermelondb:compileReleaseJavaWithJavac (Thread[#676,Execution worker Thread 8,5,main]) started.
:nozbe_watermelondb:compileReleaseJavaWithJavac (Thread[#676,Execution worker Thread 8,5,main]) started.

> Task :expo:extractDeepLinksRelease
Caching disabled for task ':expo:extractDeepLinksRelease' because:
  Build cache is disabled
Task ':expo:extractDeepLinksRelease' is not up-to-date because:
  Output property 'navigationJson' file F:\git-repos\heal-log\frontend\node_modules\expo\android\build\intermediates\navigation_json\release\extractDeepLinksRelease\navigation.json has been removed.
work action resolve navigation.json (project :expo) (Thread[#671,Execution worker Thread 3,5,main]) started.
Resolve mutations for :expo:processReleaseManifest (Thread[#671,Execution worker Thread 3,5,main]) started.
:expo:processReleaseManifest (Thread[#671,Execution worker Thread 3,5,main]) started.

> Task :react-native-reanimated:assertMinimalReactNativeVersionTask
Caching disabled for task ':react-native-reanimated:assertMinimalReactNativeVersionTask' because:
  Build cache is disabled
Task ':react-native-reanimated:assertMinimalReactNativeVersionTask' is not up-to-date because:
  Task has not declared any outputs despite executing actions.
Starting process 'command 'node''. Working directory: F:\git-repos\heal-log\frontend\node_modules\react-native-reanimated\android Command: node ./../scripts/validate-react-native-version.js 0.81.5
Successfully started process 'command 'node''
Resolve mutations for :react-native-reanimated:assertNewArchitectureEnabledTask (Thread[#679,Execution worker Thread 10,5,main]) started.
:react-native-reanimated:assertNewArchitectureEnabledTask (Thread[#679,Execution worker Thread 10,5,main]) started.

> Task :react-native-worklets:assertMinimalReactNativeVersionTask
Caching disabled for task ':react-native-worklets:assertMinimalReactNativeVersionTask' because:
  Build cache is disabled
Task ':react-native-worklets:assertMinimalReactNativeVersionTask' is not up-to-date because:
  Task has not declared any outputs despite executing actions.
Starting process 'command 'node''. Working directory: F:\git-repos\heal-log\frontend\node_modules\react-native-worklets\android Command: node ./../scripts/validate-react-native-version.js 0.81.5
Successfully started process 'command 'node''

> Task :react-native-reanimated:assertNewArchitectureEnabledTask SKIPPED
Skipping task ':react-native-reanimated:assertNewArchitectureEnabledTask' as task onlyIf 'Task satisfies onlyIf closure' is false.
Resolve mutations for :react-native-worklets:assertNewArchitectureEnabledTask (Thread[#683,Execution worker Thread 13,5,main]) started.
Resolve mutations for :react-native-reanimated:assertWorkletsVersionTask (Thread[#679,Execution worker Thread 10,5,main]) started.
:react-native-worklets:assertNewArchitectureEnabledTask (Thread[#683,Execution worker Thread 13,5,main]) started.
:react-native-reanimated:assertWorkletsVersionTask (Thread[#679,Execution worker Thread 10,5,main]) started.

> Task :react-native-worklets:assertNewArchitectureEnabledTask SKIPPED
Skipping task ':react-native-worklets:assertNewArchitectureEnabledTask' as task onlyIf 'Task satisfies onlyIf closure' is false.
Resolve mutations for :react-native-worklets:generateCodegenSchemaFromJavaScript (Thread[#683,Execution worker Thread 13,5,main]) started.
:react-native-worklets:generateCodegenSchemaFromJavaScript (Thread[#683,Execution worker Thread 13,5,main]) started.

> Task :react-native-worklets:generateCodegenSchemaFromJavaScript UP-TO-DATE
Caching disabled for task ':react-native-worklets:generateCodegenSchemaFromJavaScript' because:
  Build cache is disabled
  Caching has not been enabled for the task
Skipping task ':react-native-worklets:generateCodegenSchemaFromJavaScript' as it is up-to-date.
Resolve mutations for :react-native-worklets:generateCodegenArtifactsFromSchema (Thread[#683,Execution worker Thread 13,5,main]) started.
:react-native-worklets:generateCodegenArtifactsFromSchema (Thread[#683,Execution worker Thread 13,5,main]) started.

> Task :expo-constants:createExpoConfig FAILED
Custom actions are attached to task ':expo-constants:createExpoConfig'.
Caching disabled for task ':expo-constants:createExpoConfig' because:
  Build cache is disabled
  Gradle would require more information to cache this task
Task ':expo-constants:createExpoConfig' is not up-to-date because:
  Task.upToDateWhen is false.
Starting process 'command 'cmd''. Working directory: F:\git-repos\heal-log\frontend\android Command: cmd /c node F:\git-repos\heal-log\frontend\node_modules\expo-constants/scripts/getAppConfig.js F:\git-repos\heal-log\frontend\android F:\git-repos\heal-log\frontend\node_modules\expo-constants\android\build\generated\assets\expo-constants
Successfully started process 'command 'cmd''
The NODE_ENV environment variable is required but was not specified. Ensure the project is bundled with Expo CLI or NODE_ENV is set. Using only .env.local and .env
F:\git-repos\heal-log\frontend\node_modules\@expo\config-plugins\build\plugins\withStaticPlugin.js:126
        throw error;
        ^

PluginError: Failed to resolve plugin for module "expo-notifications" relative to "F:\git-repos\heal-log\frontend". Do you have node modules installed?
    at resolvePluginForModule (F:\git-repos\heal-log\frontend\node_modules\@expo\config-plugins\build\utils\plugin-resolver.js:96:9)
    at resolveConfigPluginFunctionWithInfo (F:\git-repos\heal-log\frontend\node_modules\@expo\config-plugins\build\utils\plugin-resolver.js:145:7)
    at resolveConfigPluginFunction (F:\git-repos\heal-log\frontend\node_modules\@expo\config-plugins\build\utils\plugin-resolver.js:136:7)
    at withStaticPlugin (F:\git-repos\heal-log\frontend\node_modules\@expo\config-plugins\build\plugins\withStaticPlugin.js:85:70)
    at F:\git-repos\heal-log\frontend\node_modules\@expo\config-plugins\build\plugins\withPlugins.js:30:84
    at Array.reduce (<anonymous>)
    at withPlugins (F:\git-repos\heal-log\frontend\node_modules\@expo\config-plugins\build\plugins\withPlugins.js:30:18)
    at withConfigPlugins (F:\git-repos\heal-log\frontend\node_modules\@expo\config\build\plugins\withConfigPlugins.js:35:47)
    at fillAndReturnConfig (F:\git-repos\heal-log\frontend\node_modules\@expo\config\build\Config.js:236:78)
    at getConfig (F:\git-repos\heal-log\frontend\node_modules\@expo\config\build\Config.js:293:10) {
  isPluginError: true,
  code: 'PLUGIN_NOT_FOUND',
  cause: undefined
}

Node.js v22.11.0

> Task :react-native-reanimated:assertWorkletsVersionTask
Caching disabled for task ':react-native-reanimated:assertWorkletsVersionTask' because:
  Build cache is disabled
Task ':react-native-reanimated:assertWorkletsVersionTask' is not up-to-date because:
  Task has not declared any outputs despite executing actions.
Starting process 'command 'node''. Working directory: F:\git-repos\heal-log\frontend\node_modules\react-native-reanimated\android Command: node ./../scripts/validate-worklets-build.js
Successfully started process 'command 'node''

> Task :expo:processReleaseManifest
Caching disabled for task ':expo:processReleaseManifest' because:
  Build cache is disabled
Task ':expo:processReleaseManifest' is not up-to-date because:
  Output property 'aaptFriendlyManifestOutputDirectory' file F:\git-repos\heal-log\frontend\node_modules\expo\android\build\intermediates\aapt_friendly_merged_manifests\release\processReleaseManifest\aapt has been removed.
  Output property 'aaptFriendlyManifestOutputDirectory' file F:\git-repos\heal-log\frontend\node_modules\expo\android\build\intermediates\aapt_friendly_merged_manifests\release\processReleaseManifest\aapt\AndroidManifest.xml has been removed.
  Output property 'aaptFriendlyManifestOutputDirectory' file F:\git-repos\heal-log\frontend\node_modules\expo\android\build\intermediates\aapt_friendly_merged_manifests\release\processReleaseManifest\aapt\output-metadata.json has been removed.
  and more...
Merging main manifest F:\git-repos\heal-log\frontend\node_modules\expo\android\src\main\AndroidManifest.xml

Merging result: SUCCESS
1<?xml version="1.0" encoding="utf-8"?>
2<manifest xmlns:android="http://schemas.android.com/apk/res/android"
3    package="expo.core" >
4
5    <uses-sdk android:minSdkVersion="24" />
6
7</manifest>

Merged manifest saved to F:\git-repos\heal-log\frontend\node_modules\expo\android\build\intermediates\merged_manifest\release\processReleaseManifest\AndroidManifest.xml

> Task :react-native-async-storage_async-storage:generateCodegenArtifactsFromSchema
Caching disabled for task ':react-native-async-storage_async-storage:generateCodegenArtifactsFromSchema' because:
  Build cache is disabled
  Caching has not been enabled for the task
Task ':react-native-async-storage_async-storage:generateCodegenArtifactsFromSchema' is not up-to-date because:
  Output property 'generatedJavaFiles' file F:\git-repos\heal-log\frontend\node_modules\@react-native-async-storage\async-storage\android\build\generated\source\codegen\java has been removed.
  Output property 'generatedJavaFiles' file F:\git-repos\heal-log\frontend\node_modules\@react-native-async-storage\async-storage\android\build\generated\source\codegen\java\com has been removed.
  Output property 'generatedJavaFiles' file F:\git-repos\heal-log\frontend\node_modules\@react-native-async-storage\async-storage\android\build\generated\source\codegen\java\com\reactnativecommunity has been removed.
  and more...
Starting process 'command 'cmd''. Working directory: F:\git-repos\heal-log\frontend\node_modules\@react-native-async-storage\async-storage\android Command: cmd /c node ..\..\..\react-native\scripts\generate-specs-cli.js --platform android --schemaPath build\generated\source\codegen\schema.json --outputDir build\generated\source\codegen --libraryName rnasyncstorage --javaPackageName com.reactnativecommunity.asyncstorage
Successfully started process 'command 'cmd''

> Task :react-native-gesture-handler:generateCodegenArtifactsFromSchema
Caching disabled for task ':react-native-gesture-handler:generateCodegenArtifactsFromSchema' because:
  Build cache is disabled
  Caching has not been enabled for the task
Task ':react-native-gesture-handler:generateCodegenArtifactsFromSchema' is not up-to-date because:
  Output property 'generatedJavaFiles' file F:\git-repos\heal-log\frontend\node_modules\react-native-gesture-handler\android\build\generated\source\codegen\java has been removed.
  Output property 'generatedJavaFiles' file F:\git-repos\heal-log\frontend\node_modules\react-native-gesture-handler\android\build\generated\source\codegen\java\com has been removed.
  Output property 'generatedJavaFiles' file F:\git-repos\heal-log\frontend\node_modules\react-native-gesture-handler\android\build\generated\source\codegen\java\com\facebook has been removed.
  and more...
Starting process 'command 'cmd''. Working directory: F:\git-repos\heal-log\frontend\node_modules\react-native-gesture-handler\android Command: cmd /c node ..\..\react-native\scripts\generate-specs-cli.js --platform android --schemaPath build\generated\source\codegen\schema.json --outputDir build\generated\source\codegen --libraryName rngesturehandler_codegen --javaPackageName com.swmansion.gesturehandler
Successfully started process 'command 'cmd''

> Task :sentry_react-native:generateCodegenArtifactsFromSchema
Caching disabled for task ':sentry_react-native:generateCodegenArtifactsFromSchema' because:
  Build cache is disabled
  Caching has not been enabled for the task
Task ':sentry_react-native:generateCodegenArtifactsFromSchema' is not up-to-date because:
  Output property 'generatedJavaFiles' file F:\git-repos\heal-log\frontend\node_modules\@sentry\react-native\android\build\generated\source\codegen\java has been removed.
  Output property 'generatedJavaFiles' file F:\git-repos\heal-log\frontend\node_modules\@sentry\react-native\android\build\generated\source\codegen\java\com has been removed.
  Output property 'generatedJavaFiles' file F:\git-repos\heal-log\frontend\node_modules\@sentry\react-native\android\build\generated\source\codegen\java\com\facebook has been removed.
  and more...
Starting process 'command 'cmd''. Working directory: F:\git-repos\heal-log\frontend\node_modules\@sentry\react-native\android Command: cmd /c node ..\..\..\react-native\scripts\generate-specs-cli.js --platform android --schemaPath build\generated\source\codegen\schema.json --outputDir build\generated\source\codegen --libraryName RNSentrySpec --javaPackageName io.sentry.react
Successfully started process 'command 'cmd''

> Task :react-native-webview:generateCodegenArtifactsFromSchema
Caching disabled for task ':react-native-webview:generateCodegenArtifactsFromSchema' because:
  Build cache is disabled
  Caching has not been enabled for the task
Task ':react-native-webview:generateCodegenArtifactsFromSchema' is not up-to-date because:
  Output property 'generatedJavaFiles' file F:\git-repos\heal-log\frontend\node_modules\react-native-webview\android\build\generated\source\codegen\java has been removed.
  Output property 'generatedJavaFiles' file F:\git-repos\heal-log\frontend\node_modules\react-native-webview\android\build\generated\source\codegen\java\com has been removed.
  Output property 'generatedJavaFiles' file F:\git-repos\heal-log\frontend\node_modules\react-native-webview\android\build\generated\source\codegen\java\com\facebook has been removed.
  and more...
Starting process 'command 'cmd''. Working directory: F:\git-repos\heal-log\frontend\node_modules\react-native-webview\android Command: cmd /c node ..\..\react-native\scripts\generate-specs-cli.js --platform android --schemaPath build\generated\source\codegen\schema.json --outputDir build\generated\source\codegen --libraryName RNCWebViewSpec --javaPackageName com.reactnativecommunity.webview
Successfully started process 'command 'cmd''

> Task :react-native-safe-area-context:generateCodegenArtifactsFromSchema
Caching disabled for task ':react-native-safe-area-context:generateCodegenArtifactsFromSchema' because:
  Build cache is disabled
  Caching has not been enabled for the task
Task ':react-native-safe-area-context:generateCodegenArtifactsFromSchema' is not up-to-date because:
  Output property 'generatedJavaFiles' file F:\git-repos\heal-log\frontend\node_modules\react-native-safe-area-context\android\build\generated\source\codegen\java has been removed.
  Output property 'generatedJavaFiles' file F:\git-repos\heal-log\frontend\node_modules\react-native-safe-area-context\android\build\generated\source\codegen\java\com has been removed.
  Output property 'generatedJavaFiles' file F:\git-repos\heal-log\frontend\node_modules\react-native-safe-area-context\android\build\generated\source\codegen\java\com\facebook has been removed.
  and more...
Starting process 'command 'cmd''. Working directory: F:\git-repos\heal-log\frontend\node_modules\react-native-safe-area-context\android Command: cmd /c node ..\..\react-native\scripts\generate-specs-cli.js --platform android --schemaPath build\generated\source\codegen\schema.json --outputDir build\generated\source\codegen --libraryName safeareacontext --javaPackageName com.th3rdwave.safeareacontext
Successfully started process 'command 'cmd''

> Task :react-native-screens:generateCodegenArtifactsFromSchema
Caching disabled for task ':react-native-screens:generateCodegenArtifactsFromSchema' because:
  Build cache is disabled
  Caching has not been enabled for the task
Task ':react-native-screens:generateCodegenArtifactsFromSchema' is not up-to-date because:
  Output property 'generatedJavaFiles' file F:\git-repos\heal-log\frontend\node_modules\react-native-screens\android\build\generated\source\codegen\java has been removed.
  Output property 'generatedJavaFiles' file F:\git-repos\heal-log\frontend\node_modules\react-native-screens\android\build\generated\source\codegen\java\com has been removed.
  Output property 'generatedJavaFiles' file F:\git-repos\heal-log\frontend\node_modules\react-native-screens\android\build\generated\source\codegen\java\com\facebook has been removed.
  and more...
Starting process 'command 'cmd''. Working directory: F:\git-repos\heal-log\frontend\node_modules\react-native-screens\android Command: cmd /c node ..\..\react-native\scripts\generate-specs-cli.js --platform android --schemaPath build\generated\source\codegen\schema.json --outputDir build\generated\source\codegen --libraryName rnscreens --javaPackageName com.swmansion.rnscreens
Successfully started process 'command 'cmd''

> Task :react-native-worklets:generateCodegenArtifactsFromSchema
Caching disabled for task ':react-native-worklets:generateCodegenArtifactsFromSchema' because:
  Build cache is disabled
  Caching has not been enabled for the task
Task ':react-native-worklets:generateCodegenArtifactsFromSchema' is not up-to-date because:
  Output property 'generatedJavaFiles' file F:\git-repos\heal-log\frontend\node_modules\react-native-worklets\android\build\generated\source\codegen\java has been removed.
  Output property 'generatedJavaFiles' file F:\git-repos\heal-log\frontend\node_modules\react-native-worklets\android\build\generated\source\codegen\java\com has been removed.
  Output property 'generatedJavaFiles' file F:\git-repos\heal-log\frontend\node_modules\react-native-worklets\android\build\generated\source\codegen\java\com\swmansion has been removed.
  and more...
Starting process 'command 'cmd''. Working directory: F:\git-repos\heal-log\frontend\node_modules\react-native-worklets\android Command: cmd /c node ..\..\react-native\scripts\generate-specs-cli.js --platform android --schemaPath build\generated\source\codegen\schema.json --outputDir build\generated\source\codegen --libraryName rnworklets --javaPackageName com.swmansion.worklets
Successfully started process 'command 'cmd''

> Task :app:createBundleReleaseJsAndAssets FAILED
Caching disabled for task ':app:createBundleReleaseJsAndAssets' because:
  Build cache is disabled
  Caching has not been enabled for the task
Task ':app:createBundleReleaseJsAndAssets' is not up-to-date because:
  Task has failed previously.
Starting process 'command 'cmd''. Working directory: F:\git-repos\heal-log\frontend Command: cmd /c node node_modules\@expo\cli\build\bin\cli export:embed --platform android --dev false --reset-cache --entry-file node_modules\expo-router\entry.js --bundle-output android\app\build\generated\assets\createBundleReleaseJsAndAssets\index.android.bundle --assets-dest android\app\build\generated\res\createBundleReleaseJsAndAssets --sourcemap-output android\app\build\intermediates\sourcemaps\react\release\index.android.bundle.packager.map --minify false --verbose
Successfully started process 'command 'cmd''
PluginError: Failed to resolve plugin for module "expo-notifications" relative to "F:\git-repos\heal-log\frontend". Do you have node modules installed?
PluginError: Failed to resolve plugin for module "expo-notifications" relative to "F:\git-repos\heal-log\frontend". Do you have node modules installed?
    at resolvePluginForModule (F:\git-repos\heal-log\frontend\node_modules\@expo\config-plugins\src\utils\plugin-resolver.ts:52:9)
    at resolveConfigPluginFunctionWithInfo (F:\git-repos\heal-log\frontend\node_modules\@expo\config-plugins\src\utils\plugin-resolver.ts:110:50)
    at resolveConfigPluginFunction (F:\git-repos\heal-log\frontend\node_modules\@expo\config-plugins\src\utils\plugin-resolver.ts:104:22)
    at withStaticPlugin (F:\git-repos\heal-log\frontend\node_modules\@expo\config-plugins\src\plugins\withStaticPlugin.ts:79:47)
    at reduce (F:\git-repos\heal-log\frontend\node_modules\@expo\config-plugins\src\plugins\withPlugins.ts:20:59)
    at Array.reduce (<anonymous>)
    at withPlugins (F:\git-repos\heal-log\frontend\node_modules\@expo\config-plugins\src\plugins\withPlugins.ts:20:18)
    at withConfigPlugins (F:\git-repos\heal-log\frontend\node_modules\@expo\config\src\plugins\withConfigPlugins.ts:19:25)
    at fillAndReturnConfig (F:\git-repos\heal-log\frontend\node_modules\@expo\config\src\Config.ts:152:52)
    at getConfig (F:\git-repos\heal-log\frontend\node_modules\@expo\config\src\Config.ts:217:10)

> Task :expo-modules-core:buildCMakeRelWithDebInfo[arm64-v8a]
Caching disabled for task ':expo-modules-core:buildCMakeRelWithDebInfo[arm64-v8a]' because:
  Build cache is disabled
  Caching has been disabled for the task
Task ':expo-modules-core:buildCMakeRelWithDebInfo[arm64-v8a]' is not up-to-date because:
  Task.upToDateWhen is false.
C/C++: starting build
C/C++: reading expected JSONs
C/C++: done reading expected JSONs
C/C++: executing build commands for targets that produce .so files or executables
C/C++: evaluate miniconfig
C/C++: evaluate library fabric (arm64-v8a)
C/C++: not building target library fabric because static libraries are not build by default.
C/C++: evaluate library expo-modules-core (arm64-v8a)
C/C++: building target library expo-modules-core because no targets are specified.
C/C++: about to build targets expo-modules-core
C/C++: Build expo-modules-core
C/C++: @echo off
"C:\\Users\\nghar\\AppData\\Local\\Android\\Sdk\\cmake\\3.22.1\\bin\\ninja.exe" ^
  -C ^
  "F:\\git-repos\\heal-log\\frontend\\node_modules\\expo-modules-core\\android\\.cxx\\RelWithDebInfo\\p5l4r321\\arm64-v8a" ^
  expo-modules-core

Starting process 'command 'C:\Users\nghar\AppData\Local\Android\Sdk\cmake\3.22.1\bin\ninja.exe''. Working directory: F:\git-repos\heal-log\frontend\node_modules\expo-modules-core\android Command: C:\Users\nghar\AppData\Local\Android\Sdk\cmake\3.22.1\bin\ninja.exe -C F:\git-repos\heal-log\frontend\node_modules\expo-modules-core\android\.cxx\RelWithDebInfo\p5l4r321\arm64-v8a expo-modules-core
Successfully started process 'command 'C:\Users\nghar\AppData\Local\Android\Sdk\cmake\3.22.1\bin\ninja.exe''

> Task :react-native-masked-view_masked-view:compileReleaseJavaWithJavac
Custom actions are attached to task ':react-native-masked-view_masked-view:compileReleaseJavaWithJavac'.
Caching disabled for task ':react-native-masked-view_masked-view:compileReleaseJavaWithJavac' because:
  Build cache is disabled
Task ':react-native-masked-view_masked-view:compileReleaseJavaWithJavac' is not up-to-date because:
  Output property 'destinationDirectory' file F:\git-repos\heal-log\frontend\node_modules\@react-native-masked-view\masked-view\android\build\intermediates\javac\release\compileReleaseJavaWithJavac\classes has been removed.
  Output property 'destinationDirectory' file F:\git-repos\heal-log\frontend\node_modules\@react-native-masked-view\masked-view\android\build\intermediates\javac\release\compileReleaseJavaWithJavac\classes\org has been removed.
  Output property 'destinationDirectory' file F:\git-repos\heal-log\frontend\node_modules\@react-native-masked-view\masked-view\android\build\intermediates\javac\release\compileReleaseJavaWithJavac\classes\org\reactnative has been removed.
  and more...
The input changes require a full rebuild for incremental task ':react-native-masked-view_masked-view:compileReleaseJavaWithJavac'.
Compilation mode: in-process compilation
Full recompilation is required because no incremental change information is available. This is usually caused by clean builds or changing compiler arguments.
Compiling with toolchain 'C:\Program Files\Java\jdk-22'.
file or directory 'F:\git-repos\heal-log\frontend\node_modules\@react-native-masked-view\masked-view\android\src\release\java', not found
Compiling with JDK Java compiler API.
Note: F:\git-repos\heal-log\frontend\node_modules\@react-native-masked-view\masked-view\android\src\main\java\org\reactnative\maskedview\RNCMaskedViewPackage.java uses or overrides a deprecated API.
Note: Recompile with -Xlint:deprecation for details.
Class dependency analysis for incremental compilation took 0.029 secs.
Created classpath snapshot for incremental compilation in 0.129 secs.

> Task :react-native-linear-gradient:compileReleaseJavaWithJavac
Custom actions are attached to task ':react-native-linear-gradient:compileReleaseJavaWithJavac'.
Caching disabled for task ':react-native-linear-gradient:compileReleaseJavaWithJavac' because:
  Build cache is disabled
Task ':react-native-linear-gradient:compileReleaseJavaWithJavac' is not up-to-date because:
  Output property 'destinationDirectory' file F:\git-repos\heal-log\frontend\node_modules\react-native-linear-gradient\android\build\intermediates\javac\release\compileReleaseJavaWithJavac\classes has been removed.
  Output property 'destinationDirectory' file F:\git-repos\heal-log\frontend\node_modules\react-native-linear-gradient\android\build\intermediates\javac\release\compileReleaseJavaWithJavac\classes\com has been removed.
  Output property 'destinationDirectory' file F:\git-repos\heal-log\frontend\node_modules\react-native-linear-gradient\android\build\intermediates\javac\release\compileReleaseJavaWithJavac\classes\com\BV has been removed.
  and more...
The input changes require a full rebuild for incremental task ':react-native-linear-gradient:compileReleaseJavaWithJavac'.
Compilation mode: in-process compilation
Full recompilation is required because no incremental change information is available. This is usually caused by clean builds or changing compiler arguments.
Compiling with toolchain 'C:\Program Files\Java\jdk-22'.
file or directory 'F:\git-repos\heal-log\frontend\node_modules\react-native-linear-gradient\android\src\release\java', not found
Compiling with JDK Java compiler API.
Note: F:\git-repos\heal-log\frontend\node_modules\react-native-linear-gradient\android\src\main\java\com\BV\LinearGradient\LinearGradientPackage.java uses or overrides a deprecated API.
Note: Recompile with -Xlint:deprecation for details.
Class dependency analysis for incremental compilation took 0.029 secs.
Created classpath snapshot for incremental compilation in 0.129 secs.

> Task :react-native-community_netinfo:compileReleaseJavaWithJavac
Custom actions are attached to task ':react-native-community_netinfo:compileReleaseJavaWithJavac'.
Caching disabled for task ':react-native-community_netinfo:compileReleaseJavaWithJavac' because:
  Build cache is disabled
Task ':react-native-community_netinfo:compileReleaseJavaWithJavac' is not up-to-date because:
  Output property 'destinationDirectory' file F:\git-repos\heal-log\frontend\node_modules\@react-native-community\netinfo\android\build\intermediates\javac\release\compileReleaseJavaWithJavac\classes has been removed.
  Output property 'destinationDirectory' file F:\git-repos\heal-log\frontend\node_modules\@react-native-community\netinfo\android\build\intermediates\javac\release\compileReleaseJavaWithJavac\classes\com has been removed.
  Output property 'destinationDirectory' file F:\git-repos\heal-log\frontend\node_modules\@react-native-community\netinfo\android\build\intermediates\javac\release\compileReleaseJavaWithJavac\classes\com\reactnativecommunity has been removed.
  and more...
The input changes require a full rebuild for incremental task ':react-native-community_netinfo:compileReleaseJavaWithJavac'.
Compilation mode: in-process compilation
Full recompilation is required because no incremental change information is available. This is usually caused by clean builds or changing compiler arguments.
Compiling with toolchain 'C:\Program Files\Java\jdk-22'.
file or directory 'F:\git-repos\heal-log\frontend\node_modules\@react-native-community\netinfo\android\src\release\java', not found
Compiling with JDK Java compiler API.
F:\git-repos\heal-log\frontend\node_modules\@react-native-community\netinfo\android\src\main\java\com\reactnativecommunity\netinfo\NetInfoModule.java:47: warning: [removal] onCatalystInstanceDestroy() in NativeModule has been deprecated and marked for removal
    public void onCatalystInstanceDestroy() {
                ^
Note: Some input files use or override a deprecated API.
Note: Recompile with -Xlint:deprecation for details.
Class dependency analysis for incremental compilation took 0.012 secs.
Created classpath snapshot for incremental compilation in 0.019 secs.
1 warning

> Task :nozbe_watermelondb:compileReleaseJavaWithJavac
Custom actions are attached to task ':nozbe_watermelondb:compileReleaseJavaWithJavac'.
Caching disabled for task ':nozbe_watermelondb:compileReleaseJavaWithJavac' because:
  Build cache is disabled
Task ':nozbe_watermelondb:compileReleaseJavaWithJavac' is not up-to-date because:
  Output property 'destinationDirectory' file F:\git-repos\heal-log\frontend\node_modules\@nozbe\watermelondb\native\android\build\intermediates\javac\release\compileReleaseJavaWithJavac\classes has been removed.
  Output property 'destinationDirectory' file F:\git-repos\heal-log\frontend\node_modules\@nozbe\watermelondb\native\android\build\intermediates\javac\release\compileReleaseJavaWithJavac\classes\com has been removed.
  Output property 'destinationDirectory' file F:\git-repos\heal-log\frontend\node_modules\@nozbe\watermelondb\native\android\build\intermediates\javac\release\compileReleaseJavaWithJavac\classes\com\nozbe has been removed.
  and more...
The input changes require a full rebuild for incremental task ':nozbe_watermelondb:compileReleaseJavaWithJavac'.
Compilation mode: default, forking compiler
Full recompilation is required because no incremental change information is available. This is usually caused by clean builds or changing compiler arguments.
Compiling with toolchain 'C:\Users\nghar\.gradle\jdks\eclipse_adoptium-17-amd64-windows.2'.
file or directory 'F:\git-repos\heal-log\frontend\node_modules\@nozbe\watermelondb\native\android\src\release\java', not found
Starting process 'Gradle Worker Daemon 1'. Working directory: C:\Users\nghar\.gradle\workers Command: C:\Users\nghar\.gradle\jdks\eclipse_adoptium-17-amd64-windows.2\bin\java.exe --add-exports=jdk.compiler/com.sun.tools.javac.api=ALL-UNNAMED --add-exports=jdk.compiler/com.sun.tools.javac.util=ALL-UNNAMED @C:\Users\nghar\.gradle\.tmp\gradle-worker-classpath6625860971448711641txt -Xmx512m -Dfile.encoding=UTF-8 -Duser.country=IN -Duser.language=en -Duser.variant worker.org.gradle.process.internal.worker.GradleWorkerMain 'Gradle Worker Daemon 1'
Successfully started process 'Gradle Worker Daemon 1'
Started Gradle worker daemon (15.397 secs) with fork options DaemonForkOptions{executable=C:\Users\nghar\.gradle\jdks\eclipse_adoptium-17-amd64-windows.2\bin\java.exe, minHeapSize=null, maxHeapSize=null, jvmArgs=[--add-exports=jdk.compiler/com.sun.tools.javac.api=ALL-UNNAMED, --add-exports=jdk.compiler/com.sun.tools.javac.util=ALL-UNNAMED], keepAliveMode=DAEMON}.

This JVM does not support getting OS memory, so no OS memory status updates will be broadcast

> Task :nozbe_watermelondb:compileReleaseJavaWithJavac
Compiling with JDK Java compiler API.
F:\git-repos\heal-log\frontend\node_modules\@nozbe\watermelondb\native\android\src\main\java\com\nozbe\watermelondb\WMDatabaseBridge.java:267: warning: [removal] onCatalystInstanceDestroy() in NativeModule has been deprecated and marked for removal
    public void onCatalystInstanceDestroy() {
                ^
F:\git-repos\heal-log\frontend\node_modules\@nozbe\watermelondb\native\android\src\main\java\com\nozbe\watermelondb\WMDatabaseBridge.java:269: warning: [removal] onCatalystInstanceDestroy() in NativeModule has been deprecated and marked for removal
        super.onCatalystInstanceDestroy();
             ^
Note: F:\git-repos\heal-log\frontend\node_modules\@nozbe\watermelondb\native\android\src\main\java\com\nozbe\watermelondb\WatermelonDBPackage.java uses or overrides a deprecated API.
Note: Recompile with -Xlint:deprecation for details.
Class dependency analysis for incremental compilation took 0.014 secs.
2 warnings
Created classpath snapshot for incremental compilation in 0.013 secs.

> Task :expo-modules-core:buildCMakeRelWithDebInfo[arm64-v8a]
C/C++: Received process result: 0
C/C++: check expected build outputs
C/C++: Hard link from 'C:\Users\nghar\.gradle\caches\8.14.3\transforms\8dd563c36fdc8ed25724b885e60d3aa7\transformed\react-android-0.81.5-release\prefab\modules\reactnative\libs\android.arm64-v8a\libreactnative.so' to 'F:\git-repos\heal-log\frontend\node_modules\expo-modules-core\android\build\intermediates\cxx\RelWithDebInfo\p5l4r321\obj\arm64-v8a\libreactnative.so' failed. Doing a slower copy instead.
C/C++: Hard link from 'C:\Users\nghar\.gradle\caches\8.14.3\transforms\8dd563c36fdc8ed25724b885e60d3aa7\transformed\react-android-0.81.5-release\prefab\modules\reactnative\libs\android.arm64-v8a\libreactnative.so' to 'F:\git-repos\heal-log\frontend\node_modules\expo-modules-core\android\build\intermediates\cxx\RelWithDebInfo\p5l4r321\obj\arm64-v8a\libreactnative.so' failed. Doing a slower copy instead.
C/C++: build complete
Build c628186a-287b-4181-ab7d-b54facaa0c6c is closed
Build 4681aab7-5e4c-4d0f-9b82-52109c50eeaa is closed
Build 7e90d4b5-6dba-4781-ae7b-3acc3373a7a9 is closed
Build 16c310f9-1dd8-4ef0-b96d-50be0f737616 is closed

[Incubating] Problems report is available at: file:///F:/git-repos/heal-log/frontend/android/build/reports/problems/problems-report.html

FAILURE: Build completed with 2 failures.

1: Task failed with an exception.
-----------
* What went wrong:
Execution failed for task ':expo-constants:createExpoConfig'.
> Process 'command 'cmd'' finished with non-zero exit value 1

* Try:
> Run with --stacktrace option to get the stack trace.
> Run with --debug option to get more log output.
> Run with --scan to get full insights.
> Get more help at https://help.gradle.org.
==============================================================================

2: Task failed with an exception.
-----------
* What went wrong:
Execution failed for task ':app:createBundleReleaseJsAndAssets'.
> Process 'command 'cmd'' finished with non-zero exit value 1

* Try:
> Run with --stacktrace option to get the stack trace.
> Run with --debug option to get more log output.
> Run with --scan to get full insights.
> Get more help at https://help.gradle.org.
==============================================================================

Deprecated Gradle features were used in this build, making it incompatible with Gradle 9.0.

You can use '--warning-mode all' to show the individual deprecation warnings and determine if they come from your own scripts or plugins.

For more on this, please refer to https://docs.gradle.org/8.14.3/userguide/command_line_interface.html#sec:command_line_warnings in the Gradle documentation.

BUILD FAILED in 37s
105 actionable tasks: 42 executed, 63 up-to-date
Some of the file system contents retained in the virtual file system are on file systems that Gradle doesn't support watching. The relevant state was discarded to ensure changes to these locations are properly detected. You can override this by explicitly enabling file system watching.
Watched directory hierarchies: []
